INFO - 2024-01-28 15:35:22 --> Session: Class initialized using 'CodeIgniter\Session\Handlers\FileHandler' driver.
INFO - 2024-01-28 15:35:27 --> CSRF token verified.
INFO - 2024-01-28 15:35:28 --> Session: Class initialized using 'CodeIgniter\Session\Handlers\FileHandler' driver.
INFO - 2024-01-28 15:35:28 --> Session: Class initialized using 'CodeIgniter\Session\Handlers\FileHandler' driver.
INFO - 2024-01-28 15:35:32 --> Session: Class initialized using 'CodeIgniter\Session\Handlers\FileHandler' driver.
INFO - 2024-01-28 15:50:45 --> Session: Class initialized using 'CodeIgniter\Session\Handlers\FileHandler' driver.
INFO - 2024-01-28 15:50:46 --> Session: Class initialized using 'CodeIgniter\Session\Handlers\FileHandler' driver.
CRITICAL - 2024-01-28 15:50:46 --> Undefined variable $semua_prodi
in APPPATH\Views\prodi\v_prodi.php on line 55.
 1 APPPATH\Views\prodi\v_prodi.php(55): CodeIgniter\Debug\Exceptions->errorHandler(2, 'Undefined variable $semua_prodi', 'C:\\laragon\\www\\direktoratkemahasiswaanci\\app\\Views\\prodi\\v_prodi.php', 55)
 2 SYSTEMPATH\View\View.php(226): include('C:\\laragon\\www\\direktoratkemahasiswaanci\\app\\Views\\prodi\\v_prodi.php')
 3 SYSTEMPATH\View\View.php(229): CodeIgniter\View\View->CodeIgniter\View\{closure}()
 4 SYSTEMPATH\Common.php(1188): CodeIgniter\View\View->render('prodi/v_prodi', [], true)
 5 APPPATH\Controllers\Berita.php(26): view('prodi/v_prodi', [...])
 6 SYSTEMPATH\CodeIgniter.php(919): App\Controllers\Berita->index()
 7 SYSTEMPATH\CodeIgniter.php(494): CodeIgniter\CodeIgniter->runController(Object(App\Controllers\Berita))
 8 SYSTEMPATH\CodeIgniter.php(353): CodeIgniter\CodeIgniter->handleRequest(null, Object(Config\Cache), false)
 9 FCPATH\index.php(79): CodeIgniter\CodeIgniter->run()
10 SYSTEMPATH\Commands\Server\rewrite.php(47): require_once('C:\\laragon\\www\\direktoratkemahasiswaanci\\public\\index.php')
INFO - 2024-01-28 15:51:21 --> Session: Class initialized using 'CodeIgniter\Session\Handlers\FileHandler' driver.
CRITICAL - 2024-01-28 15:51:21 --> Undefined variable $semua_prodi
in APPPATH\Views\berita\v_berita.php on line 55.
 1 APPPATH\Views\berita\v_berita.php(55): CodeIgniter\Debug\Exceptions->errorHandler(2, 'Undefined variable $semua_prodi', 'C:\\laragon\\www\\direktoratkemahasiswaanci\\app\\Views\\berita\\v_berita.php', 55)
 2 SYSTEMPATH\View\View.php(226): include('C:\\laragon\\www\\direktoratkemahasiswaanci\\app\\Views\\berita\\v_berita.php')
 3 SYSTEMPATH\View\View.php(229): CodeIgniter\View\View->CodeIgniter\View\{closure}()
 4 SYSTEMPATH\Common.php(1188): CodeIgniter\View\View->render('berita/v_berita', [], true)
 5 APPPATH\Controllers\Berita.php(26): view('berita/v_berita', [...])
 6 SYSTEMPATH\CodeIgniter.php(919): App\Controllers\Berita->index()
 7 SYSTEMPATH\CodeIgniter.php(494): CodeIgniter\CodeIgniter->runController(Object(App\Controllers\Berita))
 8 SYSTEMPATH\CodeIgniter.php(353): CodeIgniter\CodeIgniter->handleRequest(null, Object(Config\Cache), false)
 9 FCPATH\index.php(79): CodeIgniter\CodeIgniter->run()
10 SYSTEMPATH\Commands\Server\rewrite.php(47): require_once('C:\\laragon\\www\\direktoratkemahasiswaanci\\public\\index.php')
INFO - 2024-01-28 15:54:30 --> Session: Class initialized using 'CodeIgniter\Session\Handlers\FileHandler' driver.
