ERROR - 2024-02-17 06:36:59 --> Error connecting to the database: mysqli_sql_exception: No connection could be made because the target machine actively refused it in C:\laragon\www\direktoratkemahasiswaanci\system\Database\MySQLi\Connection.php:185
Stack trace:
#0 C:\laragon\www\direktoratkemahasiswaanci\system\Database\MySQLi\Connection.php(185): mysqli->real_connect('localhost', 'root', '', 'direktoratkemah...', 3306, '', 0)
#1 C:\laragon\www\direktoratkemahasiswaanci\system\Database\BaseConnection.php(391): CodeIgniter\Database\MySQLi\Connection->connect(false)
#2 C:\laragon\www\direktoratkemahasiswaanci\system\Database\BaseConnection.php(574): CodeIgniter\Database\BaseConnection->initialize()
#3 C:\laragon\www\direktoratkemahasiswaanci\system\Database\BaseBuilder.php(2308): CodeIgniter\Database\BaseConnection->query('INSERT INTO `ku...', Array, false)
#4 C:\laragon\www\direktoratkemahasiswaanci\system\Model.php(319): CodeIgniter\Database\BaseBuilder->insert()
#5 C:\laragon\www\direktoratkemahasiswaanci\system\BaseModel.php(788): CodeIgniter\Model->doInsert(Array)
#6 C:\laragon\www\direktoratkemahasiswaanci\system\Model.php(715): CodeIgniter\BaseModel->insert(Array, true)
#7 C:\laragon\www\direktoratkemahasiswaanci\app\Controllers\Home.php(27): CodeIgniter\Model->insert(Array)
#8 C:\laragon\www\direktoratkemahasiswaanci\system\CodeIgniter.php(919): App\Controllers\Home->index()
#9 C:\laragon\www\direktoratkemahasiswaanci\system\CodeIgniter.php(494): CodeIgniter\CodeIgniter->runController(Object(App\Controllers\Home))
#10 C:\laragon\www\direktoratkemahasiswaanci\system\CodeIgniter.php(353): CodeIgniter\CodeIgniter->handleRequest(NULL, Object(Config\Cache), false)
#11 C:\laragon\www\direktoratkemahasiswaanci\public\index.php(79): CodeIgniter\CodeIgniter->run()
#12 C:\laragon\www\direktoratkemahasiswaanci\system\Commands\Server\rewrite.php(47): require_once('C:\\laragon\\www\\...')
#13 {main}

Next CodeIgniter\Database\Exceptions\DatabaseException: No connection could be made because the target machine actively refused it in C:\laragon\www\direktoratkemahasiswaanci\system\Database\MySQLi\Connection.php:229
Stack trace:
#0 C:\laragon\www\direktoratkemahasiswaanci\system\Database\BaseConnection.php(391): CodeIgniter\Database\MySQLi\Connection->connect(false)
#1 C:\laragon\www\direktoratkemahasiswaanci\system\Database\BaseConnection.php(574): CodeIgniter\Database\BaseConnection->initialize()
#2 C:\laragon\www\direktoratkemahasiswaanci\system\Database\BaseBuilder.php(2308): CodeIgniter\Database\BaseConnection->query('INSERT INTO `ku...', Array, false)
#3 C:\laragon\www\direktoratkemahasiswaanci\system\Model.php(319): CodeIgniter\Database\BaseBuilder->insert()
#4 C:\laragon\www\direktoratkemahasiswaanci\system\BaseModel.php(788): CodeIgniter\Model->doInsert(Array)
#5 C:\laragon\www\direktoratkemahasiswaanci\system\Model.php(715): CodeIgniter\BaseModel->insert(Array, true)
#6 C:\laragon\www\direktoratkemahasiswaanci\app\Controllers\Home.php(27): CodeIgniter\Model->insert(Array)
#7 C:\laragon\www\direktoratkemahasiswaanci\system\CodeIgniter.php(919): App\Controllers\Home->index()
#8 C:\laragon\www\direktoratkemahasiswaanci\system\CodeIgniter.php(494): CodeIgniter\CodeIgniter->runController(Object(App\Controllers\Home))
#9 C:\laragon\www\direktoratkemahasiswaanci\system\CodeIgniter.php(353): CodeIgniter\CodeIgniter->handleRequest(NULL, Object(Config\Cache), false)
#10 C:\laragon\www\direktoratkemahasiswaanci\public\index.php(79): CodeIgniter\CodeIgniter->run()
#11 C:\laragon\www\direktoratkemahasiswaanci\system\Commands\Server\rewrite.php(47): require_once('C:\\laragon\\www\\...')
#12 {main}
CRITICAL - 2024-02-17 06:36:59 --> Unable to connect to the database.
Main connection [MySQLi]: No connection could be made because the target machine actively refused it
in SYSTEMPATH\Database\BaseConnection.php on line 427.
 1 SYSTEMPATH\Database\BaseConnection.php(574): CodeIgniter\Database\BaseConnection->initialize()
 2 SYSTEMPATH\Database\BaseBuilder.php(2308): CodeIgniter\Database\BaseConnection->query('INSERT INTO `kunjungan` (`kunjungan_nama`) VALUES (:kunjungan_nama:)', [...], false)
 3 SYSTEMPATH\Model.php(319): CodeIgniter\Database\BaseBuilder->insert()
 4 SYSTEMPATH\BaseModel.php(788): CodeIgniter\Model->doInsert([...])
 5 SYSTEMPATH\Model.php(715): CodeIgniter\BaseModel->insert([...], true)
 6 APPPATH\Controllers\Home.php(27): CodeIgniter\Model->insert([...])
 7 SYSTEMPATH\CodeIgniter.php(919): App\Controllers\Home->index()
 8 SYSTEMPATH\CodeIgniter.php(494): CodeIgniter\CodeIgniter->runController(Object(App\Controllers\Home))
 9 SYSTEMPATH\CodeIgniter.php(353): CodeIgniter\CodeIgniter->handleRequest(null, Object(Config\Cache), false)
10 FCPATH\index.php(79): CodeIgniter\CodeIgniter->run()
11 SYSTEMPATH\Commands\Server\rewrite.php(47): require_once('C:\\laragon\\www\\direktoratkemahasiswaanci\\public\\index.php')
INFO - 2024-02-17 07:25:22 --> Session: Class initialized using 'CodeIgniter\Session\Handlers\FileHandler' driver.
INFO - 2024-02-17 07:25:22 --> Session: Class initialized using 'CodeIgniter\Session\Handlers\FileHandler' driver.
INFO - 2024-02-17 07:25:26 --> CSRF token verified.
INFO - 2024-02-17 07:25:26 --> Session: Class initialized using 'CodeIgniter\Session\Handlers\FileHandler' driver.
INFO - 2024-02-17 07:25:26 --> Session: Class initialized using 'CodeIgniter\Session\Handlers\FileHandler' driver.
INFO - 2024-02-17 07:25:28 --> Session: Class initialized using 'CodeIgniter\Session\Handlers\FileHandler' driver.
INFO - 2024-02-17 07:27:30 --> Session: Class initialized using 'CodeIgniter\Session\Handlers\FileHandler' driver.
INFO - 2024-02-17 07:27:31 --> Session: Class initialized using 'CodeIgniter\Session\Handlers\FileHandler' driver.
INFO - 2024-02-17 07:27:34 --> Session: Class initialized using 'CodeIgniter\Session\Handlers\FileHandler' driver.
