ERROR - 2024-05-17 09:51:43 --> mysqli_sql_exception: You have an error in your SQL syntax; check the manual that corresponds to your MySQL server version for the right syntax to use near '' at line 1 in C:\laragon\www\pendidikannonformal\system\Database\MySQLi\Connection.php:306
Stack trace:
#0 C:\laragon\www\pendidikannonformal\system\Database\MySQLi\Connection.php(306): mysqli->query('SELECT * FROM m...', 0)
#1 C:\laragon\www\pendidikannonformal\system\Database\BaseConnection.php(692): CodeIgniter\Database\MySQLi\Connection->execute('SELECT * FROM m...')
#2 C:\laragon\www\pendidikannonformal\system\Database\BaseConnection.php(606): CodeIgniter\Database\BaseConnection->simpleQuery('SELECT * FROM m...')
#3 C:\laragon\www\pendidikannonformal\app\Views\layout_front_end\template.php(179): CodeIgniter\Database\BaseConnection->query('SELECT * FROM m...')
#4 C:\laragon\www\pendidikannonformal\system\View\View.php(226): include('C:\\laragon\\www\\...')
#5 C:\laragon\www\pendidikannonformal\system\View\View.php(229): CodeIgniter\View\View->CodeIgniter\View\{closure}()
#6 C:\laragon\www\pendidikannonformal\system\View\View.php(242): CodeIgniter\View\View->render('layout_front_en...', Array, true)
#7 C:\laragon\www\pendidikannonformal\system\Common.php(1188): CodeIgniter\View\View->render('home/v_home', Array, true)
#8 C:\laragon\www\pendidikannonformal\app\Controllers\Home.php(48): view('home/v_home', Array)
#9 C:\laragon\www\pendidikannonformal\system\CodeIgniter.php(919): App\Controllers\Home->index()
#10 C:\laragon\www\pendidikannonformal\system\CodeIgniter.php(494): CodeIgniter\CodeIgniter->runController(Object(App\Controllers\Home))
#11 C:\laragon\www\pendidikannonformal\system\CodeIgniter.php(353): CodeIgniter\CodeIgniter->handleRequest(NULL, Object(Config\Cache), false)
#12 C:\laragon\www\pendidikannonformal\public\index.php(79): CodeIgniter\CodeIgniter->run()
#13 C:\laragon\www\pendidikannonformal\system\Commands\Server\rewrite.php(47): require_once('C:\\laragon\\www\\...')
#14 {main}
CRITICAL - 2024-05-17 09:51:43 --> You have an error in your SQL syntax; check the manual that corresponds to your MySQL server version for the right syntax to use near '' at line 1
in SYSTEMPATH\Database\BaseConnection.php on line 646.
 1 APPPATH\Views\layout_front_end\template.php(179): CodeIgniter\Database\BaseConnection->query('SELECT * FROM menu WHERE main_menu = ')
 2 SYSTEMPATH\View\View.php(226): include('C:\\laragon\\www\\pendidikannonformal\\app\\Views\\layout_front_end\\template.php')
 3 SYSTEMPATH\View\View.php(229): CodeIgniter\View\View->CodeIgniter\View\{closure}()
 4 SYSTEMPATH\View\View.php(242): CodeIgniter\View\View->render('layout_front_end/template', [], true)
 5 SYSTEMPATH\Common.php(1188): CodeIgniter\View\View->render('home/v_home', [], true)
 6 APPPATH\Controllers\Home.php(48): view('home/v_home', [...])
 7 SYSTEMPATH\CodeIgniter.php(919): App\Controllers\Home->index()
 8 SYSTEMPATH\CodeIgniter.php(494): CodeIgniter\CodeIgniter->runController(Object(App\Controllers\Home))
 9 SYSTEMPATH\CodeIgniter.php(353): CodeIgniter\CodeIgniter->handleRequest(null, Object(Config\Cache), false)
10 FCPATH\index.php(79): CodeIgniter\CodeIgniter->run()
11 SYSTEMPATH\Commands\Server\rewrite.php(47): require_once('C:\\laragon\\www\\pendidikannonformal\\public\\index.php')
ERROR - 2024-05-17 09:52:57 --> mysqli_sql_exception: Unknown column '$menu_id' in 'where clause' in C:\laragon\www\pendidikannonformal\system\Database\MySQLi\Connection.php:306
Stack trace:
#0 C:\laragon\www\pendidikannonformal\system\Database\MySQLi\Connection.php(306): mysqli->query('SELECT * FROM m...', 0)
#1 C:\laragon\www\pendidikannonformal\system\Database\BaseConnection.php(692): CodeIgniter\Database\MySQLi\Connection->execute('SELECT * FROM m...')
#2 C:\laragon\www\pendidikannonformal\system\Database\BaseConnection.php(606): CodeIgniter\Database\BaseConnection->simpleQuery('SELECT * FROM m...')
#3 C:\laragon\www\pendidikannonformal\app\Views\layout_front_end\template.php(179): CodeIgniter\Database\BaseConnection->query('SELECT * FROM m...')
#4 C:\laragon\www\pendidikannonformal\system\View\View.php(226): include('C:\\laragon\\www\\...')
#5 C:\laragon\www\pendidikannonformal\system\View\View.php(229): CodeIgniter\View\View->CodeIgniter\View\{closure}()
#6 C:\laragon\www\pendidikannonformal\system\View\View.php(242): CodeIgniter\View\View->render('layout_front_en...', Array, true)
#7 C:\laragon\www\pendidikannonformal\system\Common.php(1188): CodeIgniter\View\View->render('home/v_home', Array, true)
#8 C:\laragon\www\pendidikannonformal\app\Controllers\Home.php(48): view('home/v_home', Array)
#9 C:\laragon\www\pendidikannonformal\system\CodeIgniter.php(919): App\Controllers\Home->index()
#10 C:\laragon\www\pendidikannonformal\system\CodeIgniter.php(494): CodeIgniter\CodeIgniter->runController(Object(App\Controllers\Home))
#11 C:\laragon\www\pendidikannonformal\system\CodeIgniter.php(353): CodeIgniter\CodeIgniter->handleRequest(NULL, Object(Config\Cache), false)
#12 C:\laragon\www\pendidikannonformal\public\index.php(79): CodeIgniter\CodeIgniter->run()
#13 C:\laragon\www\pendidikannonformal\system\Commands\Server\rewrite.php(47): require_once('C:\\laragon\\www\\...')
#14 {main}
CRITICAL - 2024-05-17 09:52:57 --> Unknown column '$menu_id' in 'where clause'
in SYSTEMPATH\Database\BaseConnection.php on line 646.
 1 APPPATH\Views\layout_front_end\template.php(179): CodeIgniter\Database\BaseConnection->query('SELECT * FROM menu WHERE main_menu = $menu_id')
 2 SYSTEMPATH\View\View.php(226): include('C:\\laragon\\www\\pendidikannonformal\\app\\Views\\layout_front_end\\template.php')
 3 SYSTEMPATH\View\View.php(229): CodeIgniter\View\View->CodeIgniter\View\{closure}()
 4 SYSTEMPATH\View\View.php(242): CodeIgniter\View\View->render('layout_front_end/template', [], true)
 5 SYSTEMPATH\Common.php(1188): CodeIgniter\View\View->render('home/v_home', [], true)
 6 APPPATH\Controllers\Home.php(48): view('home/v_home', [...])
 7 SYSTEMPATH\CodeIgniter.php(919): App\Controllers\Home->index()
 8 SYSTEMPATH\CodeIgniter.php(494): CodeIgniter\CodeIgniter->runController(Object(App\Controllers\Home))
 9 SYSTEMPATH\CodeIgniter.php(353): CodeIgniter\CodeIgniter->handleRequest(null, Object(Config\Cache), false)
10 FCPATH\index.php(79): CodeIgniter\CodeIgniter->run()
11 SYSTEMPATH\Commands\Server\rewrite.php(47): require_once('C:\\laragon\\www\\pendidikannonformal\\public\\index.php')
ERROR - 2024-05-17 09:54:55 --> mysqli_sql_exception: Unknown column '' in 'where clause' in C:\laragon\www\pendidikannonformal\system\Database\MySQLi\Connection.php:306
Stack trace:
#0 C:\laragon\www\pendidikannonformal\system\Database\MySQLi\Connection.php(306): mysqli->query('SELECT * FROM `...', 0)
#1 C:\laragon\www\pendidikannonformal\system\Database\BaseConnection.php(692): CodeIgniter\Database\MySQLi\Connection->execute('SELECT * FROM `...')
#2 C:\laragon\www\pendidikannonformal\system\Database\BaseConnection.php(606): CodeIgniter\Database\BaseConnection->simpleQuery('SELECT * FROM `...')
#3 C:\laragon\www\pendidikannonformal\app\Views\layout_front_end\template.php(179): CodeIgniter\Database\BaseConnection->query('SELECT * FROM `...')
#4 C:\laragon\www\pendidikannonformal\system\View\View.php(226): include('C:\\laragon\\www\\...')
#5 C:\laragon\www\pendidikannonformal\system\View\View.php(229): CodeIgniter\View\View->CodeIgniter\View\{closure}()
#6 C:\laragon\www\pendidikannonformal\system\View\View.php(242): CodeIgniter\View\View->render('layout_front_en...', Array, true)
#7 C:\laragon\www\pendidikannonformal\system\Common.php(1188): CodeIgniter\View\View->render('home/v_home', Array, true)
#8 C:\laragon\www\pendidikannonformal\app\Controllers\Home.php(48): view('home/v_home', Array)
#9 C:\laragon\www\pendidikannonformal\system\CodeIgniter.php(919): App\Controllers\Home->index()
#10 C:\laragon\www\pendidikannonformal\system\CodeIgniter.php(494): CodeIgniter\CodeIgniter->runController(Object(App\Controllers\Home))
#11 C:\laragon\www\pendidikannonformal\system\CodeIgniter.php(353): CodeIgniter\CodeIgniter->handleRequest(NULL, Object(Config\Cache), false)
#12 C:\laragon\www\pendidikannonformal\public\index.php(79): CodeIgniter\CodeIgniter->run()
#13 C:\laragon\www\pendidikannonformal\system\Commands\Server\rewrite.php(47): require_once('C:\\laragon\\www\\...')
#14 {main}
CRITICAL - 2024-05-17 09:54:55 --> Unknown column '' in 'where clause'
in SYSTEMPATH\Database\BaseConnection.php on line 646.
 1 APPPATH\Views\layout_front_end\template.php(179): CodeIgniter\Database\BaseConnection->query('SELECT * FROM `menu` WHERE `main_menu` = ``')
 2 SYSTEMPATH\View\View.php(226): include('C:\\laragon\\www\\pendidikannonformal\\app\\Views\\layout_front_end\\template.php')
 3 SYSTEMPATH\View\View.php(229): CodeIgniter\View\View->CodeIgniter\View\{closure}()
 4 SYSTEMPATH\View\View.php(242): CodeIgniter\View\View->render('layout_front_end/template', [], true)
 5 SYSTEMPATH\Common.php(1188): CodeIgniter\View\View->render('home/v_home', [], true)
 6 APPPATH\Controllers\Home.php(48): view('home/v_home', [...])
 7 SYSTEMPATH\CodeIgniter.php(919): App\Controllers\Home->index()
 8 SYSTEMPATH\CodeIgniter.php(494): CodeIgniter\CodeIgniter->runController(Object(App\Controllers\Home))
 9 SYSTEMPATH\CodeIgniter.php(353): CodeIgniter\CodeIgniter->handleRequest(null, Object(Config\Cache), false)
10 FCPATH\index.php(79): CodeIgniter\CodeIgniter->run()
11 SYSTEMPATH\Commands\Server\rewrite.php(47): require_once('C:\\laragon\\www\\pendidikannonformal\\public\\index.php')
ERROR - 2024-05-17 09:55:17 --> mysqli_sql_exception: Unknown column '' in 'where clause' in C:\laragon\www\pendidikannonformal\system\Database\MySQLi\Connection.php:306
Stack trace:
#0 C:\laragon\www\pendidikannonformal\system\Database\MySQLi\Connection.php(306): mysqli->query('SELECT * FROM `...', 0)
#1 C:\laragon\www\pendidikannonformal\system\Database\BaseConnection.php(692): CodeIgniter\Database\MySQLi\Connection->execute('SELECT * FROM `...')
#2 C:\laragon\www\pendidikannonformal\system\Database\BaseConnection.php(606): CodeIgniter\Database\BaseConnection->simpleQuery('SELECT * FROM `...')
#3 C:\laragon\www\pendidikannonformal\app\Views\layout_front_end\template.php(179): CodeIgniter\Database\BaseConnection->query('SELECT * FROM `...')
#4 C:\laragon\www\pendidikannonformal\system\View\View.php(226): include('C:\\laragon\\www\\...')
#5 C:\laragon\www\pendidikannonformal\system\View\View.php(229): CodeIgniter\View\View->CodeIgniter\View\{closure}()
#6 C:\laragon\www\pendidikannonformal\system\View\View.php(242): CodeIgniter\View\View->render('layout_front_en...', Array, true)
#7 C:\laragon\www\pendidikannonformal\system\Common.php(1188): CodeIgniter\View\View->render('home/v_home', Array, true)
#8 C:\laragon\www\pendidikannonformal\app\Controllers\Home.php(48): view('home/v_home', Array)
#9 C:\laragon\www\pendidikannonformal\system\CodeIgniter.php(919): App\Controllers\Home->index()
#10 C:\laragon\www\pendidikannonformal\system\CodeIgniter.php(494): CodeIgniter\CodeIgniter->runController(Object(App\Controllers\Home))
#11 C:\laragon\www\pendidikannonformal\system\CodeIgniter.php(353): CodeIgniter\CodeIgniter->handleRequest(NULL, Object(Config\Cache), false)
#12 C:\laragon\www\pendidikannonformal\public\index.php(79): CodeIgniter\CodeIgniter->run()
#13 C:\laragon\www\pendidikannonformal\system\Commands\Server\rewrite.php(47): require_once('C:\\laragon\\www\\...')
#14 {main}
CRITICAL - 2024-05-17 09:55:17 --> Unknown column '' in 'where clause'
in SYSTEMPATH\Database\BaseConnection.php on line 646.
 1 APPPATH\Views\layout_front_end\template.php(179): CodeIgniter\Database\BaseConnection->query('SELECT * FROM `menu` WHERE main_menu = ``')
 2 SYSTEMPATH\View\View.php(226): include('C:\\laragon\\www\\pendidikannonformal\\app\\Views\\layout_front_end\\template.php')
 3 SYSTEMPATH\View\View.php(229): CodeIgniter\View\View->CodeIgniter\View\{closure}()
 4 SYSTEMPATH\View\View.php(242): CodeIgniter\View\View->render('layout_front_end/template', [], true)
 5 SYSTEMPATH\Common.php(1188): CodeIgniter\View\View->render('home/v_home', [], true)
 6 APPPATH\Controllers\Home.php(48): view('home/v_home', [...])
 7 SYSTEMPATH\CodeIgniter.php(919): App\Controllers\Home->index()
 8 SYSTEMPATH\CodeIgniter.php(494): CodeIgniter\CodeIgniter->runController(Object(App\Controllers\Home))
 9 SYSTEMPATH\CodeIgniter.php(353): CodeIgniter\CodeIgniter->handleRequest(null, Object(Config\Cache), false)
10 FCPATH\index.php(79): CodeIgniter\CodeIgniter->run()
11 SYSTEMPATH\Commands\Server\rewrite.php(47): require_once('C:\\laragon\\www\\pendidikannonformal\\public\\index.php')
ERROR - 2024-05-17 10:02:00 --> mysqli_sql_exception: You have an error in your SQL syntax; check the manual that corresponds to your MySQL server version for the right syntax to use near '' at line 1 in C:\laragon\www\pendidikannonformal\system\Database\MySQLi\Connection.php:306
Stack trace:
#0 C:\laragon\www\pendidikannonformal\system\Database\MySQLi\Connection.php(306): mysqli->query('SELECT * FROM m...', 0)
#1 C:\laragon\www\pendidikannonformal\system\Database\BaseConnection.php(692): CodeIgniter\Database\MySQLi\Connection->execute('SELECT * FROM m...')
#2 C:\laragon\www\pendidikannonformal\system\Database\BaseConnection.php(606): CodeIgniter\Database\BaseConnection->simpleQuery('SELECT * FROM m...')
#3 C:\laragon\www\pendidikannonformal\app\Views\layout_front_end\template.php(179): CodeIgniter\Database\BaseConnection->query('SELECT * FROM m...')
#4 C:\laragon\www\pendidikannonformal\system\View\View.php(226): include('C:\\laragon\\www\\...')
#5 C:\laragon\www\pendidikannonformal\system\View\View.php(229): CodeIgniter\View\View->CodeIgniter\View\{closure}()
#6 C:\laragon\www\pendidikannonformal\system\View\View.php(242): CodeIgniter\View\View->render('layout_front_en...', Array, true)
#7 C:\laragon\www\pendidikannonformal\system\Common.php(1188): CodeIgniter\View\View->render('home/v_home', Array, true)
#8 C:\laragon\www\pendidikannonformal\app\Controllers\Home.php(48): view('home/v_home', Array)
#9 C:\laragon\www\pendidikannonformal\system\CodeIgniter.php(919): App\Controllers\Home->index()
#10 C:\laragon\www\pendidikannonformal\system\CodeIgniter.php(494): CodeIgniter\CodeIgniter->runController(Object(App\Controllers\Home))
#11 C:\laragon\www\pendidikannonformal\system\CodeIgniter.php(353): CodeIgniter\CodeIgniter->handleRequest(NULL, Object(Config\Cache), false)
#12 C:\laragon\www\pendidikannonformal\public\index.php(79): CodeIgniter\CodeIgniter->run()
#13 C:\laragon\www\pendidikannonformal\system\Commands\Server\rewrite.php(47): require_once('C:\\laragon\\www\\...')
#14 {main}
CRITICAL - 2024-05-17 10:02:00 --> You have an error in your SQL syntax; check the manual that corresponds to your MySQL server version for the right syntax to use near '' at line 1
in SYSTEMPATH\Database\BaseConnection.php on line 646.
 1 APPPATH\Views\layout_front_end\template.php(179): CodeIgniter\Database\BaseConnection->query('SELECT * FROM menu WHERE main_menu = ')
 2 SYSTEMPATH\View\View.php(226): include('C:\\laragon\\www\\pendidikannonformal\\app\\Views\\layout_front_end\\template.php')
 3 SYSTEMPATH\View\View.php(229): CodeIgniter\View\View->CodeIgniter\View\{closure}()
 4 SYSTEMPATH\View\View.php(242): CodeIgniter\View\View->render('layout_front_end/template', [], true)
 5 SYSTEMPATH\Common.php(1188): CodeIgniter\View\View->render('home/v_home', [], true)
 6 APPPATH\Controllers\Home.php(48): view('home/v_home', [...])
 7 SYSTEMPATH\CodeIgniter.php(919): App\Controllers\Home->index()
 8 SYSTEMPATH\CodeIgniter.php(494): CodeIgniter\CodeIgniter->runController(Object(App\Controllers\Home))
 9 SYSTEMPATH\CodeIgniter.php(353): CodeIgniter\CodeIgniter->handleRequest(null, Object(Config\Cache), false)
10 FCPATH\index.php(79): CodeIgniter\CodeIgniter->run()
11 SYSTEMPATH\Commands\Server\rewrite.php(47): require_once('C:\\laragon\\www\\pendidikannonformal\\public\\index.php')
ERROR - 2024-05-17 10:03:05 --> mysqli_sql_exception: You have an error in your SQL syntax; check the manual that corresponds to your MySQL server version for the right syntax to use near 'WHERE main_menu =' at line 1 in C:\laragon\www\pendidikannonformal\system\Database\MySQLi\Connection.php:306
Stack trace:
#0 C:\laragon\www\pendidikannonformal\system\Database\MySQLi\Connection.php(306): mysqli->query('SELECT * FROM m...', 0)
#1 C:\laragon\www\pendidikannonformal\system\Database\BaseConnection.php(692): CodeIgniter\Database\MySQLi\Connection->execute('SELECT * FROM m...')
#2 C:\laragon\www\pendidikannonformal\system\Database\BaseConnection.php(606): CodeIgniter\Database\BaseConnection->simpleQuery('SELECT * FROM m...')
#3 C:\laragon\www\pendidikannonformal\app\Views\layout_front_end\template.php(179): CodeIgniter\Database\BaseConnection->query('SELECT * FROM m...')
#4 C:\laragon\www\pendidikannonformal\system\View\View.php(226): include('C:\\laragon\\www\\...')
#5 C:\laragon\www\pendidikannonformal\system\View\View.php(229): CodeIgniter\View\View->CodeIgniter\View\{closure}()
#6 C:\laragon\www\pendidikannonformal\system\View\View.php(242): CodeIgniter\View\View->render('layout_front_en...', Array, true)
#7 C:\laragon\www\pendidikannonformal\system\Common.php(1188): CodeIgniter\View\View->render('home/v_home', Array, true)
#8 C:\laragon\www\pendidikannonformal\app\Controllers\Home.php(48): view('home/v_home', Array)
#9 C:\laragon\www\pendidikannonformal\system\CodeIgniter.php(919): App\Controllers\Home->index()
#10 C:\laragon\www\pendidikannonformal\system\CodeIgniter.php(494): CodeIgniter\CodeIgniter->runController(Object(App\Controllers\Home))
#11 C:\laragon\www\pendidikannonformal\system\CodeIgniter.php(353): CodeIgniter\CodeIgniter->handleRequest(NULL, Object(Config\Cache), false)
#12 C:\laragon\www\pendidikannonformal\public\index.php(79): CodeIgniter\CodeIgniter->run()
#13 C:\laragon\www\pendidikannonformal\system\Commands\Server\rewrite.php(47): require_once('C:\\laragon\\www\\...')
#14 {main}
CRITICAL - 2024-05-17 10:03:05 --> You have an error in your SQL syntax; check the manual that corresponds to your MySQL server version for the right syntax to use near 'WHERE main_menu =' at line 1
in SYSTEMPATH\Database\BaseConnection.php on line 646.
 1 APPPATH\Views\layout_front_end\template.php(179): CodeIgniter\Database\BaseConnection->query('SELECT * FROM menu, WHERE main_menu = ')
 2 SYSTEMPATH\View\View.php(226): include('C:\\laragon\\www\\pendidikannonformal\\app\\Views\\layout_front_end\\template.php')
 3 SYSTEMPATH\View\View.php(229): CodeIgniter\View\View->CodeIgniter\View\{closure}()
 4 SYSTEMPATH\View\View.php(242): CodeIgniter\View\View->render('layout_front_end/template', [], true)
 5 SYSTEMPATH\Common.php(1188): CodeIgniter\View\View->render('home/v_home', [], true)
 6 APPPATH\Controllers\Home.php(48): view('home/v_home', [...])
 7 SYSTEMPATH\CodeIgniter.php(919): App\Controllers\Home->index()
 8 SYSTEMPATH\CodeIgniter.php(494): CodeIgniter\CodeIgniter->runController(Object(App\Controllers\Home))
 9 SYSTEMPATH\CodeIgniter.php(353): CodeIgniter\CodeIgniter->handleRequest(null, Object(Config\Cache), false)
10 FCPATH\index.php(79): CodeIgniter\CodeIgniter->run()
11 SYSTEMPATH\Commands\Server\rewrite.php(47): require_once('C:\\laragon\\www\\pendidikannonformal\\public\\index.php')
ERROR - 2024-05-17 10:04:20 --> mysqli_sql_exception: You have an error in your SQL syntax; check the manual that corresponds to your MySQL server version for the right syntax to use near '' at line 2 in C:\laragon\www\pendidikannonformal\system\Database\MySQLi\Connection.php:306
Stack trace:
#0 C:\laragon\www\pendidikannonformal\system\Database\MySQLi\Connection.php(306): mysqli->query('SELECT * FROM m...', 0)
#1 C:\laragon\www\pendidikannonformal\system\Database\BaseConnection.php(692): CodeIgniter\Database\MySQLi\Connection->execute('SELECT * FROM m...')
#2 C:\laragon\www\pendidikannonformal\system\Database\BaseConnection.php(606): CodeIgniter\Database\BaseConnection->simpleQuery('SELECT * FROM m...')
#3 C:\laragon\www\pendidikannonformal\app\Views\layout_front_end\template.php(181): CodeIgniter\Database\BaseConnection->query('SELECT * FROM m...')
#4 C:\laragon\www\pendidikannonformal\system\View\View.php(226): include('C:\\laragon\\www\\...')
#5 C:\laragon\www\pendidikannonformal\system\View\View.php(229): CodeIgniter\View\View->CodeIgniter\View\{closure}()
#6 C:\laragon\www\pendidikannonformal\system\View\View.php(242): CodeIgniter\View\View->render('layout_front_en...', Array, true)
#7 C:\laragon\www\pendidikannonformal\system\Common.php(1188): CodeIgniter\View\View->render('home/v_home', Array, true)
#8 C:\laragon\www\pendidikannonformal\app\Controllers\Home.php(48): view('home/v_home', Array)
#9 C:\laragon\www\pendidikannonformal\system\CodeIgniter.php(919): App\Controllers\Home->index()
#10 C:\laragon\www\pendidikannonformal\system\CodeIgniter.php(494): CodeIgniter\CodeIgniter->runController(Object(App\Controllers\Home))
#11 C:\laragon\www\pendidikannonformal\system\CodeIgniter.php(353): CodeIgniter\CodeIgniter->handleRequest(NULL, Object(Config\Cache), false)
#12 C:\laragon\www\pendidikannonformal\public\index.php(79): CodeIgniter\CodeIgniter->run()
#13 C:\laragon\www\pendidikannonformal\system\Commands\Server\rewrite.php(47): require_once('C:\\laragon\\www\\...')
#14 {main}
CRITICAL - 2024-05-17 10:04:20 --> You have an error in your SQL syntax; check the manual that corresponds to your MySQL server version for the right syntax to use near '' at line 2
in SYSTEMPATH\Database\BaseConnection.php on line 646.
 1 APPPATH\Views\layout_front_end\template.php(181): CodeIgniter\Database\BaseConnection->query('SELECT * FROM menu 
                                                            WHERE main_menu = ')
 2 SYSTEMPATH\View\View.php(226): include('C:\\laragon\\www\\pendidikannonformal\\app\\Views\\layout_front_end\\template.php')
 3 SYSTEMPATH\View\View.php(229): CodeIgniter\View\View->CodeIgniter\View\{closure}()
 4 SYSTEMPATH\View\View.php(242): CodeIgniter\View\View->render('layout_front_end/template', [], true)
 5 SYSTEMPATH\Common.php(1188): CodeIgniter\View\View->render('home/v_home', [], true)
 6 APPPATH\Controllers\Home.php(48): view('home/v_home', [...])
 7 SYSTEMPATH\CodeIgniter.php(919): App\Controllers\Home->index()
 8 SYSTEMPATH\CodeIgniter.php(494): CodeIgniter\CodeIgniter->runController(Object(App\Controllers\Home))
 9 SYSTEMPATH\CodeIgniter.php(353): CodeIgniter\CodeIgniter->handleRequest(null, Object(Config\Cache), false)
10 FCPATH\index.php(79): CodeIgniter\CodeIgniter->run()
11 SYSTEMPATH\Commands\Server\rewrite.php(47): require_once('C:\\laragon\\www\\pendidikannonformal\\public\\index.php')
INFO - 2024-05-17 10:46:01 --> Session: Class initialized using 'CodeIgniter\Session\Handlers\FileHandler' driver.
INFO - 2024-05-17 10:46:02 --> Session: Class initialized using 'CodeIgniter\Session\Handlers\FileHandler' driver.
INFO - 2024-05-17 10:46:02 --> Session: Class initialized using 'CodeIgniter\Session\Handlers\FileHandler' driver.
INFO - 2024-05-17 10:46:06 --> CSRF token verified.
INFO - 2024-05-17 10:46:06 --> Session: Class initialized using 'CodeIgniter\Session\Handlers\FileHandler' driver.
INFO - 2024-05-17 10:46:06 --> Session: Class initialized using 'CodeIgniter\Session\Handlers\FileHandler' driver.
INFO - 2024-05-17 10:46:10 --> Session: Class initialized using 'CodeIgniter\Session\Handlers\FileHandler' driver.
INFO - 2024-05-17 10:46:10 --> Session: Class initialized using 'CodeIgniter\Session\Handlers\FileHandler' driver.
INFO - 2024-05-17 10:46:12 --> Session: Class initialized using 'CodeIgniter\Session\Handlers\FileHandler' driver.
INFO - 2024-05-17 10:46:12 --> Session: Class initialized using 'CodeIgniter\Session\Handlers\FileHandler' driver.
INFO - 2024-05-17 10:46:44 --> Session: Class initialized using 'CodeIgniter\Session\Handlers\FileHandler' driver.
INFO - 2024-05-17 10:46:45 --> Session: Class initialized using 'CodeIgniter\Session\Handlers\FileHandler' driver.
INFO - 2024-05-17 10:46:45 --> Session: Class initialized using 'CodeIgniter\Session\Handlers\FileHandler' driver.
INFO - 2024-05-17 10:46:46 --> Session: Class initialized using 'CodeIgniter\Session\Handlers\FileHandler' driver.
INFO - 2024-05-17 10:46:46 --> Session: Class initialized using 'CodeIgniter\Session\Handlers\FileHandler' driver.
INFO - 2024-05-17 10:47:01 --> Session: Class initialized using 'CodeIgniter\Session\Handlers\FileHandler' driver.
INFO - 2024-05-17 10:47:03 --> Session: Class initialized using 'CodeIgniter\Session\Handlers\FileHandler' driver.
INFO - 2024-05-17 10:47:04 --> Session: Class initialized using 'CodeIgniter\Session\Handlers\FileHandler' driver.
CRITICAL - 2024-05-17 10:47:04 --> Undefined property: App\Controllers\Menu::$kategoriModel
in APPPATH\Controllers\Menu.php on line 18.
 1 APPPATH\Controllers\Menu.php(18): CodeIgniter\Debug\Exceptions->errorHandler(2, 'Undefined property: App\\Controllers\\Menu::$kategoriModel', 'C:\\laragon\\www\\pendidikannonformal\\app\\Controllers\\Menu.php', 18)
 2 SYSTEMPATH\CodeIgniter.php(919): App\Controllers\Menu->index()
 3 SYSTEMPATH\CodeIgniter.php(494): CodeIgniter\CodeIgniter->runController(Object(App\Controllers\Menu))
 4 SYSTEMPATH\CodeIgniter.php(353): CodeIgniter\CodeIgniter->handleRequest(null, Object(Config\Cache), false)
 5 FCPATH\index.php(79): CodeIgniter\CodeIgniter->run()
 6 SYSTEMPATH\Commands\Server\rewrite.php(47): require_once('C:\\laragon\\www\\pendidikannonformal\\public\\index.php')
INFO - 2024-05-17 10:47:15 --> Session: Class initialized using 'CodeIgniter\Session\Handlers\FileHandler' driver.
ERROR - 2024-05-17 10:47:15 --> mysqli_sql_exception: Column 'is_active' in where clause is ambiguous in C:\laragon\www\pendidikannonformal\system\Database\MySQLi\Connection.php:306
Stack trace:
#0 C:\laragon\www\pendidikannonformal\system\Database\MySQLi\Connection.php(306): mysqli->query('SELECT `menu`.*...', 0)
#1 C:\laragon\www\pendidikannonformal\system\Database\BaseConnection.php(692): CodeIgniter\Database\MySQLi\Connection->execute('SELECT `menu`.*...')
#2 C:\laragon\www\pendidikannonformal\system\Database\BaseConnection.php(606): CodeIgniter\Database\BaseConnection->simpleQuery('SELECT `menu`.*...')
#3 C:\laragon\www\pendidikannonformal\system\Database\BaseBuilder.php(1615): CodeIgniter\Database\BaseConnection->query('SELECT `menu`.*...', Array, false)
#4 C:\laragon\www\pendidikannonformal\app\Models\MenuModel.php(29): CodeIgniter\Database\BaseBuilder->get()
#5 C:\laragon\www\pendidikannonformal\app\Controllers\Menu.php(18): App\Models\MenuModel->getAll()
#6 C:\laragon\www\pendidikannonformal\system\CodeIgniter.php(919): App\Controllers\Menu->index()
#7 C:\laragon\www\pendidikannonformal\system\CodeIgniter.php(494): CodeIgniter\CodeIgniter->runController(Object(App\Controllers\Menu))
#8 C:\laragon\www\pendidikannonformal\system\CodeIgniter.php(353): CodeIgniter\CodeIgniter->handleRequest(NULL, Object(Config\Cache), false)
#9 C:\laragon\www\pendidikannonformal\public\index.php(79): CodeIgniter\CodeIgniter->run()
#10 C:\laragon\www\pendidikannonformal\system\Commands\Server\rewrite.php(47): require_once('C:\\laragon\\www\\...')
#11 {main}
CRITICAL - 2024-05-17 10:47:15 --> Column 'is_active' in where clause is ambiguous
in SYSTEMPATH\Database\BaseConnection.php on line 646.
 1 SYSTEMPATH\Database\BaseBuilder.php(1615): CodeIgniter\Database\BaseConnection->query('SELECT `menu`.*, `join_menu`.`nama_menu` as `nama_join_menu`
FROM `menu`
LEFT JOIN `menu` `join_menu` ON `menu`.`main_menu` = `join_menu`.`kode_menu`
WHERE `is_active` = :is_active:', [...], false)
 2 APPPATH\Models\MenuModel.php(29): CodeIgniter\Database\BaseBuilder->get()
 3 APPPATH\Controllers\Menu.php(18): App\Models\MenuModel->getAll()
 4 SYSTEMPATH\CodeIgniter.php(919): App\Controllers\Menu->index()
 5 SYSTEMPATH\CodeIgniter.php(494): CodeIgniter\CodeIgniter->runController(Object(App\Controllers\Menu))
 6 SYSTEMPATH\CodeIgniter.php(353): CodeIgniter\CodeIgniter->handleRequest(null, Object(Config\Cache), false)
 7 FCPATH\index.php(79): CodeIgniter\CodeIgniter->run()
 8 SYSTEMPATH\Commands\Server\rewrite.php(47): require_once('C:\\laragon\\www\\pendidikannonformal\\public\\index.php')
INFO - 2024-05-17 10:47:27 --> Session: Class initialized using 'CodeIgniter\Session\Handlers\FileHandler' driver.
INFO - 2024-05-17 11:02:53 --> Session: Class initialized using 'CodeIgniter\Session\Handlers\FileHandler' driver.
CRITICAL - 2024-05-17 11:02:53 --> Undefined variable $semuaMenu
in APPPATH\Views\menu\v_menu.php on line 54.
 1 APPPATH\Views\menu\v_menu.php(54): CodeIgniter\Debug\Exceptions->errorHandler(2, 'Undefined variable $semuaMenu', 'C:\\laragon\\www\\pendidikannonformal\\app\\Views\\menu\\v_menu.php', 54)
 2 SYSTEMPATH\View\View.php(226): include('C:\\laragon\\www\\pendidikannonformal\\app\\Views\\menu\\v_menu.php')
 3 SYSTEMPATH\View\View.php(229): CodeIgniter\View\View->CodeIgniter\View\{closure}()
 4 SYSTEMPATH\Common.php(1188): CodeIgniter\View\View->render('menu/v_menu', [], true)
 5 APPPATH\Controllers\Menu.php(23): view('menu/v_menu', [...])
 6 SYSTEMPATH\CodeIgniter.php(919): App\Controllers\Menu->index()
 7 SYSTEMPATH\CodeIgniter.php(494): CodeIgniter\CodeIgniter->runController(Object(App\Controllers\Menu))
 8 SYSTEMPATH\CodeIgniter.php(353): CodeIgniter\CodeIgniter->handleRequest(null, Object(Config\Cache), false)
 9 FCPATH\index.php(79): CodeIgniter\CodeIgniter->run()
10 SYSTEMPATH\Commands\Server\rewrite.php(47): require_once('C:\\laragon\\www\\pendidikannonformal\\public\\index.php')
INFO - 2024-05-17 11:03:13 --> Session: Class initialized using 'CodeIgniter\Session\Handlers\FileHandler' driver.
CRITICAL - 2024-05-17 11:03:13 --> Undefined array key "menu_url"
in APPPATH\Views\menu\v_menu.php on line 123.
 1 APPPATH\Views\menu\v_menu.php(123): CodeIgniter\Debug\Exceptions->errorHandler(2, 'Undefined array key "menu_url"', 'C:\\laragon\\www\\pendidikannonformal\\app\\Views\\menu\\v_menu.php', 123)
 2 SYSTEMPATH\View\View.php(226): include('C:\\laragon\\www\\pendidikannonformal\\app\\Views\\menu\\v_menu.php')
 3 SYSTEMPATH\View\View.php(229): CodeIgniter\View\View->CodeIgniter\View\{closure}()
 4 SYSTEMPATH\Common.php(1188): CodeIgniter\View\View->render('menu/v_menu', [], true)
 5 APPPATH\Controllers\Menu.php(23): view('menu/v_menu', [...])
 6 SYSTEMPATH\CodeIgniter.php(919): App\Controllers\Menu->index()
 7 SYSTEMPATH\CodeIgniter.php(494): CodeIgniter\CodeIgniter->runController(Object(App\Controllers\Menu))
 8 SYSTEMPATH\CodeIgniter.php(353): CodeIgniter\CodeIgniter->handleRequest(null, Object(Config\Cache), false)
 9 FCPATH\index.php(79): CodeIgniter\CodeIgniter->run()
10 SYSTEMPATH\Commands\Server\rewrite.php(47): require_once('C:\\laragon\\www\\pendidikannonformal\\public\\index.php')
INFO - 2024-05-17 11:03:27 --> Session: Class initialized using 'CodeIgniter\Session\Handlers\FileHandler' driver.
CRITICAL - 2024-05-17 11:03:27 --> Undefined array key "menu_id"
in APPPATH\Views\menu\v_menu.php on line 126.
 1 APPPATH\Views\menu\v_menu.php(126): CodeIgniter\Debug\Exceptions->errorHandler(2, 'Undefined array key "menu_id"', 'C:\\laragon\\www\\pendidikannonformal\\app\\Views\\menu\\v_menu.php', 126)
 2 SYSTEMPATH\View\View.php(226): include('C:\\laragon\\www\\pendidikannonformal\\app\\Views\\menu\\v_menu.php')
 3 SYSTEMPATH\View\View.php(229): CodeIgniter\View\View->CodeIgniter\View\{closure}()
 4 SYSTEMPATH\Common.php(1188): CodeIgniter\View\View->render('menu/v_menu', [], true)
 5 APPPATH\Controllers\Menu.php(23): view('menu/v_menu', [...])
 6 SYSTEMPATH\CodeIgniter.php(919): App\Controllers\Menu->index()
 7 SYSTEMPATH\CodeIgniter.php(494): CodeIgniter\CodeIgniter->runController(Object(App\Controllers\Menu))
 8 SYSTEMPATH\CodeIgniter.php(353): CodeIgniter\CodeIgniter->handleRequest(null, Object(Config\Cache), false)
 9 FCPATH\index.php(79): CodeIgniter\CodeIgniter->run()
10 SYSTEMPATH\Commands\Server\rewrite.php(47): require_once('C:\\laragon\\www\\pendidikannonformal\\public\\index.php')
INFO - 2024-05-17 11:03:43 --> Session: Class initialized using 'CodeIgniter\Session\Handlers\FileHandler' driver.
INFO - 2024-05-17 11:03:54 --> Session: Class initialized using 'CodeIgniter\Session\Handlers\FileHandler' driver.
INFO - 2024-05-17 11:04:00 --> Session: Class initialized using 'CodeIgniter\Session\Handlers\FileHandler' driver.
INFO - 2024-05-17 11:04:38 --> Session: Class initialized using 'CodeIgniter\Session\Handlers\FileHandler' driver.
INFO - 2024-05-17 11:06:18 --> Session: Class initialized using 'CodeIgniter\Session\Handlers\FileHandler' driver.
INFO - 2024-05-17 11:10:33 --> Session: Class initialized using 'CodeIgniter\Session\Handlers\FileHandler' driver.
INFO - 2024-05-17 11:11:50 --> Session: Class initialized using 'CodeIgniter\Session\Handlers\FileHandler' driver.
INFO - 2024-05-17 11:13:02 --> Session: Class initialized using 'CodeIgniter\Session\Handlers\FileHandler' driver.
INFO - 2024-05-17 11:13:39 --> Session: Class initialized using 'CodeIgniter\Session\Handlers\FileHandler' driver.
INFO - 2024-05-17 11:15:45 --> Session: Class initialized using 'CodeIgniter\Session\Handlers\FileHandler' driver.
INFO - 2024-05-17 11:15:56 --> Session: Class initialized using 'CodeIgniter\Session\Handlers\FileHandler' driver.
INFO - 2024-05-17 11:17:26 --> Session: Class initialized using 'CodeIgniter\Session\Handlers\FileHandler' driver.
INFO - 2024-05-17 11:17:28 --> Session: Class initialized using 'CodeIgniter\Session\Handlers\FileHandler' driver.
INFO - 2024-05-17 11:17:30 --> Session: Class initialized using 'CodeIgniter\Session\Handlers\FileHandler' driver.
INFO - 2024-05-17 11:18:15 --> Session: Class initialized using 'CodeIgniter\Session\Handlers\FileHandler' driver.
INFO - 2024-05-17 13:15:26 --> Session: Class initialized using 'CodeIgniter\Session\Handlers\FileHandler' driver.
INFO - 2024-05-17 13:15:27 --> Session: Class initialized using 'CodeIgniter\Session\Handlers\FileHandler' driver.
INFO - 2024-05-17 13:15:30 --> Session: Class initialized using 'CodeIgniter\Session\Handlers\FileHandler' driver.
INFO - 2024-05-17 13:15:31 --> Session: Class initialized using 'CodeIgniter\Session\Handlers\FileHandler' driver.
INFO - 2024-05-17 13:15:54 --> Session: Class initialized using 'CodeIgniter\Session\Handlers\FileHandler' driver.
INFO - 2024-05-17 13:15:59 --> Session: Class initialized using 'CodeIgniter\Session\Handlers\FileHandler' driver.
INFO - 2024-05-17 13:16:00 --> Session: Class initialized using 'CodeIgniter\Session\Handlers\FileHandler' driver.
INFO - 2024-05-17 13:16:01 --> Session: Class initialized using 'CodeIgniter\Session\Handlers\FileHandler' driver.
INFO - 2024-05-17 13:16:43 --> Session: Class initialized using 'CodeIgniter\Session\Handlers\FileHandler' driver.
INFO - 2024-05-17 13:17:24 --> Session: Class initialized using 'CodeIgniter\Session\Handlers\FileHandler' driver.
INFO - 2024-05-17 13:18:23 --> Session: Class initialized using 'CodeIgniter\Session\Handlers\FileHandler' driver.
INFO - 2024-05-17 13:18:38 --> Session: Class initialized using 'CodeIgniter\Session\Handlers\FileHandler' driver.
INFO - 2024-05-17 13:19:58 --> Session: Class initialized using 'CodeIgniter\Session\Handlers\FileHandler' driver.
INFO - 2024-05-17 13:20:23 --> Session: Class initialized using 'CodeIgniter\Session\Handlers\FileHandler' driver.
INFO - 2024-05-17 13:20:24 --> Session: Class initialized using 'CodeIgniter\Session\Handlers\FileHandler' driver.
INFO - 2024-05-17 13:20:59 --> Session: Class initialized using 'CodeIgniter\Session\Handlers\FileHandler' driver.
INFO - 2024-05-17 13:21:00 --> Session: Class initialized using 'CodeIgniter\Session\Handlers\FileHandler' driver.
INFO - 2024-05-17 13:26:06 --> Session: Class initialized using 'CodeIgniter\Session\Handlers\FileHandler' driver.
INFO - 2024-05-17 13:26:08 --> Session: Class initialized using 'CodeIgniter\Session\Handlers\FileHandler' driver.
INFO - 2024-05-17 13:26:08 --> CSRF token verified.
INFO - 2024-05-17 13:26:08 --> Session: Class initialized using 'CodeIgniter\Session\Handlers\FileHandler' driver.
INFO - 2024-05-17 13:26:28 --> Session: Class initialized using 'CodeIgniter\Session\Handlers\FileHandler' driver.
INFO - 2024-05-17 13:26:51 --> Session: Class initialized using 'CodeIgniter\Session\Handlers\FileHandler' driver.
INFO - 2024-05-17 13:27:16 --> Session: Class initialized using 'CodeIgniter\Session\Handlers\FileHandler' driver.
INFO - 2024-05-17 13:27:17 --> Session: Class initialized using 'CodeIgniter\Session\Handlers\FileHandler' driver.
INFO - 2024-05-17 13:27:17 --> CSRF token verified.
INFO - 2024-05-17 13:27:18 --> Session: Class initialized using 'CodeIgniter\Session\Handlers\FileHandler' driver.
INFO - 2024-05-17 13:28:26 --> Session: Class initialized using 'CodeIgniter\Session\Handlers\FileHandler' driver.
INFO - 2024-05-17 13:28:29 --> Session: Class initialized using 'CodeIgniter\Session\Handlers\FileHandler' driver.
INFO - 2024-05-17 13:28:29 --> CSRF token verified.
INFO - 2024-05-17 13:28:29 --> Session: Class initialized using 'CodeIgniter\Session\Handlers\FileHandler' driver.
INFO - 2024-05-17 13:30:18 --> Session: Class initialized using 'CodeIgniter\Session\Handlers\FileHandler' driver.
INFO - 2024-05-17 13:30:28 --> Session: Class initialized using 'CodeIgniter\Session\Handlers\FileHandler' driver.
INFO - 2024-05-17 13:30:33 --> Session: Class initialized using 'CodeIgniter\Session\Handlers\FileHandler' driver.
INFO - 2024-05-17 13:30:33 --> CSRF token verified.
INFO - 2024-05-17 13:30:33 --> Session: Class initialized using 'CodeIgniter\Session\Handlers\FileHandler' driver.
INFO - 2024-05-17 13:32:44 --> Session: Class initialized using 'CodeIgniter\Session\Handlers\FileHandler' driver.
INFO - 2024-05-17 13:35:49 --> Session: Class initialized using 'CodeIgniter\Session\Handlers\FileHandler' driver.
INFO - 2024-05-17 13:36:39 --> Session: Class initialized using 'CodeIgniter\Session\Handlers\FileHandler' driver.
INFO - 2024-05-17 13:38:27 --> Session: Class initialized using 'CodeIgniter\Session\Handlers\FileHandler' driver.
CRITICAL - 2024-05-17 13:38:27 --> syntax error, unexpected token ")"
in APPPATH\Views\menu\v_menu.php on line 62.
 1 SYSTEMPATH\View\View.php(229): CodeIgniter\View\View->CodeIgniter\View\{closure}()
 2 SYSTEMPATH\Common.php(1188): CodeIgniter\View\View->render('menu/v_menu', [], true)
 3 APPPATH\Controllers\Menu.php(23): view('menu/v_menu', [...])
 4 SYSTEMPATH\CodeIgniter.php(919): App\Controllers\Menu->index()
 5 SYSTEMPATH\CodeIgniter.php(494): CodeIgniter\CodeIgniter->runController(Object(App\Controllers\Menu))
 6 SYSTEMPATH\CodeIgniter.php(353): CodeIgniter\CodeIgniter->handleRequest(null, Object(Config\Cache), false)
 7 FCPATH\index.php(79): CodeIgniter\CodeIgniter->run()
 8 SYSTEMPATH\Commands\Server\rewrite.php(47): require_once('C:\\laragon\\www\\pendidikannonformal\\public\\index.php')
INFO - 2024-05-17 13:38:36 --> Session: Class initialized using 'CodeIgniter\Session\Handlers\FileHandler' driver.
INFO - 2024-05-17 13:39:05 --> Session: Class initialized using 'CodeIgniter\Session\Handlers\FileHandler' driver.
INFO - 2024-05-17 13:39:30 --> Session: Class initialized using 'CodeIgniter\Session\Handlers\FileHandler' driver.
INFO - 2024-05-17 13:39:38 --> Session: Class initialized using 'CodeIgniter\Session\Handlers\FileHandler' driver.
INFO - 2024-05-17 13:40:07 --> Session: Class initialized using 'CodeIgniter\Session\Handlers\FileHandler' driver.
INFO - 2024-05-17 13:40:54 --> Session: Class initialized using 'CodeIgniter\Session\Handlers\FileHandler' driver.
INFO - 2024-05-17 13:41:08 --> Session: Class initialized using 'CodeIgniter\Session\Handlers\FileHandler' driver.
INFO - 2024-05-17 13:41:18 --> Session: Class initialized using 'CodeIgniter\Session\Handlers\FileHandler' driver.
INFO - 2024-05-17 13:42:03 --> Session: Class initialized using 'CodeIgniter\Session\Handlers\FileHandler' driver.
INFO - 2024-05-17 13:42:09 --> Session: Class initialized using 'CodeIgniter\Session\Handlers\FileHandler' driver.
INFO - 2024-05-17 13:42:14 --> Session: Class initialized using 'CodeIgniter\Session\Handlers\FileHandler' driver.
INFO - 2024-05-17 13:46:14 --> Session: Class initialized using 'CodeIgniter\Session\Handlers\FileHandler' driver.
INFO - 2024-05-17 13:46:15 --> Session: Class initialized using 'CodeIgniter\Session\Handlers\FileHandler' driver.
INFO - 2024-05-17 13:46:57 --> Session: Class initialized using 'CodeIgniter\Session\Handlers\FileHandler' driver.
INFO - 2024-05-17 13:47:29 --> Session: Class initialized using 'CodeIgniter\Session\Handlers\FileHandler' driver.
INFO - 2024-05-17 13:47:38 --> Session: Class initialized using 'CodeIgniter\Session\Handlers\FileHandler' driver.
INFO - 2024-05-17 13:47:40 --> Session: Class initialized using 'CodeIgniter\Session\Handlers\FileHandler' driver.
INFO - 2024-05-17 13:47:40 --> CSRF token verified.
INFO - 2024-05-17 13:47:40 --> Session: Class initialized using 'CodeIgniter\Session\Handlers\FileHandler' driver.
INFO - 2024-05-17 13:47:43 --> Session: Class initialized using 'CodeIgniter\Session\Handlers\FileHandler' driver.
INFO - 2024-05-17 13:47:47 --> Session: Class initialized using 'CodeIgniter\Session\Handlers\FileHandler' driver.
INFO - 2024-05-17 13:48:14 --> Session: Class initialized using 'CodeIgniter\Session\Handlers\FileHandler' driver.
INFO - 2024-05-17 13:48:15 --> Session: Class initialized using 'CodeIgniter\Session\Handlers\FileHandler' driver.
INFO - 2024-05-17 13:48:15 --> CSRF token verified.
INFO - 2024-05-17 13:48:15 --> Session: Class initialized using 'CodeIgniter\Session\Handlers\FileHandler' driver.
INFO - 2024-05-17 13:48:20 --> Session: Class initialized using 'CodeIgniter\Session\Handlers\FileHandler' driver.
INFO - 2024-05-17 13:48:24 --> Session: Class initialized using 'CodeIgniter\Session\Handlers\FileHandler' driver.
INFO - 2024-05-17 13:48:28 --> Session: Class initialized using 'CodeIgniter\Session\Handlers\FileHandler' driver.
INFO - 2024-05-17 13:50:55 --> Session: Class initialized using 'CodeIgniter\Session\Handlers\FileHandler' driver.
INFO - 2024-05-17 13:51:05 --> Session: Class initialized using 'CodeIgniter\Session\Handlers\FileHandler' driver.
INFO - 2024-05-17 13:51:10 --> Session: Class initialized using 'CodeIgniter\Session\Handlers\FileHandler' driver.
INFO - 2024-05-17 13:51:10 --> CSRF token verified.
INFO - 2024-05-17 13:51:10 --> Session: Class initialized using 'CodeIgniter\Session\Handlers\FileHandler' driver.
INFO - 2024-05-17 13:51:53 --> Session: Class initialized using 'CodeIgniter\Session\Handlers\FileHandler' driver.
INFO - 2024-05-17 13:52:00 --> Session: Class initialized using 'CodeIgniter\Session\Handlers\FileHandler' driver.
INFO - 2024-05-17 13:52:00 --> CSRF token verified.
INFO - 2024-05-17 13:52:00 --> Session: Class initialized using 'CodeIgniter\Session\Handlers\FileHandler' driver.
INFO - 2024-05-17 13:52:06 --> Session: Class initialized using 'CodeIgniter\Session\Handlers\FileHandler' driver.
INFO - 2024-05-17 13:52:06 --> CSRF token verified.
INFO - 2024-05-17 13:52:14 --> Session: Class initialized using 'CodeIgniter\Session\Handlers\FileHandler' driver.
INFO - 2024-05-17 13:52:21 --> Session: Class initialized using 'CodeIgniter\Session\Handlers\FileHandler' driver.
INFO - 2024-05-17 13:52:21 --> CSRF token verified.
INFO - 2024-05-17 13:53:01 --> Session: Class initialized using 'CodeIgniter\Session\Handlers\FileHandler' driver.
INFO - 2024-05-17 13:53:10 --> Session: Class initialized using 'CodeIgniter\Session\Handlers\FileHandler' driver.
INFO - 2024-05-17 13:53:10 --> CSRF token verified.
INFO - 2024-05-17 13:53:23 --> Session: Class initialized using 'CodeIgniter\Session\Handlers\FileHandler' driver.
INFO - 2024-05-17 13:53:23 --> CSRF token verified.
INFO - 2024-05-17 13:53:23 --> Session: Class initialized using 'CodeIgniter\Session\Handlers\FileHandler' driver.
INFO - 2024-05-17 13:53:38 --> Session: Class initialized using 'CodeIgniter\Session\Handlers\FileHandler' driver.
INFO - 2024-05-17 13:53:47 --> Session: Class initialized using 'CodeIgniter\Session\Handlers\FileHandler' driver.
INFO - 2024-05-17 13:53:47 --> CSRF token verified.
INFO - 2024-05-17 13:53:47 --> Session: Class initialized using 'CodeIgniter\Session\Handlers\FileHandler' driver.
INFO - 2024-05-17 13:54:16 --> Session: Class initialized using 'CodeIgniter\Session\Handlers\FileHandler' driver.
INFO - 2024-05-17 13:54:35 --> Session: Class initialized using 'CodeIgniter\Session\Handlers\FileHandler' driver.
INFO - 2024-05-17 14:03:22 --> Session: Class initialized using 'CodeIgniter\Session\Handlers\FileHandler' driver.
INFO - 2024-05-17 14:03:24 --> Session: Class initialized using 'CodeIgniter\Session\Handlers\FileHandler' driver.
CRITICAL - 2024-05-17 14:03:24 --> Call to undefined method App\Models\MenuModel::getMainMenu
in SYSTEMPATH\Model.php on line 873.
 1 APPPATH\Controllers\Menu.php(81): CodeIgniter\Model->__call('getMainMenu', [])
 2 SYSTEMPATH\CodeIgniter.php(919): App\Controllers\Menu->tambah_submenu()
 3 SYSTEMPATH\CodeIgniter.php(494): CodeIgniter\CodeIgniter->runController(Object(App\Controllers\Menu))
 4 SYSTEMPATH\CodeIgniter.php(353): CodeIgniter\CodeIgniter->handleRequest(null, Object(Config\Cache), false)
 5 FCPATH\index.php(79): CodeIgniter\CodeIgniter->run()
 6 SYSTEMPATH\Commands\Server\rewrite.php(47): require_once('C:\\laragon\\www\\pendidikannonformal\\public\\index.php')
INFO - 2024-05-17 14:03:54 --> Session: Class initialized using 'CodeIgniter\Session\Handlers\FileHandler' driver.
INFO - 2024-05-17 14:04:16 --> Session: Class initialized using 'CodeIgniter\Session\Handlers\FileHandler' driver.
INFO - 2024-05-17 14:04:17 --> Session: Class initialized using 'CodeIgniter\Session\Handlers\FileHandler' driver.
INFO - 2024-05-17 14:04:17 --> CSRF token verified.
INFO - 2024-05-17 14:04:17 --> Session: Class initialized using 'CodeIgniter\Session\Handlers\FileHandler' driver.
INFO - 2024-05-17 14:04:35 --> Session: Class initialized using 'CodeIgniter\Session\Handlers\FileHandler' driver.
INFO - 2024-05-17 14:04:36 --> Session: Class initialized using 'CodeIgniter\Session\Handlers\FileHandler' driver.
INFO - 2024-05-17 14:04:36 --> CSRF token verified.
INFO - 2024-05-17 14:04:37 --> Session: Class initialized using 'CodeIgniter\Session\Handlers\FileHandler' driver.
INFO - 2024-05-17 14:05:55 --> Session: Class initialized using 'CodeIgniter\Session\Handlers\FileHandler' driver.
INFO - 2024-05-17 14:06:07 --> Session: Class initialized using 'CodeIgniter\Session\Handlers\FileHandler' driver.
INFO - 2024-05-17 14:06:07 --> CSRF token verified.
INFO - 2024-05-17 14:06:07 --> Session: Class initialized using 'CodeIgniter\Session\Handlers\FileHandler' driver.
INFO - 2024-05-17 14:06:54 --> Session: Class initialized using 'CodeIgniter\Session\Handlers\FileHandler' driver.
INFO - 2024-05-17 14:06:55 --> Session: Class initialized using 'CodeIgniter\Session\Handlers\FileHandler' driver.
INFO - 2024-05-17 14:07:04 --> Session: Class initialized using 'CodeIgniter\Session\Handlers\FileHandler' driver.
INFO - 2024-05-17 14:07:04 --> CSRF token verified.
INFO - 2024-05-17 14:07:04 --> Session: Class initialized using 'CodeIgniter\Session\Handlers\FileHandler' driver.
INFO - 2024-05-17 14:09:08 --> Session: Class initialized using 'CodeIgniter\Session\Handlers\FileHandler' driver.
INFO - 2024-05-17 14:26:54 --> Session: Class initialized using 'CodeIgniter\Session\Handlers\FileHandler' driver.
INFO - 2024-05-17 14:26:54 --> Session: Class initialized using 'CodeIgniter\Session\Handlers\FileHandler' driver.
INFO - 2024-05-17 14:26:56 --> Session: Class initialized using 'CodeIgniter\Session\Handlers\FileHandler' driver.
INFO - 2024-05-17 14:27:28 --> Session: Class initialized using 'CodeIgniter\Session\Handlers\FileHandler' driver.
INFO - 2024-05-17 14:27:40 --> Session: Class initialized using 'CodeIgniter\Session\Handlers\FileHandler' driver.
INFO - 2024-05-17 14:28:01 --> Session: Class initialized using 'CodeIgniter\Session\Handlers\FileHandler' driver.
INFO - 2024-05-17 14:28:17 --> Session: Class initialized using 'CodeIgniter\Session\Handlers\FileHandler' driver.
ERROR - 2024-05-17 14:28:49 --> mysqli_sql_exception: You have an error in your SQL syntax; check the manual that corresponds to your MySQL server version for the right syntax to use near 'WHERE is_active = 1' at line 1 in C:\laragon\www\pendidikannonformal\system\Database\MySQLi\Connection.php:306
Stack trace:
#0 C:\laragon\www\pendidikannonformal\system\Database\MySQLi\Connection.php(306): mysqli->query('SELECT * FROM m...', 0)
#1 C:\laragon\www\pendidikannonformal\system\Database\BaseConnection.php(692): CodeIgniter\Database\MySQLi\Connection->execute('SELECT * FROM m...')
#2 C:\laragon\www\pendidikannonformal\system\Database\BaseConnection.php(606): CodeIgniter\Database\BaseConnection->simpleQuery('SELECT * FROM m...')
#3 C:\laragon\www\pendidikannonformal\app\Views\layout_front_end\template.php(154): CodeIgniter\Database\BaseConnection->query('SELECT * FROM m...')
#4 C:\laragon\www\pendidikannonformal\system\View\View.php(226): include('C:\\laragon\\www\\...')
#5 C:\laragon\www\pendidikannonformal\system\View\View.php(229): CodeIgniter\View\View->CodeIgniter\View\{closure}()
#6 C:\laragon\www\pendidikannonformal\system\View\View.php(242): CodeIgniter\View\View->render('layout_front_en...', Array, true)
#7 C:\laragon\www\pendidikannonformal\system\Common.php(1188): CodeIgniter\View\View->render('home/v_home', Array, true)
#8 C:\laragon\www\pendidikannonformal\app\Controllers\Home.php(48): view('home/v_home', Array)
#9 C:\laragon\www\pendidikannonformal\system\CodeIgniter.php(919): App\Controllers\Home->index()
#10 C:\laragon\www\pendidikannonformal\system\CodeIgniter.php(494): CodeIgniter\CodeIgniter->runController(Object(App\Controllers\Home))
#11 C:\laragon\www\pendidikannonformal\system\CodeIgniter.php(353): CodeIgniter\CodeIgniter->handleRequest(NULL, Object(Config\Cache), false)
#12 C:\laragon\www\pendidikannonformal\public\index.php(79): CodeIgniter\CodeIgniter->run()
#13 C:\laragon\www\pendidikannonformal\system\Commands\Server\rewrite.php(47): require_once('C:\\laragon\\www\\...')
#14 {main}
CRITICAL - 2024-05-17 14:28:49 --> You have an error in your SQL syntax; check the manual that corresponds to your MySQL server version for the right syntax to use near 'WHERE is_active = 1' at line 1
in SYSTEMPATH\Database\BaseConnection.php on line 646.
 1 APPPATH\Views\layout_front_end\template.php(154): CodeIgniter\Database\BaseConnection->query('SELECT * FROM menu ORDER BY no_urut ASC WHERE is_active = 1')
 2 SYSTEMPATH\View\View.php(226): include('C:\\laragon\\www\\pendidikannonformal\\app\\Views\\layout_front_end\\template.php')
 3 SYSTEMPATH\View\View.php(229): CodeIgniter\View\View->CodeIgniter\View\{closure}()
 4 SYSTEMPATH\View\View.php(242): CodeIgniter\View\View->render('layout_front_end/template', [], true)
 5 SYSTEMPATH\Common.php(1188): CodeIgniter\View\View->render('home/v_home', [], true)
 6 APPPATH\Controllers\Home.php(48): view('home/v_home', [...])
 7 SYSTEMPATH\CodeIgniter.php(919): App\Controllers\Home->index()
 8 SYSTEMPATH\CodeIgniter.php(494): CodeIgniter\CodeIgniter->runController(Object(App\Controllers\Home))
 9 SYSTEMPATH\CodeIgniter.php(353): CodeIgniter\CodeIgniter->handleRequest(null, Object(Config\Cache), false)
10 FCPATH\index.php(79): CodeIgniter\CodeIgniter->run()
11 SYSTEMPATH\Commands\Server\rewrite.php(47): require_once('C:\\laragon\\www\\pendidikannonformal\\public\\index.php')
INFO - 2024-05-17 14:29:06 --> Session: Class initialized using 'CodeIgniter\Session\Handlers\FileHandler' driver.
INFO - 2024-05-17 14:29:11 --> Session: Class initialized using 'CodeIgniter\Session\Handlers\FileHandler' driver.
INFO - 2024-05-17 14:29:20 --> Session: Class initialized using 'CodeIgniter\Session\Handlers\FileHandler' driver.
INFO - 2024-05-17 14:29:20 --> CSRF token verified.
INFO - 2024-05-17 14:29:20 --> Session: Class initialized using 'CodeIgniter\Session\Handlers\FileHandler' driver.
INFO - 2024-05-17 14:29:46 --> Session: Class initialized using 'CodeIgniter\Session\Handlers\FileHandler' driver.
INFO - 2024-05-17 14:29:48 --> Session: Class initialized using 'CodeIgniter\Session\Handlers\FileHandler' driver.
INFO - 2024-05-17 14:29:51 --> Session: Class initialized using 'CodeIgniter\Session\Handlers\FileHandler' driver.
INFO - 2024-05-17 14:29:59 --> Session: Class initialized using 'CodeIgniter\Session\Handlers\FileHandler' driver.
INFO - 2024-05-17 14:30:02 --> Session: Class initialized using 'CodeIgniter\Session\Handlers\FileHandler' driver.
INFO - 2024-05-17 14:30:17 --> Session: Class initialized using 'CodeIgniter\Session\Handlers\FileHandler' driver.
INFO - 2024-05-17 14:42:06 --> Session: Class initialized using 'CodeIgniter\Session\Handlers\FileHandler' driver.
INFO - 2024-05-17 14:43:03 --> Session: Class initialized using 'CodeIgniter\Session\Handlers\FileHandler' driver.
INFO - 2024-05-17 14:43:14 --> Session: Class initialized using 'CodeIgniter\Session\Handlers\FileHandler' driver.
INFO - 2024-05-17 14:44:29 --> Session: Class initialized using 'CodeIgniter\Session\Handlers\FileHandler' driver.
INFO - 2024-05-17 14:44:30 --> Session: Class initialized using 'CodeIgniter\Session\Handlers\FileHandler' driver.
INFO - 2024-05-17 14:44:30 --> CSRF token verified.
INFO - 2024-05-17 14:48:28 --> Session: Class initialized using 'CodeIgniter\Session\Handlers\FileHandler' driver.
INFO - 2024-05-17 14:50:18 --> Session: Class initialized using 'CodeIgniter\Session\Handlers\FileHandler' driver.
INFO - 2024-05-17 14:50:20 --> Session: Class initialized using 'CodeIgniter\Session\Handlers\FileHandler' driver.
INFO - 2024-05-17 14:50:20 --> CSRF token verified.
INFO - 2024-05-17 14:50:59 --> Session: Class initialized using 'CodeIgniter\Session\Handlers\FileHandler' driver.
INFO - 2024-05-17 14:51:00 --> Session: Class initialized using 'CodeIgniter\Session\Handlers\FileHandler' driver.
INFO - 2024-05-17 14:51:00 --> CSRF token verified.
INFO - 2024-05-17 14:51:10 --> Session: Class initialized using 'CodeIgniter\Session\Handlers\FileHandler' driver.
INFO - 2024-05-17 14:51:10 --> Session: Class initialized using 'CodeIgniter\Session\Handlers\FileHandler' driver.
INFO - 2024-05-17 14:51:13 --> Session: Class initialized using 'CodeIgniter\Session\Handlers\FileHandler' driver.
INFO - 2024-05-17 14:51:15 --> Session: Class initialized using 'CodeIgniter\Session\Handlers\FileHandler' driver.
INFO - 2024-05-17 14:51:18 --> Session: Class initialized using 'CodeIgniter\Session\Handlers\FileHandler' driver.
INFO - 2024-05-17 14:51:23 --> Session: Class initialized using 'CodeIgniter\Session\Handlers\FileHandler' driver.
INFO - 2024-05-17 14:51:27 --> Session: Class initialized using 'CodeIgniter\Session\Handlers\FileHandler' driver.
INFO - 2024-05-17 14:51:29 --> Session: Class initialized using 'CodeIgniter\Session\Handlers\FileHandler' driver.
INFO - 2024-05-17 14:51:35 --> Session: Class initialized using 'CodeIgniter\Session\Handlers\FileHandler' driver.
INFO - 2024-05-17 14:51:38 --> Session: Class initialized using 'CodeIgniter\Session\Handlers\FileHandler' driver.
INFO - 2024-05-17 14:52:30 --> Session: Class initialized using 'CodeIgniter\Session\Handlers\FileHandler' driver.
INFO - 2024-05-17 14:52:32 --> Session: Class initialized using 'CodeIgniter\Session\Handlers\FileHandler' driver.
INFO - 2024-05-17 14:52:34 --> Session: Class initialized using 'CodeIgniter\Session\Handlers\FileHandler' driver.
INFO - 2024-05-17 14:52:36 --> Session: Class initialized using 'CodeIgniter\Session\Handlers\FileHandler' driver.
INFO - 2024-05-17 14:52:40 --> Session: Class initialized using 'CodeIgniter\Session\Handlers\FileHandler' driver.
INFO - 2024-05-17 14:52:40 --> CSRF token verified.
INFO - 2024-05-17 14:52:41 --> Session: Class initialized using 'CodeIgniter\Session\Handlers\FileHandler' driver.
INFO - 2024-05-17 14:52:56 --> Session: Class initialized using 'CodeIgniter\Session\Handlers\FileHandler' driver.
INFO - 2024-05-17 14:53:05 --> Session: Class initialized using 'CodeIgniter\Session\Handlers\FileHandler' driver.
INFO - 2024-05-17 14:53:05 --> CSRF token verified.
INFO - 2024-05-17 14:53:05 --> Session: Class initialized using 'CodeIgniter\Session\Handlers\FileHandler' driver.
INFO - 2024-05-17 14:54:01 --> Session: Class initialized using 'CodeIgniter\Session\Handlers\FileHandler' driver.
INFO - 2024-05-17 14:54:41 --> Session: Class initialized using 'CodeIgniter\Session\Handlers\FileHandler' driver.
INFO - 2024-05-17 14:54:50 --> Session: Class initialized using 'CodeIgniter\Session\Handlers\FileHandler' driver.
INFO - 2024-05-17 14:54:50 --> CSRF token verified.
INFO - 2024-05-17 14:54:50 --> Session: Class initialized using 'CodeIgniter\Session\Handlers\FileHandler' driver.
INFO - 2024-05-17 14:55:10 --> Session: Class initialized using 'CodeIgniter\Session\Handlers\FileHandler' driver.
INFO - 2024-05-17 14:55:12 --> Session: Class initialized using 'CodeIgniter\Session\Handlers\FileHandler' driver.
INFO - 2024-05-17 14:55:12 --> CSRF token verified.
INFO - 2024-05-17 14:55:13 --> Session: Class initialized using 'CodeIgniter\Session\Handlers\FileHandler' driver.
INFO - 2024-05-17 14:55:22 --> Session: Class initialized using 'CodeIgniter\Session\Handlers\FileHandler' driver.
INFO - 2024-05-17 14:55:31 --> Session: Class initialized using 'CodeIgniter\Session\Handlers\FileHandler' driver.
INFO - 2024-05-17 14:55:37 --> Session: Class initialized using 'CodeIgniter\Session\Handlers\FileHandler' driver.
INFO - 2024-05-17 14:55:44 --> Session: Class initialized using 'CodeIgniter\Session\Handlers\FileHandler' driver.
INFO - 2024-05-17 14:55:44 --> CSRF token verified.
INFO - 2024-05-17 14:55:44 --> Session: Class initialized using 'CodeIgniter\Session\Handlers\FileHandler' driver.
INFO - 2024-05-17 14:55:49 --> Session: Class initialized using 'CodeIgniter\Session\Handlers\FileHandler' driver.
INFO - 2024-05-17 14:55:49 --> CSRF token verified.
INFO - 2024-05-17 14:55:49 --> Session: Class initialized using 'CodeIgniter\Session\Handlers\FileHandler' driver.
INFO - 2024-05-17 14:56:04 --> Session: Class initialized using 'CodeIgniter\Session\Handlers\FileHandler' driver.
INFO - 2024-05-17 14:56:08 --> Session: Class initialized using 'CodeIgniter\Session\Handlers\FileHandler' driver.
INFO - 2024-05-17 14:56:08 --> CSRF token verified.
INFO - 2024-05-17 14:56:08 --> Session: Class initialized using 'CodeIgniter\Session\Handlers\FileHandler' driver.
INFO - 2024-05-17 15:01:12 --> Session: Class initialized using 'CodeIgniter\Session\Handlers\FileHandler' driver.
INFO - 2024-05-17 15:01:15 --> Session: Class initialized using 'CodeIgniter\Session\Handlers\FileHandler' driver.
CRITICAL - 2024-05-17 15:01:15 --> Undefined variable $detailMenu
in APPPATH\Views\menu\form_edit_submenu.php on line 20.
 1 APPPATH\Views\menu\form_edit_submenu.php(20): CodeIgniter\Debug\Exceptions->errorHandler(2, 'Undefined variable $detailMenu', 'C:\\laragon\\www\\pendidikannonformal\\app\\Views\\menu\\form_edit_submenu.php', 20)
 2 SYSTEMPATH\View\View.php(226): include('C:\\laragon\\www\\pendidikannonformal\\app\\Views\\menu\\form_edit_submenu.php')
 3 SYSTEMPATH\View\View.php(229): CodeIgniter\View\View->CodeIgniter\View\{closure}()
 4 SYSTEMPATH\Common.php(1188): CodeIgniter\View\View->render('menu/form_edit_submenu', [], true)
 5 APPPATH\Controllers\Menu.php(215): view('menu/form_edit_submenu', [...])
 6 SYSTEMPATH\CodeIgniter.php(919): App\Controllers\Menu->edit_submenu('3')
 7 SYSTEMPATH\CodeIgniter.php(494): CodeIgniter\CodeIgniter->runController(Object(App\Controllers\Menu))
 8 SYSTEMPATH\CodeIgniter.php(353): CodeIgniter\CodeIgniter->handleRequest(null, Object(Config\Cache), false)
 9 FCPATH\index.php(79): CodeIgniter\CodeIgniter->run()
10 SYSTEMPATH\Commands\Server\rewrite.php(47): require_once('C:\\laragon\\www\\pendidikannonformal\\public\\index.php')
INFO - 2024-05-17 15:01:35 --> Session: Class initialized using 'CodeIgniter\Session\Handlers\FileHandler' driver.
INFO - 2024-05-17 15:06:39 --> Session: Class initialized using 'CodeIgniter\Session\Handlers\FileHandler' driver.
INFO - 2024-05-17 15:06:43 --> Session: Class initialized using 'CodeIgniter\Session\Handlers\FileHandler' driver.
INFO - 2024-05-17 15:06:47 --> Session: Class initialized using 'CodeIgniter\Session\Handlers\FileHandler' driver.
INFO - 2024-05-17 15:06:51 --> Session: Class initialized using 'CodeIgniter\Session\Handlers\FileHandler' driver.
INFO - 2024-05-17 15:08:58 --> Session: Class initialized using 'CodeIgniter\Session\Handlers\FileHandler' driver.
INFO - 2024-05-17 15:09:18 --> Session: Class initialized using 'CodeIgniter\Session\Handlers\FileHandler' driver.
INFO - 2024-05-17 15:09:20 --> Session: Class initialized using 'CodeIgniter\Session\Handlers\FileHandler' driver.
INFO - 2024-05-17 15:09:22 --> Session: Class initialized using 'CodeIgniter\Session\Handlers\FileHandler' driver.
INFO - 2024-05-17 15:13:05 --> Session: Class initialized using 'CodeIgniter\Session\Handlers\FileHandler' driver.
INFO - 2024-05-17 15:13:07 --> Session: Class initialized using 'CodeIgniter\Session\Handlers\FileHandler' driver.
INFO - 2024-05-17 15:13:07 --> CSRF token verified.
INFO - 2024-05-17 15:13:07 --> Session: Class initialized using 'CodeIgniter\Session\Handlers\FileHandler' driver.
INFO - 2024-05-17 15:13:30 --> Session: Class initialized using 'CodeIgniter\Session\Handlers\FileHandler' driver.
INFO - 2024-05-17 15:13:30 --> CSRF token verified.
INFO - 2024-05-17 15:13:30 --> Session: Class initialized using 'CodeIgniter\Session\Handlers\FileHandler' driver.
INFO - 2024-05-17 15:13:37 --> Session: Class initialized using 'CodeIgniter\Session\Handlers\FileHandler' driver.
INFO - 2024-05-17 15:13:38 --> Session: Class initialized using 'CodeIgniter\Session\Handlers\FileHandler' driver.
INFO - 2024-05-17 15:13:38 --> CSRF token verified.
INFO - 2024-05-17 15:13:38 --> Session: Class initialized using 'CodeIgniter\Session\Handlers\FileHandler' driver.
INFO - 2024-05-17 15:13:57 --> Session: Class initialized using 'CodeIgniter\Session\Handlers\FileHandler' driver.
INFO - 2024-05-17 15:13:58 --> Session: Class initialized using 'CodeIgniter\Session\Handlers\FileHandler' driver.
INFO - 2024-05-17 15:13:58 --> CSRF token verified.
INFO - 2024-05-17 15:13:58 --> Session: Class initialized using 'CodeIgniter\Session\Handlers\FileHandler' driver.
INFO - 2024-05-17 15:14:29 --> Session: Class initialized using 'CodeIgniter\Session\Handlers\FileHandler' driver.
INFO - 2024-05-17 15:14:32 --> Session: Class initialized using 'CodeIgniter\Session\Handlers\FileHandler' driver.
INFO - 2024-05-17 15:14:32 --> CSRF token verified.
INFO - 2024-05-17 15:14:32 --> Session: Class initialized using 'CodeIgniter\Session\Handlers\FileHandler' driver.
INFO - 2024-05-17 15:14:56 --> Session: Class initialized using 'CodeIgniter\Session\Handlers\FileHandler' driver.
INFO - 2024-05-17 15:15:03 --> Session: Class initialized using 'CodeIgniter\Session\Handlers\FileHandler' driver.
INFO - 2024-05-17 15:15:03 --> CSRF token verified.
INFO - 2024-05-17 15:15:03 --> Session: Class initialized using 'CodeIgniter\Session\Handlers\FileHandler' driver.
INFO - 2024-05-17 15:15:09 --> Session: Class initialized using 'CodeIgniter\Session\Handlers\FileHandler' driver.
INFO - 2024-05-17 15:15:16 --> Session: Class initialized using 'CodeIgniter\Session\Handlers\FileHandler' driver.
INFO - 2024-05-17 15:15:16 --> CSRF token verified.
INFO - 2024-05-17 15:15:16 --> Session: Class initialized using 'CodeIgniter\Session\Handlers\FileHandler' driver.
INFO - 2024-05-17 15:16:26 --> Session: Class initialized using 'CodeIgniter\Session\Handlers\FileHandler' driver.
INFO - 2024-05-17 15:16:29 --> Session: Class initialized using 'CodeIgniter\Session\Handlers\FileHandler' driver.
INFO - 2024-05-17 15:16:33 --> Session: Class initialized using 'CodeIgniter\Session\Handlers\FileHandler' driver.
INFO - 2024-05-17 15:16:33 --> CSRF token verified.
INFO - 2024-05-17 15:16:33 --> Session: Class initialized using 'CodeIgniter\Session\Handlers\FileHandler' driver.
INFO - 2024-05-17 15:17:17 --> Session: Class initialized using 'CodeIgniter\Session\Handlers\FileHandler' driver.
INFO - 2024-05-17 15:18:08 --> Session: Class initialized using 'CodeIgniter\Session\Handlers\FileHandler' driver.
INFO - 2024-05-17 15:18:11 --> Session: Class initialized using 'CodeIgniter\Session\Handlers\FileHandler' driver.
INFO - 2024-05-17 15:18:11 --> CSRF token verified.
INFO - 2024-05-17 15:18:11 --> Session: Class initialized using 'CodeIgniter\Session\Handlers\FileHandler' driver.
INFO - 2024-05-17 15:18:22 --> Session: Class initialized using 'CodeIgniter\Session\Handlers\FileHandler' driver.
INFO - 2024-05-17 15:18:24 --> Session: Class initialized using 'CodeIgniter\Session\Handlers\FileHandler' driver.
INFO - 2024-05-17 15:18:27 --> Session: Class initialized using 'CodeIgniter\Session\Handlers\FileHandler' driver.
INFO - 2024-05-17 15:18:27 --> CSRF token verified.
INFO - 2024-05-17 15:18:27 --> Session: Class initialized using 'CodeIgniter\Session\Handlers\FileHandler' driver.
INFO - 2024-05-17 15:18:42 --> Session: Class initialized using 'CodeIgniter\Session\Handlers\FileHandler' driver.
INFO - 2024-05-17 15:18:57 --> Session: Class initialized using 'CodeIgniter\Session\Handlers\FileHandler' driver.
INFO - 2024-05-17 15:18:57 --> CSRF token verified.
INFO - 2024-05-17 15:18:57 --> Session: Class initialized using 'CodeIgniter\Session\Handlers\FileHandler' driver.
INFO - 2024-05-17 15:19:07 --> Session: Class initialized using 'CodeIgniter\Session\Handlers\FileHandler' driver.
INFO - 2024-05-17 15:19:10 --> Session: Class initialized using 'CodeIgniter\Session\Handlers\FileHandler' driver.
INFO - 2024-05-17 15:19:24 --> Session: Class initialized using 'CodeIgniter\Session\Handlers\FileHandler' driver.
INFO - 2024-05-17 15:19:27 --> Session: Class initialized using 'CodeIgniter\Session\Handlers\FileHandler' driver.
INFO - 2024-05-17 15:19:27 --> CSRF token verified.
INFO - 2024-05-17 15:19:27 --> Session: Class initialized using 'CodeIgniter\Session\Handlers\FileHandler' driver.
INFO - 2024-05-17 15:19:35 --> Session: Class initialized using 'CodeIgniter\Session\Handlers\FileHandler' driver.
INFO - 2024-05-17 15:19:44 --> Session: Class initialized using 'CodeIgniter\Session\Handlers\FileHandler' driver.
INFO - 2024-05-17 15:19:49 --> Session: Class initialized using 'CodeIgniter\Session\Handlers\FileHandler' driver.
INFO - 2024-05-17 15:19:54 --> Session: Class initialized using 'CodeIgniter\Session\Handlers\FileHandler' driver.
INFO - 2024-05-17 15:21:22 --> Session: Class initialized using 'CodeIgniter\Session\Handlers\FileHandler' driver.
INFO - 2024-05-17 15:21:47 --> Session: Class initialized using 'CodeIgniter\Session\Handlers\FileHandler' driver.
INFO - 2024-05-17 15:23:03 --> Session: Class initialized using 'CodeIgniter\Session\Handlers\FileHandler' driver.
INFO - 2024-05-17 15:23:03 --> Session: Class initialized using 'CodeIgniter\Session\Handlers\FileHandler' driver.
INFO - 2024-05-17 15:23:11 --> CSRF token verified.
INFO - 2024-05-17 15:23:11 --> Session: Class initialized using 'CodeIgniter\Session\Handlers\FileHandler' driver.
INFO - 2024-05-17 15:23:11 --> Session: Class initialized using 'CodeIgniter\Session\Handlers\FileHandler' driver.
INFO - 2024-05-17 15:23:13 --> Session: Class initialized using 'CodeIgniter\Session\Handlers\FileHandler' driver.
INFO - 2024-05-17 15:23:41 --> Session: Class initialized using 'CodeIgniter\Session\Handlers\FileHandler' driver.
INFO - 2024-05-17 15:24:55 --> Session: Class initialized using 'CodeIgniter\Session\Handlers\FileHandler' driver.
INFO - 2024-05-17 15:24:59 --> Session: Class initialized using 'CodeIgniter\Session\Handlers\FileHandler' driver.
INFO - 2024-05-17 15:25:05 --> Session: Class initialized using 'CodeIgniter\Session\Handlers\FileHandler' driver.
INFO - 2024-05-17 15:25:40 --> Session: Class initialized using 'CodeIgniter\Session\Handlers\FileHandler' driver.
INFO - 2024-05-17 15:26:20 --> Session: Class initialized using 'CodeIgniter\Session\Handlers\FileHandler' driver.
INFO - 2024-05-17 15:33:51 --> Session: Class initialized using 'CodeIgniter\Session\Handlers\FileHandler' driver.
INFO - 2024-05-17 15:34:18 --> Session: Class initialized using 'CodeIgniter\Session\Handlers\FileHandler' driver.
INFO - 2024-05-17 15:34:40 --> Session: Class initialized using 'CodeIgniter\Session\Handlers\FileHandler' driver.
INFO - 2024-05-17 15:34:43 --> Session: Class initialized using 'CodeIgniter\Session\Handlers\FileHandler' driver.
INFO - 2024-05-17 15:34:44 --> Session: Class initialized using 'CodeIgniter\Session\Handlers\FileHandler' driver.
INFO - 2024-05-17 15:34:45 --> Session: Class initialized using 'CodeIgniter\Session\Handlers\FileHandler' driver.
INFO - 2024-05-17 15:34:56 --> Session: Class initialized using 'CodeIgniter\Session\Handlers\FileHandler' driver.
INFO - 2024-05-17 15:35:25 --> Session: Class initialized using 'CodeIgniter\Session\Handlers\FileHandler' driver.
INFO - 2024-05-17 15:35:42 --> Session: Class initialized using 'CodeIgniter\Session\Handlers\FileHandler' driver.
INFO - 2024-05-17 15:35:51 --> Session: Class initialized using 'CodeIgniter\Session\Handlers\FileHandler' driver.
INFO - 2024-05-17 15:36:01 --> Session: Class initialized using 'CodeIgniter\Session\Handlers\FileHandler' driver.
INFO - 2024-05-17 15:36:25 --> Session: Class initialized using 'CodeIgniter\Session\Handlers\FileHandler' driver.
INFO - 2024-05-17 15:38:03 --> Session: Class initialized using 'CodeIgniter\Session\Handlers\FileHandler' driver.
INFO - 2024-05-17 15:38:36 --> Session: Class initialized using 'CodeIgniter\Session\Handlers\FileHandler' driver.
INFO - 2024-05-17 15:41:32 --> Session: Class initialized using 'CodeIgniter\Session\Handlers\FileHandler' driver.
INFO - 2024-05-17 15:43:34 --> Session: Class initialized using 'CodeIgniter\Session\Handlers\FileHandler' driver.
INFO - 2024-05-17 15:52:02 --> Session: Class initialized using 'CodeIgniter\Session\Handlers\FileHandler' driver.
CRITICAL - 2024-05-17 15:52:02 --> Declaration of App\Models\MenuModel::delete($id = null) must be compatible with CodeIgniter\BaseModel::delete($id = null, bool $purge = false)
in APPPATH\Models\MenuModel.php on line 69.
 1 [internal function]: CodeIgniter\Debug\Exceptions->shutdownHandler()
INFO - 2024-05-17 15:52:07 --> Session: Class initialized using 'CodeIgniter\Session\Handlers\FileHandler' driver.
CRITICAL - 2024-05-17 15:52:07 --> Declaration of App\Models\MenuModel::delete($id = null) must be compatible with CodeIgniter\BaseModel::delete($id = null, bool $purge = false)
in APPPATH\Models\MenuModel.php on line 69.
 1 [internal function]: CodeIgniter\Debug\Exceptions->shutdownHandler()
INFO - 2024-05-17 15:52:35 --> Session: Class initialized using 'CodeIgniter\Session\Handlers\FileHandler' driver.
CRITICAL - 2024-05-17 15:52:35 --> Declaration of App\Models\MenuModel::delete($id = null) must be compatible with CodeIgniter\BaseModel::delete($id = null, bool $purge = false)
in APPPATH\Models\MenuModel.php on line 69.
 1 [internal function]: CodeIgniter\Debug\Exceptions->shutdownHandler()
INFO - 2024-05-17 15:52:37 --> Session: Class initialized using 'CodeIgniter\Session\Handlers\FileHandler' driver.
INFO - 2024-05-17 15:52:39 --> Session: Class initialized using 'CodeIgniter\Session\Handlers\FileHandler' driver.
CRITICAL - 2024-05-17 15:52:39 --> Declaration of App\Models\MenuModel::delete($id = null) must be compatible with CodeIgniter\BaseModel::delete($id = null, bool $purge = false)
in APPPATH\Models\MenuModel.php on line 69.
 1 [internal function]: CodeIgniter\Debug\Exceptions->shutdownHandler()
INFO - 2024-05-17 15:52:50 --> Session: Class initialized using 'CodeIgniter\Session\Handlers\FileHandler' driver.
CRITICAL - 2024-05-17 15:52:50 --> Declaration of App\Models\MenuModel::delete($id = null) must be compatible with CodeIgniter\BaseModel::delete($id = null, bool $purge = false)
in APPPATH\Models\MenuModel.php on line 69.
 1 [internal function]: CodeIgniter\Debug\Exceptions->shutdownHandler()
INFO - 2024-05-17 15:52:51 --> Session: Class initialized using 'CodeIgniter\Session\Handlers\FileHandler' driver.
INFO - 2024-05-17 15:52:52 --> Session: Class initialized using 'CodeIgniter\Session\Handlers\FileHandler' driver.
INFO - 2024-05-17 15:52:53 --> Session: Class initialized using 'CodeIgniter\Session\Handlers\FileHandler' driver.
CRITICAL - 2024-05-17 15:52:53 --> Declaration of App\Models\MenuModel::delete($id = null) must be compatible with CodeIgniter\BaseModel::delete($id = null, bool $purge = false)
in APPPATH\Models\MenuModel.php on line 69.
 1 [internal function]: CodeIgniter\Debug\Exceptions->shutdownHandler()
INFO - 2024-05-17 15:55:43 --> Session: Class initialized using 'CodeIgniter\Session\Handlers\FileHandler' driver.
INFO - 2024-05-17 15:55:48 --> Session: Class initialized using 'CodeIgniter\Session\Handlers\FileHandler' driver.
INFO - 2024-05-17 15:55:48 --> CSRF token verified.
ERROR - 2024-05-17 15:55:48 --> mysqli_sql_exception: You have an error in your SQL syntax; check the manual that corresponds to your MySQL server version for the right syntax to use near '*
FROM `menu`
WHERE `main_menu` = '1'' at line 1 in C:\laragon\www\pendidikannonformal\system\Database\MySQLi\Connection.php:306
Stack trace:
#0 C:\laragon\www\pendidikannonformal\system\Database\MySQLi\Connection.php(306): mysqli->query('SELECT COUNT(*)...', 0)
#1 C:\laragon\www\pendidikannonformal\system\Database\BaseConnection.php(692): CodeIgniter\Database\MySQLi\Connection->execute('SELECT COUNT(*)...')
#2 C:\laragon\www\pendidikannonformal\system\Database\BaseConnection.php(606): CodeIgniter\Database\BaseConnection->simpleQuery('SELECT COUNT(*)...')
#3 C:\laragon\www\pendidikannonformal\system\Database\BaseBuilder.php(1615): CodeIgniter\Database\BaseConnection->query('SELECT COUNT(*)...', Array, false)
#4 C:\laragon\www\pendidikannonformal\app\Models\MenuModel.php(84): CodeIgniter\Database\BaseBuilder->get()
#5 C:\laragon\www\pendidikannonformal\app\Controllers\Menu.php(272): App\Models\MenuModel->cekApakahBisaDihapus('1')
#6 C:\laragon\www\pendidikannonformal\system\CodeIgniter.php(919): App\Controllers\Menu->hapus('1')
#7 C:\laragon\www\pendidikannonformal\system\CodeIgniter.php(494): CodeIgniter\CodeIgniter->runController(Object(App\Controllers\Menu))
#8 C:\laragon\www\pendidikannonformal\system\CodeIgniter.php(353): CodeIgniter\CodeIgniter->handleRequest(NULL, Object(Config\Cache), false)
#9 C:\laragon\www\pendidikannonformal\public\index.php(79): CodeIgniter\CodeIgniter->run()
#10 C:\laragon\www\pendidikannonformal\system\Commands\Server\rewrite.php(47): require_once('C:\\laragon\\www\\...')
#11 {main}
CRITICAL - 2024-05-17 15:55:48 --> You have an error in your SQL syntax; check the manual that corresponds to your MySQL server version for the right syntax to use near '*
FROM `menu`
WHERE `main_menu` = '1'' at line 1
in SYSTEMPATH\Database\BaseConnection.php on line 646.
 1 SYSTEMPATH\Database\BaseBuilder.php(1615): CodeIgniter\Database\BaseConnection->query('SELECT COUNT(*) AS *
FROM `menu`
WHERE `main_menu` = :main_menu:', [...], false)
 2 APPPATH\Models\MenuModel.php(84): CodeIgniter\Database\BaseBuilder->get()
 3 APPPATH\Controllers\Menu.php(272): App\Models\MenuModel->cekApakahBisaDihapus('1')
 4 SYSTEMPATH\CodeIgniter.php(919): App\Controllers\Menu->hapus('1')
 5 SYSTEMPATH\CodeIgniter.php(494): CodeIgniter\CodeIgniter->runController(Object(App\Controllers\Menu))
 6 SYSTEMPATH\CodeIgniter.php(353): CodeIgniter\CodeIgniter->handleRequest(null, Object(Config\Cache), false)
 7 FCPATH\index.php(79): CodeIgniter\CodeIgniter->run()
 8 SYSTEMPATH\Commands\Server\rewrite.php(47): require_once('C:\\laragon\\www\\pendidikannonformal\\public\\index.php')
INFO - 2024-05-17 15:56:28 --> Session: Class initialized using 'CodeIgniter\Session\Handlers\FileHandler' driver.
INFO - 2024-05-17 15:56:28 --> CSRF token verified.
ERROR - 2024-05-17 15:56:28 --> mysqli_sql_exception: You have an error in your SQL syntax; check the manual that corresponds to your MySQL server version for the right syntax to use near '*
FROM `menu`
WHERE `main_menu` = '1'' at line 1 in C:\laragon\www\pendidikannonformal\system\Database\MySQLi\Connection.php:306
Stack trace:
#0 C:\laragon\www\pendidikannonformal\system\Database\MySQLi\Connection.php(306): mysqli->query('SELECT COUNT(*)...', 0)
#1 C:\laragon\www\pendidikannonformal\system\Database\BaseConnection.php(692): CodeIgniter\Database\MySQLi\Connection->execute('SELECT COUNT(*)...')
#2 C:\laragon\www\pendidikannonformal\system\Database\BaseConnection.php(606): CodeIgniter\Database\BaseConnection->simpleQuery('SELECT COUNT(*)...')
#3 C:\laragon\www\pendidikannonformal\system\Database\BaseBuilder.php(1615): CodeIgniter\Database\BaseConnection->query('SELECT COUNT(*)...', Array, false)
#4 C:\laragon\www\pendidikannonformal\app\Models\MenuModel.php(84): CodeIgniter\Database\BaseBuilder->get()
#5 C:\laragon\www\pendidikannonformal\app\Controllers\Menu.php(272): App\Models\MenuModel->cekApakahBisaDihapus('1')
#6 C:\laragon\www\pendidikannonformal\system\CodeIgniter.php(919): App\Controllers\Menu->hapus('1')
#7 C:\laragon\www\pendidikannonformal\system\CodeIgniter.php(494): CodeIgniter\CodeIgniter->runController(Object(App\Controllers\Menu))
#8 C:\laragon\www\pendidikannonformal\system\CodeIgniter.php(353): CodeIgniter\CodeIgniter->handleRequest(NULL, Object(Config\Cache), false)
#9 C:\laragon\www\pendidikannonformal\public\index.php(79): CodeIgniter\CodeIgniter->run()
#10 C:\laragon\www\pendidikannonformal\system\Commands\Server\rewrite.php(47): require_once('C:\\laragon\\www\\...')
#11 {main}
CRITICAL - 2024-05-17 15:56:28 --> You have an error in your SQL syntax; check the manual that corresponds to your MySQL server version for the right syntax to use near '*
FROM `menu`
WHERE `main_menu` = '1'' at line 1
in SYSTEMPATH\Database\BaseConnection.php on line 646.
 1 SYSTEMPATH\Database\BaseBuilder.php(1615): CodeIgniter\Database\BaseConnection->query('SELECT COUNT(*) AS *
FROM `menu`
WHERE `main_menu` = :main_menu:', [...], false)
 2 APPPATH\Models\MenuModel.php(84): CodeIgniter\Database\BaseBuilder->get()
 3 APPPATH\Controllers\Menu.php(272): App\Models\MenuModel->cekApakahBisaDihapus('1')
 4 SYSTEMPATH\CodeIgniter.php(919): App\Controllers\Menu->hapus('1')
 5 SYSTEMPATH\CodeIgniter.php(494): CodeIgniter\CodeIgniter->runController(Object(App\Controllers\Menu))
 6 SYSTEMPATH\CodeIgniter.php(353): CodeIgniter\CodeIgniter->handleRequest(null, Object(Config\Cache), false)
 7 FCPATH\index.php(79): CodeIgniter\CodeIgniter->run()
 8 SYSTEMPATH\Commands\Server\rewrite.php(47): require_once('C:\\laragon\\www\\pendidikannonformal\\public\\index.php')
INFO - 2024-05-17 15:56:31 --> Session: Class initialized using 'CodeIgniter\Session\Handlers\FileHandler' driver.
INFO - 2024-05-17 15:56:34 --> Session: Class initialized using 'CodeIgniter\Session\Handlers\FileHandler' driver.
INFO - 2024-05-17 15:56:34 --> CSRF token verified.
ERROR - 2024-05-17 15:56:34 --> mysqli_sql_exception: You have an error in your SQL syntax; check the manual that corresponds to your MySQL server version for the right syntax to use near '*
FROM `menu`
WHERE `main_menu` = '1'' at line 1 in C:\laragon\www\pendidikannonformal\system\Database\MySQLi\Connection.php:306
Stack trace:
#0 C:\laragon\www\pendidikannonformal\system\Database\MySQLi\Connection.php(306): mysqli->query('SELECT COUNT(*)...', 0)
#1 C:\laragon\www\pendidikannonformal\system\Database\BaseConnection.php(692): CodeIgniter\Database\MySQLi\Connection->execute('SELECT COUNT(*)...')
#2 C:\laragon\www\pendidikannonformal\system\Database\BaseConnection.php(606): CodeIgniter\Database\BaseConnection->simpleQuery('SELECT COUNT(*)...')
#3 C:\laragon\www\pendidikannonformal\system\Database\BaseBuilder.php(1615): CodeIgniter\Database\BaseConnection->query('SELECT COUNT(*)...', Array, false)
#4 C:\laragon\www\pendidikannonformal\app\Models\MenuModel.php(84): CodeIgniter\Database\BaseBuilder->get()
#5 C:\laragon\www\pendidikannonformal\app\Controllers\Menu.php(272): App\Models\MenuModel->cekApakahBisaDihapus('1')
#6 C:\laragon\www\pendidikannonformal\system\CodeIgniter.php(919): App\Controllers\Menu->hapus('1')
#7 C:\laragon\www\pendidikannonformal\system\CodeIgniter.php(494): CodeIgniter\CodeIgniter->runController(Object(App\Controllers\Menu))
#8 C:\laragon\www\pendidikannonformal\system\CodeIgniter.php(353): CodeIgniter\CodeIgniter->handleRequest(NULL, Object(Config\Cache), false)
#9 C:\laragon\www\pendidikannonformal\public\index.php(79): CodeIgniter\CodeIgniter->run()
#10 C:\laragon\www\pendidikannonformal\system\Commands\Server\rewrite.php(47): require_once('C:\\laragon\\www\\...')
#11 {main}
CRITICAL - 2024-05-17 15:56:34 --> You have an error in your SQL syntax; check the manual that corresponds to your MySQL server version for the right syntax to use near '*
FROM `menu`
WHERE `main_menu` = '1'' at line 1
in SYSTEMPATH\Database\BaseConnection.php on line 646.
 1 SYSTEMPATH\Database\BaseBuilder.php(1615): CodeIgniter\Database\BaseConnection->query('SELECT COUNT(*) AS *
FROM `menu`
WHERE `main_menu` = :main_menu:', [...], false)
 2 APPPATH\Models\MenuModel.php(84): CodeIgniter\Database\BaseBuilder->get()
 3 APPPATH\Controllers\Menu.php(272): App\Models\MenuModel->cekApakahBisaDihapus('1')
 4 SYSTEMPATH\CodeIgniter.php(919): App\Controllers\Menu->hapus('1')
 5 SYSTEMPATH\CodeIgniter.php(494): CodeIgniter\CodeIgniter->runController(Object(App\Controllers\Menu))
 6 SYSTEMPATH\CodeIgniter.php(353): CodeIgniter\CodeIgniter->handleRequest(null, Object(Config\Cache), false)
 7 FCPATH\index.php(79): CodeIgniter\CodeIgniter->run()
 8 SYSTEMPATH\Commands\Server\rewrite.php(47): require_once('C:\\laragon\\www\\pendidikannonformal\\public\\index.php')
INFO - 2024-05-17 15:56:49 --> Session: Class initialized using 'CodeIgniter\Session\Handlers\FileHandler' driver.
INFO - 2024-05-17 15:56:49 --> CSRF token verified.
INFO - 2024-05-17 15:57:04 --> Session: Class initialized using 'CodeIgniter\Session\Handlers\FileHandler' driver.
INFO - 2024-05-17 15:57:11 --> Session: Class initialized using 'CodeIgniter\Session\Handlers\FileHandler' driver.
INFO - 2024-05-17 15:57:11 --> CSRF token verified.
INFO - 2024-05-17 15:57:16 --> Session: Class initialized using 'CodeIgniter\Session\Handlers\FileHandler' driver.
INFO - 2024-05-17 15:57:29 --> Session: Class initialized using 'CodeIgniter\Session\Handlers\FileHandler' driver.
INFO - 2024-05-17 15:57:31 --> Session: Class initialized using 'CodeIgniter\Session\Handlers\FileHandler' driver.
INFO - 2024-05-17 15:57:31 --> CSRF token verified.
INFO - 2024-05-17 15:57:36 --> Session: Class initialized using 'CodeIgniter\Session\Handlers\FileHandler' driver.
INFO - 2024-05-17 15:57:40 --> Session: Class initialized using 'CodeIgniter\Session\Handlers\FileHandler' driver.
INFO - 2024-05-17 15:57:40 --> CSRF token verified.
INFO - 2024-05-17 15:57:43 --> Session: Class initialized using 'CodeIgniter\Session\Handlers\FileHandler' driver.
INFO - 2024-05-17 15:57:48 --> Session: Class initialized using 'CodeIgniter\Session\Handlers\FileHandler' driver.
INFO - 2024-05-17 15:57:48 --> CSRF token verified.
INFO - 2024-05-17 15:58:00 --> Session: Class initialized using 'CodeIgniter\Session\Handlers\FileHandler' driver.
INFO - 2024-05-17 15:58:00 --> CSRF token verified.
INFO - 2024-05-17 15:58:29 --> Session: Class initialized using 'CodeIgniter\Session\Handlers\FileHandler' driver.
INFO - 2024-05-17 15:58:29 --> CSRF token verified.
INFO - 2024-05-17 15:58:37 --> Session: Class initialized using 'CodeIgniter\Session\Handlers\FileHandler' driver.
INFO - 2024-05-17 15:58:37 --> CSRF token verified.
INFO - 2024-05-17 15:58:40 --> Session: Class initialized using 'CodeIgniter\Session\Handlers\FileHandler' driver.
INFO - 2024-05-17 15:58:43 --> Session: Class initialized using 'CodeIgniter\Session\Handlers\FileHandler' driver.
INFO - 2024-05-17 15:58:43 --> CSRF token verified.
INFO - 2024-05-17 15:58:45 --> Session: Class initialized using 'CodeIgniter\Session\Handlers\FileHandler' driver.
INFO - 2024-05-17 15:58:47 --> Session: Class initialized using 'CodeIgniter\Session\Handlers\FileHandler' driver.
INFO - 2024-05-17 15:58:47 --> CSRF token verified.
INFO - 2024-05-17 16:00:22 --> Session: Class initialized using 'CodeIgniter\Session\Handlers\FileHandler' driver.
INFO - 2024-05-17 16:00:25 --> Session: Class initialized using 'CodeIgniter\Session\Handlers\FileHandler' driver.
INFO - 2024-05-17 16:00:25 --> CSRF token verified.
INFO - 2024-05-17 16:00:25 --> Session: Class initialized using 'CodeIgniter\Session\Handlers\FileHandler' driver.
INFO - 2024-05-17 16:00:37 --> Session: Class initialized using 'CodeIgniter\Session\Handlers\FileHandler' driver.
INFO - 2024-05-17 16:00:37 --> CSRF token verified.
INFO - 2024-05-17 16:00:37 --> Session: Class initialized using 'CodeIgniter\Session\Handlers\FileHandler' driver.
INFO - 2024-05-17 16:00:41 --> Session: Class initialized using 'CodeIgniter\Session\Handlers\FileHandler' driver.
INFO - 2024-05-17 16:00:41 --> CSRF token verified.
INFO - 2024-05-17 16:00:41 --> Session: Class initialized using 'CodeIgniter\Session\Handlers\FileHandler' driver.
INFO - 2024-05-17 16:00:44 --> Session: Class initialized using 'CodeIgniter\Session\Handlers\FileHandler' driver.
INFO - 2024-05-17 16:00:44 --> CSRF token verified.
INFO - 2024-05-17 16:00:45 --> Session: Class initialized using 'CodeIgniter\Session\Handlers\FileHandler' driver.
INFO - 2024-05-17 16:00:59 --> Session: Class initialized using 'CodeIgniter\Session\Handlers\FileHandler' driver.
INFO - 2024-05-17 16:00:59 --> CSRF token verified.
INFO - 2024-05-17 16:01:00 --> Session: Class initialized using 'CodeIgniter\Session\Handlers\FileHandler' driver.
INFO - 2024-05-17 16:01:15 --> Session: Class initialized using 'CodeIgniter\Session\Handlers\FileHandler' driver.
INFO - 2024-05-17 16:01:23 --> Session: Class initialized using 'CodeIgniter\Session\Handlers\FileHandler' driver.
INFO - 2024-05-17 16:01:23 --> CSRF token verified.
INFO - 2024-05-17 16:01:23 --> Session: Class initialized using 'CodeIgniter\Session\Handlers\FileHandler' driver.
INFO - 2024-05-17 16:01:59 --> Session: Class initialized using 'CodeIgniter\Session\Handlers\FileHandler' driver.
INFO - 2024-05-17 16:02:47 --> Session: Class initialized using 'CodeIgniter\Session\Handlers\FileHandler' driver.
INFO - 2024-05-17 16:03:09 --> Session: Class initialized using 'CodeIgniter\Session\Handlers\FileHandler' driver.
INFO - 2024-05-17 16:03:18 --> Session: Class initialized using 'CodeIgniter\Session\Handlers\FileHandler' driver.
INFO - 2024-05-17 16:03:20 --> Session: Class initialized using 'CodeIgniter\Session\Handlers\FileHandler' driver.
INFO - 2024-05-17 16:03:22 --> Session: Class initialized using 'CodeIgniter\Session\Handlers\FileHandler' driver.
INFO - 2024-05-17 16:03:24 --> Session: Class initialized using 'CodeIgniter\Session\Handlers\FileHandler' driver.
INFO - 2024-05-17 16:04:30 --> Session: Class initialized using 'CodeIgniter\Session\Handlers\FileHandler' driver.
INFO - 2024-05-17 16:16:53 --> Session: Class initialized using 'CodeIgniter\Session\Handlers\FileHandler' driver.
INFO - 2024-05-17 16:17:02 --> Session: Class initialized using 'CodeIgniter\Session\Handlers\FileHandler' driver.
INFO - 2024-05-17 16:27:57 --> Session: Class initialized using 'CodeIgniter\Session\Handlers\FileHandler' driver.
INFO - 2024-05-17 16:46:11 --> Session: Class initialized using 'CodeIgniter\Session\Handlers\FileHandler' driver.
INFO - 2024-05-17 16:52:18 --> Session: Class initialized using 'CodeIgniter\Session\Handlers\FileHandler' driver.
INFO - 2024-05-17 16:52:46 --> Session: Class initialized using 'CodeIgniter\Session\Handlers\FileHandler' driver.
CRITICAL - 2024-05-17 16:52:46 --> Undefined array key "berita_slug"
in APPPATH\Views\halaman\v_halaman.php on line 60.
 1 APPPATH\Views\halaman\v_halaman.php(60): CodeIgniter\Debug\Exceptions->errorHandler(2, 'Undefined array key "berita_slug"', 'C:\\laragon\\www\\pendidikannonformal\\app\\Views\\halaman\\v_halaman.php', 60)
 2 SYSTEMPATH\View\View.php(226): include('C:\\laragon\\www\\pendidikannonformal\\app\\Views\\halaman\\v_halaman.php')
 3 SYSTEMPATH\View\View.php(229): CodeIgniter\View\View->CodeIgniter\View\{closure}()
 4 SYSTEMPATH\Common.php(1188): CodeIgniter\View\View->render('halaman/v_halaman', [], true)
 5 APPPATH\Controllers\Halaman.php(25): view('halaman/v_halaman', [...])
 6 SYSTEMPATH\CodeIgniter.php(919): App\Controllers\Halaman->index()
 7 SYSTEMPATH\CodeIgniter.php(494): CodeIgniter\CodeIgniter->runController(Object(App\Controllers\Halaman))
 8 SYSTEMPATH\CodeIgniter.php(353): CodeIgniter\CodeIgniter->handleRequest(null, Object(Config\Cache), false)
 9 FCPATH\index.php(79): CodeIgniter\CodeIgniter->run()
10 SYSTEMPATH\Commands\Server\rewrite.php(47): require_once('C:\\laragon\\www\\pendidikannonformal\\public\\index.php')
INFO - 2024-05-17 16:53:05 --> Session: Class initialized using 'CodeIgniter\Session\Handlers\FileHandler' driver.
CRITICAL - 2024-05-17 16:53:05 --> Undefined array key "berita_id"
in APPPATH\Views\halaman\v_halaman.php on line 62.
 1 APPPATH\Views\halaman\v_halaman.php(62): CodeIgniter\Debug\Exceptions->errorHandler(2, 'Undefined array key "berita_id"', 'C:\\laragon\\www\\pendidikannonformal\\app\\Views\\halaman\\v_halaman.php', 62)
 2 SYSTEMPATH\View\View.php(226): include('C:\\laragon\\www\\pendidikannonformal\\app\\Views\\halaman\\v_halaman.php')
 3 SYSTEMPATH\View\View.php(229): CodeIgniter\View\View->CodeIgniter\View\{closure}()
 4 SYSTEMPATH\Common.php(1188): CodeIgniter\View\View->render('halaman/v_halaman', [], true)
 5 APPPATH\Controllers\Halaman.php(25): view('halaman/v_halaman', [...])
 6 SYSTEMPATH\CodeIgniter.php(919): App\Controllers\Halaman->index()
 7 SYSTEMPATH\CodeIgniter.php(494): CodeIgniter\CodeIgniter->runController(Object(App\Controllers\Halaman))
 8 SYSTEMPATH\CodeIgniter.php(353): CodeIgniter\CodeIgniter->handleRequest(null, Object(Config\Cache), false)
 9 FCPATH\index.php(79): CodeIgniter\CodeIgniter->run()
10 SYSTEMPATH\Commands\Server\rewrite.php(47): require_once('C:\\laragon\\www\\pendidikannonformal\\public\\index.php')
INFO - 2024-05-17 16:53:19 --> Session: Class initialized using 'CodeIgniter\Session\Handlers\FileHandler' driver.
INFO - 2024-05-17 17:23:48 --> Session: Class initialized using 'CodeIgniter\Session\Handlers\FileHandler' driver.
INFO - 2024-05-17 17:23:48 --> Session: Class initialized using 'CodeIgniter\Session\Handlers\FileHandler' driver.
INFO - 2024-05-17 17:25:10 --> Session: Class initialized using 'CodeIgniter\Session\Handlers\FileHandler' driver.
INFO - 2024-05-17 17:25:11 --> Session: Class initialized using 'CodeIgniter\Session\Handlers\FileHandler' driver.
ERROR - 2024-05-17 17:25:11 --> mysqli_sql_exception: You have an error in your SQL syntax; check the manual that corresponds to your MySQL server version for the right syntax to use near 'ORDER BY `no_urut` ASC' at line 7 in C:\laragon\www\pendidikannonformal\system\Database\MySQLi\Connection.php:306
Stack trace:
#0 C:\laragon\www\pendidikannonformal\system\Database\MySQLi\Connection.php(306): mysqli->query('SELECT *\nFROM `...', 0)
#1 C:\laragon\www\pendidikannonformal\system\Database\BaseConnection.php(692): CodeIgniter\Database\MySQLi\Connection->execute('SELECT *\nFROM `...')
#2 C:\laragon\www\pendidikannonformal\system\Database\BaseConnection.php(606): CodeIgniter\Database\BaseConnection->simpleQuery('SELECT *\nFROM `...')
#3 C:\laragon\www\pendidikannonformal\system\Database\BaseBuilder.php(1615): CodeIgniter\Database\BaseConnection->query('SELECT *\nFROM `...', Array, false)
#4 C:\laragon\www\pendidikannonformal\app\Models\MenuModel.php(55): CodeIgniter\Database\BaseBuilder->get()
#5 C:\laragon\www\pendidikannonformal\app\Controllers\Halaman.php(30): App\Models\MenuModel->getAllMenuUntukTambahHalaman()
#6 C:\laragon\www\pendidikannonformal\system\CodeIgniter.php(919): App\Controllers\Halaman->tambah()
#7 C:\laragon\www\pendidikannonformal\system\CodeIgniter.php(494): CodeIgniter\CodeIgniter->runController(Object(App\Controllers\Halaman))
#8 C:\laragon\www\pendidikannonformal\system\CodeIgniter.php(353): CodeIgniter\CodeIgniter->handleRequest(NULL, Object(Config\Cache), false)
#9 C:\laragon\www\pendidikannonformal\public\index.php(79): CodeIgniter\CodeIgniter->run()
#10 C:\laragon\www\pendidikannonformal\system\Commands\Server\rewrite.php(47): require_once('C:\\laragon\\www\\...')
#11 {main}
CRITICAL - 2024-05-17 17:25:11 --> You have an error in your SQL syntax; check the manual that corresponds to your MySQL server version for the right syntax to use near 'ORDER BY `no_urut` ASC' at line 7
in SYSTEMPATH\Database\BaseConnection.php on line 646.
 1 SYSTEMPATH\Database\BaseBuilder.php(1615): CodeIgniter\Database\BaseConnection->query('SELECT *
FROM `menu`
WHERE `is_active` = :is_active:
AND   (
`level` = :level:
OR `level` = :level.1:
ORDER BY `no_urut` ASC', [...], false)
 2 APPPATH\Models\MenuModel.php(55): CodeIgniter\Database\BaseBuilder->get()
 3 APPPATH\Controllers\Halaman.php(30): App\Models\MenuModel->getAllMenuUntukTambahHalaman()
 4 SYSTEMPATH\CodeIgniter.php(919): App\Controllers\Halaman->tambah()
 5 SYSTEMPATH\CodeIgniter.php(494): CodeIgniter\CodeIgniter->runController(Object(App\Controllers\Halaman))
 6 SYSTEMPATH\CodeIgniter.php(353): CodeIgniter\CodeIgniter->handleRequest(null, Object(Config\Cache), false)
 7 FCPATH\index.php(79): CodeIgniter\CodeIgniter->run()
 8 SYSTEMPATH\Commands\Server\rewrite.php(47): require_once('C:\\laragon\\www\\pendidikannonformal\\public\\index.php')
INFO - 2024-05-17 17:25:45 --> Session: Class initialized using 'CodeIgniter\Session\Handlers\FileHandler' driver.
INFO - 2024-05-17 17:29:40 --> Session: Class initialized using 'CodeIgniter\Session\Handlers\FileHandler' driver.
INFO - 2024-05-17 17:30:38 --> Session: Class initialized using 'CodeIgniter\Session\Handlers\FileHandler' driver.
INFO - 2024-05-17 17:40:51 --> Session: Class initialized using 'CodeIgniter\Session\Handlers\FileHandler' driver.
