INFO - 2024-04-16 16:25:37 --> Session: Class initialized using 'CodeIgniter\Session\Handlers\FileHandler' driver.
INFO - 2024-04-16 16:25:41 --> Session: Class initialized using 'CodeIgniter\Session\Handlers\FileHandler' driver.
INFO - 2024-04-16 16:25:41 --> Session: Class initialized using 'CodeIgniter\Session\Handlers\FileHandler' driver.
INFO - 2024-04-16 16:25:47 --> CSRF token verified.
INFO - 2024-04-16 16:25:47 --> Session: Class initialized using 'CodeIgniter\Session\Handlers\FileHandler' driver.
INFO - 2024-04-16 16:25:47 --> Session: Class initialized using 'CodeIgniter\Session\Handlers\FileHandler' driver.
INFO - 2024-04-16 16:25:51 --> Session: Class initialized using 'CodeIgniter\Session\Handlers\FileHandler' driver.
INFO - 2024-04-16 16:25:53 --> Session: Class initialized using 'CodeIgniter\Session\Handlers\FileHandler' driver.
INFO - 2024-04-16 16:42:58 --> Session: Class initialized using 'CodeIgniter\Session\Handlers\FileHandler' driver.
INFO - 2024-04-16 16:44:40 --> Session: Class initialized using 'CodeIgniter\Session\Handlers\FileHandler' driver.
INFO - 2024-04-16 16:44:40 --> CSRF token verified.
INFO - 2024-04-16 16:44:40 --> Session: Class initialized using 'CodeIgniter\Session\Handlers\FileHandler' driver.
INFO - 2024-04-16 17:01:31 --> Session: Class initialized using 'CodeIgniter\Session\Handlers\FileHandler' driver.
CRITICAL - 2024-04-16 17:02:39 --> Undefined variable $berita_penting
in APPPATH\Views\home\v_home.php on line 144.
 1 APPPATH\Views\home\v_home.php(144): CodeIgniter\Debug\Exceptions->errorHandler(2, 'Undefined variable $berita_penting', 'C:\\laragon\\www\\pendidikannonformal\\app\\Views\\home\\v_home.php', 144)
 2 SYSTEMPATH\View\View.php(226): include('C:\\laragon\\www\\pendidikannonformal\\app\\Views\\home\\v_home.php')
 3 SYSTEMPATH\View\View.php(229): CodeIgniter\View\View->CodeIgniter\View\{closure}()
 4 SYSTEMPATH\Common.php(1188): CodeIgniter\View\View->render('home/v_home', [], true)
 5 APPPATH\Controllers\Home.php(43): view('home/v_home', [...])
 6 SYSTEMPATH\CodeIgniter.php(919): App\Controllers\Home->index()
 7 SYSTEMPATH\CodeIgniter.php(494): CodeIgniter\CodeIgniter->runController(Object(App\Controllers\Home))
 8 SYSTEMPATH\CodeIgniter.php(353): CodeIgniter\CodeIgniter->handleRequest(null, Object(Config\Cache), false)
 9 FCPATH\index.php(79): CodeIgniter\CodeIgniter->run()
10 SYSTEMPATH\Commands\Server\rewrite.php(47): require_once('C:\\laragon\\www\\pendidikannonformal\\public\\index.php')
CRITICAL - 2024-04-16 17:14:46 --> Cannot access offset of type string on string
in APPPATH\Views\home\berita_sidebar.php on line 51.
 1 APPPATH\Views\home\v_detail_berita.php(168): include()
 2 SYSTEMPATH\View\View.php(226): include('C:\\laragon\\www\\pendidikannonformal\\app\\Views\\home\\v_detail_berita.php')
 3 SYSTEMPATH\View\View.php(229): CodeIgniter\View\View->CodeIgniter\View\{closure}()
 4 SYSTEMPATH\Common.php(1188): CodeIgniter\View\View->render('home/v_detail_berita', [], true)
 5 APPPATH\Controllers\UserBerita.php(86): view('home/v_detail_berita', [...])
 6 SYSTEMPATH\CodeIgniter.php(919): App\Controllers\UserBerita->detail('mencoba-menginput-berita-penting')
 7 SYSTEMPATH\CodeIgniter.php(494): CodeIgniter\CodeIgniter->runController(Object(App\Controllers\UserBerita))
 8 SYSTEMPATH\CodeIgniter.php(353): CodeIgniter\CodeIgniter->handleRequest(null, Object(Config\Cache), false)
 9 FCPATH\index.php(79): CodeIgniter\CodeIgniter->run()
10 SYSTEMPATH\Commands\Server\rewrite.php(47): require_once('C:\\laragon\\www\\pendidikannonformal\\public\\index.php')
CRITICAL - 2024-04-16 17:17:06 --> Undefined variable $home_berita
in APPPATH\Views\home\berita_sidebar.php on line 47.
 1 APPPATH\Views\home\berita_sidebar.php(47): CodeIgniter\Debug\Exceptions->errorHandler(2, 'Undefined variable $home_berita', 'C:\\laragon\\www\\pendidikannonformal\\app\\Views\\home\\berita_sidebar.php', 47)
 2 APPPATH\Views\home\v_detail_berita.php(168): include('C:\\laragon\\www\\pendidikannonformal\\app\\Views\\home\\berita_sidebar.php')
 3 SYSTEMPATH\View\View.php(226): include('C:\\laragon\\www\\pendidikannonformal\\app\\Views\\home\\v_detail_berita.php')
 4 SYSTEMPATH\View\View.php(229): CodeIgniter\View\View->CodeIgniter\View\{closure}()
 5 SYSTEMPATH\Common.php(1188): CodeIgniter\View\View->render('home/v_detail_berita', [], true)
 6 APPPATH\Controllers\UserBerita.php(86): view('home/v_detail_berita', [...])
 7 SYSTEMPATH\CodeIgniter.php(919): App\Controllers\UserBerita->detail('mencoba-menginput-berita-penting')
 8 SYSTEMPATH\CodeIgniter.php(494): CodeIgniter\CodeIgniter->runController(Object(App\Controllers\UserBerita))
 9 SYSTEMPATH\CodeIgniter.php(353): CodeIgniter\CodeIgniter->handleRequest(null, Object(Config\Cache), false)
10 FCPATH\index.php(79): CodeIgniter\CodeIgniter->run()
11 SYSTEMPATH\Commands\Server\rewrite.php(47): require_once('C:\\laragon\\www\\pendidikannonformal\\public\\index.php')
CRITICAL - 2024-04-16 17:18:25 --> Undefined variable $home_berita
in APPPATH\Views\home\berita_sidebar.php on line 47.
 1 APPPATH\Views\home\berita_sidebar.php(47): CodeIgniter\Debug\Exceptions->errorHandler(2, 'Undefined variable $home_berita', 'C:\\laragon\\www\\pendidikannonformal\\app\\Views\\home\\berita_sidebar.php', 47)
 2 APPPATH\Views\home\v_detail_berita.php(168): include('C:\\laragon\\www\\pendidikannonformal\\app\\Views\\home\\berita_sidebar.php')
 3 SYSTEMPATH\View\View.php(226): include('C:\\laragon\\www\\pendidikannonformal\\app\\Views\\home\\v_detail_berita.php')
 4 SYSTEMPATH\View\View.php(229): CodeIgniter\View\View->CodeIgniter\View\{closure}()
 5 SYSTEMPATH\Common.php(1188): CodeIgniter\View\View->render('home/v_detail_berita', [], true)
 6 APPPATH\Controllers\UserBerita.php(86): view('home/v_detail_berita', [...])
 7 SYSTEMPATH\CodeIgniter.php(919): App\Controllers\UserBerita->detail('mencoba-menginput-berita-penting')
 8 SYSTEMPATH\CodeIgniter.php(494): CodeIgniter\CodeIgniter->runController(Object(App\Controllers\UserBerita))
 9 SYSTEMPATH\CodeIgniter.php(353): CodeIgniter\CodeIgniter->handleRequest(null, Object(Config\Cache), false)
10 FCPATH\index.php(79): CodeIgniter\CodeIgniter->run()
11 SYSTEMPATH\Commands\Server\rewrite.php(47): require_once('C:\\laragon\\www\\pendidikannonformal\\public\\index.php')
INFO - 2024-04-16 17:27:22 --> Session: Class initialized using 'CodeIgniter\Session\Handlers\FileHandler' driver.
INFO - 2024-04-16 17:27:25 --> Session: Class initialized using 'CodeIgniter\Session\Handlers\FileHandler' driver.
INFO - 2024-04-16 17:29:24 --> Session: Class initialized using 'CodeIgniter\Session\Handlers\FileHandler' driver.
INFO - 2024-04-16 17:29:26 --> Session: Class initialized using 'CodeIgniter\Session\Handlers\FileHandler' driver.
INFO - 2024-04-16 17:29:30 --> Session: Class initialized using 'CodeIgniter\Session\Handlers\FileHandler' driver.
INFO - 2024-04-16 18:05:50 --> Session: Class initialized using 'CodeIgniter\Session\Handlers\FileHandler' driver.
INFO - 2024-04-16 18:05:53 --> Session: Class initialized using 'CodeIgniter\Session\Handlers\FileHandler' driver.
INFO - 2024-04-16 18:07:06 --> Session: Class initialized using 'CodeIgniter\Session\Handlers\FileHandler' driver.
INFO - 2024-04-16 18:07:07 --> Session: Class initialized using 'CodeIgniter\Session\Handlers\FileHandler' driver.
INFO - 2024-04-16 18:09:57 --> Session: Class initialized using 'CodeIgniter\Session\Handlers\FileHandler' driver.
INFO - 2024-04-16 18:10:32 --> Session: Class initialized using 'CodeIgniter\Session\Handlers\FileHandler' driver.
INFO - 2024-04-16 18:26:16 --> Session: Class initialized using 'CodeIgniter\Session\Handlers\FileHandler' driver.
INFO - 2024-04-16 18:26:17 --> Session: Class initialized using 'CodeIgniter\Session\Handlers\FileHandler' driver.
CRITICAL - 2024-04-16 18:26:17 --> Undefined variable $level
in APPPATH\Views\kategori\v_tambah_kategori.php on line 64.
 1 APPPATH\Views\kategori\v_tambah_kategori.php(64): CodeIgniter\Debug\Exceptions->errorHandler(2, 'Undefined variable $level', 'C:\\laragon\\www\\pendidikannonformal\\app\\Views\\kategori\\v_tambah_kategori.php', 64)
 2 SYSTEMPATH\View\View.php(226): include('C:\\laragon\\www\\pendidikannonformal\\app\\Views\\kategori\\v_tambah_kategori.php')
 3 SYSTEMPATH\View\View.php(229): CodeIgniter\View\View->CodeIgniter\View\{closure}()
 4 SYSTEMPATH\Common.php(1188): CodeIgniter\View\View->render('kategori/v_tambah_kategori', [], true)
 5 APPPATH\Controllers\Kategori.php(31): view('kategori/v_tambah_kategori', [...])
 6 SYSTEMPATH\CodeIgniter.php(919): App\Controllers\Kategori->tambah()
 7 SYSTEMPATH\CodeIgniter.php(494): CodeIgniter\CodeIgniter->runController(Object(App\Controllers\Kategori))
 8 SYSTEMPATH\CodeIgniter.php(353): CodeIgniter\CodeIgniter->handleRequest(null, Object(Config\Cache), false)
 9 FCPATH\index.php(79): CodeIgniter\CodeIgniter->run()
10 SYSTEMPATH\Commands\Server\rewrite.php(47): require_once('C:\\laragon\\www\\pendidikannonformal\\public\\index.php')
INFO - 2024-04-16 18:27:56 --> Session: Class initialized using 'CodeIgniter\Session\Handlers\FileHandler' driver.
INFO - 2024-04-16 18:28:00 --> Session: Class initialized using 'CodeIgniter\Session\Handlers\FileHandler' driver.
INFO - 2024-04-16 18:28:06 --> Session: Class initialized using 'CodeIgniter\Session\Handlers\FileHandler' driver.
INFO - 2024-04-16 18:28:11 --> Session: Class initialized using 'CodeIgniter\Session\Handlers\FileHandler' driver.
INFO - 2024-04-16 18:28:14 --> Session: Class initialized using 'CodeIgniter\Session\Handlers\FileHandler' driver.
INFO - 2024-04-16 18:28:16 --> Session: Class initialized using 'CodeIgniter\Session\Handlers\FileHandler' driver.
INFO - 2024-04-16 22:16:54 --> Session: Class initialized using 'CodeIgniter\Session\Handlers\FileHandler' driver.
INFO - 2024-04-16 22:16:54 --> Session: Class initialized using 'CodeIgniter\Session\Handlers\FileHandler' driver.
INFO - 2024-04-16 22:16:58 --> CSRF token verified.
INFO - 2024-04-16 22:16:59 --> Session: Class initialized using 'CodeIgniter\Session\Handlers\FileHandler' driver.
INFO - 2024-04-16 22:16:59 --> Session: Class initialized using 'CodeIgniter\Session\Handlers\FileHandler' driver.
INFO - 2024-04-16 22:17:04 --> Session: Class initialized using 'CodeIgniter\Session\Handlers\FileHandler' driver.
INFO - 2024-04-16 22:17:06 --> Session: Class initialized using 'CodeIgniter\Session\Handlers\FileHandler' driver.
INFO - 2024-04-16 22:17:47 --> Session: Class initialized using 'CodeIgniter\Session\Handlers\FileHandler' driver.
INFO - 2024-04-16 22:17:47 --> CSRF token verified.
INFO - 2024-04-16 22:17:47 --> Session: Class initialized using 'CodeIgniter\Session\Handlers\FileHandler' driver.
INFO - 2024-04-16 22:17:52 --> Session: Class initialized using 'CodeIgniter\Session\Handlers\FileHandler' driver.
INFO - 2024-04-16 22:18:39 --> Session: Class initialized using 'CodeIgniter\Session\Handlers\FileHandler' driver.
INFO - 2024-04-16 22:18:41 --> Session: Class initialized using 'CodeIgniter\Session\Handlers\FileHandler' driver.
INFO - 2024-04-16 22:18:42 --> Session: Class initialized using 'CodeIgniter\Session\Handlers\FileHandler' driver.
INFO - 2024-04-16 22:18:44 --> Session: Class initialized using 'CodeIgniter\Session\Handlers\FileHandler' driver.
INFO - 2024-04-16 22:18:48 --> Session: Class initialized using 'CodeIgniter\Session\Handlers\FileHandler' driver.
INFO - 2024-04-16 22:18:48 --> CSRF token verified.
INFO - 2024-04-16 22:18:48 --> Session: Class initialized using 'CodeIgniter\Session\Handlers\FileHandler' driver.
INFO - 2024-04-16 22:20:19 --> Session: Class initialized using 'CodeIgniter\Session\Handlers\FileHandler' driver.
ERROR - 2024-04-16 22:20:19 --> mysqli_sql_exception: Unknown column 'ukormawa_id' in 'where clause' in C:\laragon\www\pendidikannonformal\system\Database\MySQLi\Connection.php:306
Stack trace:
#0 C:\laragon\www\pendidikannonformal\system\Database\MySQLi\Connection.php(306): mysqli->query('SELECT *\nFROM `...', 0)
#1 C:\laragon\www\pendidikannonformal\system\Database\BaseConnection.php(692): CodeIgniter\Database\MySQLi\Connection->execute('SELECT *\nFROM `...')
#2 C:\laragon\www\pendidikannonformal\system\Database\BaseConnection.php(606): CodeIgniter\Database\BaseConnection->simpleQuery('SELECT *\nFROM `...')
#3 C:\laragon\www\pendidikannonformal\system\Database\BaseBuilder.php(1615): CodeIgniter\Database\BaseConnection->query('SELECT *\nFROM `...', Array, false)
#4 C:\laragon\www\pendidikannonformal\app\Models\KategoriModel.php(47): CodeIgniter\Database\BaseBuilder->get()
#5 C:\laragon\www\pendidikannonformal\app\Controllers\Kategori.php(63): App\Models\KategoriModel->getDetailForEdit('1')
#6 C:\laragon\www\pendidikannonformal\system\CodeIgniter.php(919): App\Controllers\Kategori->edit('1')
#7 C:\laragon\www\pendidikannonformal\system\CodeIgniter.php(494): CodeIgniter\CodeIgniter->runController(Object(App\Controllers\Kategori))
#8 C:\laragon\www\pendidikannonformal\system\CodeIgniter.php(353): CodeIgniter\CodeIgniter->handleRequest(NULL, Object(Config\Cache), false)
#9 C:\laragon\www\pendidikannonformal\public\index.php(79): CodeIgniter\CodeIgniter->run()
#10 C:\laragon\www\pendidikannonformal\system\Commands\Server\rewrite.php(47): require_once('C:\\laragon\\www\\...')
#11 {main}
CRITICAL - 2024-04-16 22:20:19 --> Unknown column 'ukormawa_id' in 'where clause'
in SYSTEMPATH\Database\BaseConnection.php on line 646.
 1 SYSTEMPATH\Database\BaseBuilder.php(1615): CodeIgniter\Database\BaseConnection->query('SELECT *
FROM `kategori`
WHERE `ukormawa_id` = :ukormawa_id:', [...], false)
 2 APPPATH\Models\KategoriModel.php(47): CodeIgniter\Database\BaseBuilder->get()
 3 APPPATH\Controllers\Kategori.php(63): App\Models\KategoriModel->getDetailForEdit('1')
 4 SYSTEMPATH\CodeIgniter.php(919): App\Controllers\Kategori->edit('1')
 5 SYSTEMPATH\CodeIgniter.php(494): CodeIgniter\CodeIgniter->runController(Object(App\Controllers\Kategori))
 6 SYSTEMPATH\CodeIgniter.php(353): CodeIgniter\CodeIgniter->handleRequest(null, Object(Config\Cache), false)
 7 FCPATH\index.php(79): CodeIgniter\CodeIgniter->run()
 8 SYSTEMPATH\Commands\Server\rewrite.php(47): require_once('C:\\laragon\\www\\pendidikannonformal\\public\\index.php')
INFO - 2024-04-16 22:20:47 --> Session: Class initialized using 'CodeIgniter\Session\Handlers\FileHandler' driver.
CRITICAL - 2024-04-16 22:20:47 --> Undefined array key "download_penulis"
in APPPATH\Controllers\Kategori.php on line 67.
 1 APPPATH\Controllers\Kategori.php(67): CodeIgniter\Debug\Exceptions->errorHandler(2, 'Undefined array key "download_penulis"', 'C:\\laragon\\www\\pendidikannonformal\\app\\Controllers\\Kategori.php', 67)
 2 SYSTEMPATH\CodeIgniter.php(919): App\Controllers\Kategori->edit('1')
 3 SYSTEMPATH\CodeIgniter.php(494): CodeIgniter\CodeIgniter->runController(Object(App\Controllers\Kategori))
 4 SYSTEMPATH\CodeIgniter.php(353): CodeIgniter\CodeIgniter->handleRequest(null, Object(Config\Cache), false)
 5 FCPATH\index.php(79): CodeIgniter\CodeIgniter->run()
 6 SYSTEMPATH\Commands\Server\rewrite.php(47): require_once('C:\\laragon\\www\\pendidikannonformal\\public\\index.php')
INFO - 2024-04-16 22:21:32 --> Session: Class initialized using 'CodeIgniter\Session\Handlers\FileHandler' driver.
CRITICAL - 2024-04-16 22:21:33 --> Undefined array key "download_penulis"
in APPPATH\Controllers\Kategori.php on line 67.
 1 APPPATH\Controllers\Kategori.php(67): CodeIgniter\Debug\Exceptions->errorHandler(2, 'Undefined array key "download_penulis"', 'C:\\laragon\\www\\pendidikannonformal\\app\\Controllers\\Kategori.php', 67)
 2 SYSTEMPATH\CodeIgniter.php(919): App\Controllers\Kategori->edit('1')
 3 SYSTEMPATH\CodeIgniter.php(494): CodeIgniter\CodeIgniter->runController(Object(App\Controllers\Kategori))
 4 SYSTEMPATH\CodeIgniter.php(353): CodeIgniter\CodeIgniter->handleRequest(null, Object(Config\Cache), false)
 5 FCPATH\index.php(79): CodeIgniter\CodeIgniter->run()
 6 SYSTEMPATH\Commands\Server\rewrite.php(47): require_once('C:\\laragon\\www\\pendidikannonformal\\public\\index.php')
INFO - 2024-04-16 22:21:37 --> Session: Class initialized using 'CodeIgniter\Session\Handlers\FileHandler' driver.
CRITICAL - 2024-04-16 22:21:37 --> Undefined array key "download_penulis"
in APPPATH\Controllers\Kategori.php on line 67.
 1 APPPATH\Controllers\Kategori.php(67): CodeIgniter\Debug\Exceptions->errorHandler(2, 'Undefined array key "download_penulis"', 'C:\\laragon\\www\\pendidikannonformal\\app\\Controllers\\Kategori.php', 67)
 2 SYSTEMPATH\CodeIgniter.php(919): App\Controllers\Kategori->edit('1')
 3 SYSTEMPATH\CodeIgniter.php(494): CodeIgniter\CodeIgniter->runController(Object(App\Controllers\Kategori))
 4 SYSTEMPATH\CodeIgniter.php(353): CodeIgniter\CodeIgniter->handleRequest(null, Object(Config\Cache), false)
 5 FCPATH\index.php(79): CodeIgniter\CodeIgniter->run()
 6 SYSTEMPATH\Commands\Server\rewrite.php(47): require_once('C:\\laragon\\www\\pendidikannonformal\\public\\index.php')
INFO - 2024-04-16 22:22:20 --> Session: Class initialized using 'CodeIgniter\Session\Handlers\FileHandler' driver.
CRITICAL - 2024-04-16 22:22:20 --> Undefined array key "kategori_penulis"
in APPPATH\Controllers\Kategori.php on line 67.
 1 APPPATH\Controllers\Kategori.php(67): CodeIgniter\Debug\Exceptions->errorHandler(2, 'Undefined array key "kategori_penulis"', 'C:\\laragon\\www\\pendidikannonformal\\app\\Controllers\\Kategori.php', 67)
 2 SYSTEMPATH\CodeIgniter.php(919): App\Controllers\Kategori->edit('1')
 3 SYSTEMPATH\CodeIgniter.php(494): CodeIgniter\CodeIgniter->runController(Object(App\Controllers\Kategori))
 4 SYSTEMPATH\CodeIgniter.php(353): CodeIgniter\CodeIgniter->handleRequest(null, Object(Config\Cache), false)
 5 FCPATH\index.php(79): CodeIgniter\CodeIgniter->run()
 6 SYSTEMPATH\Commands\Server\rewrite.php(47): require_once('C:\\laragon\\www\\pendidikannonformal\\public\\index.php')
INFO - 2024-04-16 22:22:22 --> Session: Class initialized using 'CodeIgniter\Session\Handlers\FileHandler' driver.
CRITICAL - 2024-04-16 22:22:22 --> Undefined array key "kategori_penulis"
in APPPATH\Controllers\Kategori.php on line 67.
 1 APPPATH\Controllers\Kategori.php(67): CodeIgniter\Debug\Exceptions->errorHandler(2, 'Undefined array key "kategori_penulis"', 'C:\\laragon\\www\\pendidikannonformal\\app\\Controllers\\Kategori.php', 67)
 2 SYSTEMPATH\CodeIgniter.php(919): App\Controllers\Kategori->edit('1')
 3 SYSTEMPATH\CodeIgniter.php(494): CodeIgniter\CodeIgniter->runController(Object(App\Controllers\Kategori))
 4 SYSTEMPATH\CodeIgniter.php(353): CodeIgniter\CodeIgniter->handleRequest(null, Object(Config\Cache), false)
 5 FCPATH\index.php(79): CodeIgniter\CodeIgniter->run()
 6 SYSTEMPATH\Commands\Server\rewrite.php(47): require_once('C:\\laragon\\www\\pendidikannonformal\\public\\index.php')
INFO - 2024-04-16 22:28:49 --> Session: Class initialized using 'CodeIgniter\Session\Handlers\FileHandler' driver.
CRITICAL - 2024-04-16 22:28:49 --> Undefined array key "kategori_penulis"
in APPPATH\Controllers\Kategori.php on line 67.
 1 APPPATH\Controllers\Kategori.php(67): CodeIgniter\Debug\Exceptions->errorHandler(2, 'Undefined array key "kategori_penulis"', 'C:\\laragon\\www\\pendidikannonformal\\app\\Controllers\\Kategori.php', 67)
 2 SYSTEMPATH\CodeIgniter.php(919): App\Controllers\Kategori->edit('1')
 3 SYSTEMPATH\CodeIgniter.php(494): CodeIgniter\CodeIgniter->runController(Object(App\Controllers\Kategori))
 4 SYSTEMPATH\CodeIgniter.php(353): CodeIgniter\CodeIgniter->handleRequest(null, Object(Config\Cache), false)
 5 FCPATH\index.php(79): CodeIgniter\CodeIgniter->run()
 6 SYSTEMPATH\Commands\Server\rewrite.php(47): require_once('C:\\laragon\\www\\pendidikannonformal\\public\\index.php')
INFO - 2024-04-16 22:28:51 --> Session: Class initialized using 'CodeIgniter\Session\Handlers\FileHandler' driver.
CRITICAL - 2024-04-16 22:28:51 --> Undefined array key "kategori_penulis"
in APPPATH\Controllers\Kategori.php on line 67.
 1 APPPATH\Controllers\Kategori.php(67): CodeIgniter\Debug\Exceptions->errorHandler(2, 'Undefined array key "kategori_penulis"', 'C:\\laragon\\www\\pendidikannonformal\\app\\Controllers\\Kategori.php', 67)
 2 SYSTEMPATH\CodeIgniter.php(919): App\Controllers\Kategori->edit('1')
 3 SYSTEMPATH\CodeIgniter.php(494): CodeIgniter\CodeIgniter->runController(Object(App\Controllers\Kategori))
 4 SYSTEMPATH\CodeIgniter.php(353): CodeIgniter\CodeIgniter->handleRequest(null, Object(Config\Cache), false)
 5 FCPATH\index.php(79): CodeIgniter\CodeIgniter->run()
 6 SYSTEMPATH\Commands\Server\rewrite.php(47): require_once('C:\\laragon\\www\\pendidikannonformal\\public\\index.php')
INFO - 2024-04-16 22:28:53 --> Session: Class initialized using 'CodeIgniter\Session\Handlers\FileHandler' driver.
INFO - 2024-04-16 22:28:56 --> Session: Class initialized using 'CodeIgniter\Session\Handlers\FileHandler' driver.
CRITICAL - 2024-04-16 22:28:56 --> Undefined array key "kategori_penulis"
in APPPATH\Controllers\Kategori.php on line 67.
 1 APPPATH\Controllers\Kategori.php(67): CodeIgniter\Debug\Exceptions->errorHandler(2, 'Undefined array key "kategori_penulis"', 'C:\\laragon\\www\\pendidikannonformal\\app\\Controllers\\Kategori.php', 67)
 2 SYSTEMPATH\CodeIgniter.php(919): App\Controllers\Kategori->edit('1')
 3 SYSTEMPATH\CodeIgniter.php(494): CodeIgniter\CodeIgniter->runController(Object(App\Controllers\Kategori))
 4 SYSTEMPATH\CodeIgniter.php(353): CodeIgniter\CodeIgniter->handleRequest(null, Object(Config\Cache), false)
 5 FCPATH\index.php(79): CodeIgniter\CodeIgniter->run()
 6 SYSTEMPATH\Commands\Server\rewrite.php(47): require_once('C:\\laragon\\www\\pendidikannonformal\\public\\index.php')
INFO - 2024-04-16 22:29:07 --> Session: Class initialized using 'CodeIgniter\Session\Handlers\FileHandler' driver.
INFO - 2024-04-16 22:29:09 --> Session: Class initialized using 'CodeIgniter\Session\Handlers\FileHandler' driver.
CRITICAL - 2024-04-16 22:29:09 --> Undefined array key "kategori_penulis"
in APPPATH\Controllers\Kategori.php on line 67.
 1 APPPATH\Controllers\Kategori.php(67): CodeIgniter\Debug\Exceptions->errorHandler(2, 'Undefined array key "kategori_penulis"', 'C:\\laragon\\www\\pendidikannonformal\\app\\Controllers\\Kategori.php', 67)
 2 SYSTEMPATH\CodeIgniter.php(919): App\Controllers\Kategori->edit('1')
 3 SYSTEMPATH\CodeIgniter.php(494): CodeIgniter\CodeIgniter->runController(Object(App\Controllers\Kategori))
 4 SYSTEMPATH\CodeIgniter.php(353): CodeIgniter\CodeIgniter->handleRequest(null, Object(Config\Cache), false)
 5 FCPATH\index.php(79): CodeIgniter\CodeIgniter->run()
 6 SYSTEMPATH\Commands\Server\rewrite.php(47): require_once('C:\\laragon\\www\\pendidikannonformal\\public\\index.php')
INFO - 2024-04-16 22:29:37 --> Session: Class initialized using 'CodeIgniter\Session\Handlers\FileHandler' driver.
INFO - 2024-04-16 22:29:38 --> Session: Class initialized using 'CodeIgniter\Session\Handlers\FileHandler' driver.
INFO - 2024-04-16 22:29:38 --> Session: Class initialized using 'CodeIgniter\Session\Handlers\FileHandler' driver.
INFO - 2024-04-16 22:29:40 --> Session: Class initialized using 'CodeIgniter\Session\Handlers\FileHandler' driver.
INFO - 2024-04-16 22:29:42 --> Session: Class initialized using 'CodeIgniter\Session\Handlers\FileHandler' driver.
INFO - 2024-04-16 22:29:43 --> Session: Class initialized using 'CodeIgniter\Session\Handlers\FileHandler' driver.
INFO - 2024-04-16 22:29:43 --> Session: Class initialized using 'CodeIgniter\Session\Handlers\FileHandler' driver.
INFO - 2024-04-16 22:34:59 --> Session: Class initialized using 'CodeIgniter\Session\Handlers\FileHandler' driver.
INFO - 2024-04-16 22:35:07 --> Session: Class initialized using 'CodeIgniter\Session\Handlers\FileHandler' driver.
INFO - 2024-04-16 22:35:07 --> Session: Class initialized using 'CodeIgniter\Session\Handlers\FileHandler' driver.
INFO - 2024-04-16 22:35:08 --> Session: Class initialized using 'CodeIgniter\Session\Handlers\FileHandler' driver.
INFO - 2024-04-16 22:35:15 --> Session: Class initialized using 'CodeIgniter\Session\Handlers\FileHandler' driver.
INFO - 2024-04-16 22:35:15 --> Session: Class initialized using 'CodeIgniter\Session\Handlers\FileHandler' driver.
INFO - 2024-04-16 22:35:16 --> Session: Class initialized using 'CodeIgniter\Session\Handlers\FileHandler' driver.
INFO - 2024-04-16 22:36:17 --> Session: Class initialized using 'CodeIgniter\Session\Handlers\FileHandler' driver.
INFO - 2024-04-16 22:36:20 --> Session: Class initialized using 'CodeIgniter\Session\Handlers\FileHandler' driver.
INFO - 2024-04-16 22:36:20 --> Session: Class initialized using 'CodeIgniter\Session\Handlers\FileHandler' driver.
INFO - 2024-04-16 22:36:21 --> Session: Class initialized using 'CodeIgniter\Session\Handlers\FileHandler' driver.
INFO - 2024-04-16 22:36:25 --> Session: Class initialized using 'CodeIgniter\Session\Handlers\FileHandler' driver.
INFO - 2024-04-16 22:36:25 --> CSRF token verified.
INFO - 2024-04-16 22:36:25 --> Session: Class initialized using 'CodeIgniter\Session\Handlers\FileHandler' driver.
INFO - 2024-04-16 22:36:25 --> Session: Class initialized using 'CodeIgniter\Session\Handlers\FileHandler' driver.
INFO - 2024-04-16 22:36:26 --> Session: Class initialized using 'CodeIgniter\Session\Handlers\FileHandler' driver.
INFO - 2024-04-16 22:36:28 --> Session: Class initialized using 'CodeIgniter\Session\Handlers\FileHandler' driver.
INFO - 2024-04-16 22:36:28 --> CSRF token verified.
INFO - 2024-04-16 22:36:29 --> Session: Class initialized using 'CodeIgniter\Session\Handlers\FileHandler' driver.
INFO - 2024-04-16 22:36:29 --> Session: Class initialized using 'CodeIgniter\Session\Handlers\FileHandler' driver.
INFO - 2024-04-16 22:36:30 --> Session: Class initialized using 'CodeIgniter\Session\Handlers\FileHandler' driver.
INFO - 2024-04-16 22:38:54 --> Session: Class initialized using 'CodeIgniter\Session\Handlers\FileHandler' driver.
INFO - 2024-04-16 22:38:54 --> Session: Class initialized using 'CodeIgniter\Session\Handlers\FileHandler' driver.
INFO - 2024-04-16 22:38:55 --> Session: Class initialized using 'CodeIgniter\Session\Handlers\FileHandler' driver.
INFO - 2024-04-16 22:39:29 --> Session: Class initialized using 'CodeIgniter\Session\Handlers\FileHandler' driver.
INFO - 2024-04-16 22:39:29 --> Session: Class initialized using 'CodeIgniter\Session\Handlers\FileHandler' driver.
INFO - 2024-04-16 22:39:30 --> Session: Class initialized using 'CodeIgniter\Session\Handlers\FileHandler' driver.
INFO - 2024-04-16 22:40:12 --> Session: Class initialized using 'CodeIgniter\Session\Handlers\FileHandler' driver.
INFO - 2024-04-16 22:40:12 --> Session: Class initialized using 'CodeIgniter\Session\Handlers\FileHandler' driver.
INFO - 2024-04-16 22:40:13 --> Session: Class initialized using 'CodeIgniter\Session\Handlers\FileHandler' driver.
INFO - 2024-04-16 23:05:57 --> Session: Class initialized using 'CodeIgniter\Session\Handlers\FileHandler' driver.
INFO - 2024-04-16 23:05:57 --> CSRF token verified.
INFO - 2024-04-16 23:05:57 --> Session: Class initialized using 'CodeIgniter\Session\Handlers\FileHandler' driver.
INFO - 2024-04-16 23:06:00 --> Session: Class initialized using 'CodeIgniter\Session\Handlers\FileHandler' driver.
INFO - 2024-04-16 23:06:00 --> Session: Class initialized using 'CodeIgniter\Session\Handlers\FileHandler' driver.
INFO - 2024-04-16 23:06:01 --> Session: Class initialized using 'CodeIgniter\Session\Handlers\FileHandler' driver.
INFO - 2024-04-16 23:06:03 --> Session: Class initialized using 'CodeIgniter\Session\Handlers\FileHandler' driver.
INFO - 2024-04-16 23:06:03 --> CSRF token verified.
INFO - 2024-04-16 23:06:03 --> Session: Class initialized using 'CodeIgniter\Session\Handlers\FileHandler' driver.
INFO - 2024-04-16 23:06:05 --> Session: Class initialized using 'CodeIgniter\Session\Handlers\FileHandler' driver.
INFO - 2024-04-16 23:06:05 --> Session: Class initialized using 'CodeIgniter\Session\Handlers\FileHandler' driver.
INFO - 2024-04-16 23:06:06 --> Session: Class initialized using 'CodeIgniter\Session\Handlers\FileHandler' driver.
INFO - 2024-04-16 23:06:08 --> Session: Class initialized using 'CodeIgniter\Session\Handlers\FileHandler' driver.
INFO - 2024-04-16 23:06:08 --> CSRF token verified.
INFO - 2024-04-16 23:06:09 --> Session: Class initialized using 'CodeIgniter\Session\Handlers\FileHandler' driver.
INFO - 2024-04-16 23:06:10 --> Session: Class initialized using 'CodeIgniter\Session\Handlers\FileHandler' driver.
INFO - 2024-04-16 23:06:11 --> Session: Class initialized using 'CodeIgniter\Session\Handlers\FileHandler' driver.
INFO - 2024-04-16 23:06:11 --> Session: Class initialized using 'CodeIgniter\Session\Handlers\FileHandler' driver.
INFO - 2024-04-16 23:06:13 --> Session: Class initialized using 'CodeIgniter\Session\Handlers\FileHandler' driver.
INFO - 2024-04-16 23:06:13 --> CSRF token verified.
INFO - 2024-04-16 23:06:13 --> Session: Class initialized using 'CodeIgniter\Session\Handlers\FileHandler' driver.
INFO - 2024-04-16 23:06:19 --> Session: Class initialized using 'CodeIgniter\Session\Handlers\FileHandler' driver.
INFO - 2024-04-16 23:06:20 --> Session: Class initialized using 'CodeIgniter\Session\Handlers\FileHandler' driver.
INFO - 2024-04-16 23:10:25 --> Session: Class initialized using 'CodeIgniter\Session\Handlers\FileHandler' driver.
INFO - 2024-04-16 23:10:43 --> Session: Class initialized using 'CodeIgniter\Session\Handlers\FileHandler' driver.
INFO - 2024-04-16 23:11:25 --> Session: Class initialized using 'CodeIgniter\Session\Handlers\FileHandler' driver.
INFO - 2024-04-16 23:19:03 --> Session: Class initialized using 'CodeIgniter\Session\Handlers\FileHandler' driver.
INFO - 2024-04-16 23:21:31 --> Session: Class initialized using 'CodeIgniter\Session\Handlers\FileHandler' driver.
INFO - 2024-04-16 23:21:31 --> CSRF token verified.
INFO - 2024-04-16 23:21:31 --> Session: Class initialized using 'CodeIgniter\Session\Handlers\FileHandler' driver.
INFO - 2024-04-16 23:23:20 --> Session: Class initialized using 'CodeIgniter\Session\Handlers\FileHandler' driver.
INFO - 2024-04-16 23:23:20 --> CSRF token verified.
INFO - 2024-04-16 23:23:21 --> Session: Class initialized using 'CodeIgniter\Session\Handlers\FileHandler' driver.
INFO - 2024-04-16 23:24:03 --> Session: Class initialized using 'CodeIgniter\Session\Handlers\FileHandler' driver.
INFO - 2024-04-16 23:24:14 --> Session: Class initialized using 'CodeIgniter\Session\Handlers\FileHandler' driver.
INFO - 2024-04-16 23:24:44 --> Session: Class initialized using 'CodeIgniter\Session\Handlers\FileHandler' driver.
INFO - 2024-04-16 23:25:13 --> Session: Class initialized using 'CodeIgniter\Session\Handlers\FileHandler' driver.
INFO - 2024-04-16 23:25:13 --> CSRF token verified.
ERROR - 2024-04-16 23:25:13 --> mysqli_sql_exception: Cannot add or update a child row: a foreign key constraint fails (`pendidikannonformal`.`berita`, CONSTRAINT `berita_subkategori` FOREIGN KEY (`berita_subkategori`) REFERENCES `subkategori` (`subkategori_id`) ON DELETE RESTRICT ON UPDATE RESTRICT) in C:\laragon\www\pendidikannonformal\system\Database\MySQLi\Connection.php:306
Stack trace:
#0 C:\laragon\www\pendidikannonformal\system\Database\MySQLi\Connection.php(306): mysqli->query('INSERT INTO `be...', 0)
#1 C:\laragon\www\pendidikannonformal\system\Database\BaseConnection.php(692): CodeIgniter\Database\MySQLi\Connection->execute('INSERT INTO `be...')
#2 C:\laragon\www\pendidikannonformal\system\Database\BaseConnection.php(606): CodeIgniter\Database\BaseConnection->simpleQuery('INSERT INTO `be...')
#3 C:\laragon\www\pendidikannonformal\system\Database\BaseBuilder.php(2308): CodeIgniter\Database\BaseConnection->query('INSERT INTO `be...', Array, false)
#4 C:\laragon\www\pendidikannonformal\system\Model.php(319): CodeIgniter\Database\BaseBuilder->insert()
#5 C:\laragon\www\pendidikannonformal\system\BaseModel.php(788): CodeIgniter\Model->doInsert(Array)
#6 C:\laragon\www\pendidikannonformal\system\Model.php(715): CodeIgniter\BaseModel->insert(Array, true)
#7 C:\laragon\www\pendidikannonformal\app\Controllers\Berita.php(99): CodeIgniter\Model->insert(Array)
#8 C:\laragon\www\pendidikannonformal\system\CodeIgniter.php(919): App\Controllers\Berita->simpan()
#9 C:\laragon\www\pendidikannonformal\system\CodeIgniter.php(494): CodeIgniter\CodeIgniter->runController(Object(App\Controllers\Berita))
#10 C:\laragon\www\pendidikannonformal\system\CodeIgniter.php(353): CodeIgniter\CodeIgniter->handleRequest(NULL, Object(Config\Cache), false)
#11 C:\laragon\www\pendidikannonformal\public\index.php(79): CodeIgniter\CodeIgniter->run()
#12 C:\laragon\www\pendidikannonformal\system\Commands\Server\rewrite.php(47): require_once('C:\\laragon\\www\\...')
#13 {main}
CRITICAL - 2024-04-16 23:25:13 --> Cannot add or update a child row: a foreign key constraint fails (`pendidikannonformal`.`berita`, CONSTRAINT `berita_subkategori` FOREIGN KEY (`berita_subkategori`) REFERENCES `subkategori` (`subkategori_id`) ON DELETE RESTRICT ON UPDATE RESTRICT)
in SYSTEMPATH\Database\BaseConnection.php on line 646.
 1 SYSTEMPATH\Database\BaseBuilder.php(2308): CodeIgniter\Database\BaseConnection->query('INSERT INTO `berita` (`berita_sampul`, `berita_judul`, `berita_slug`, `berita_isi`, `berita_kategori`, `berita_penulis`, `berita_tampil`, `berita_is_penting`, `created_at`, `updated_at`) VALUES (:berita_sampul:, :berita_judul:, :berita_slug:, :berita_isi:, :berita_kategori:, :berita_penulis:, :berita_tampil:, :berita_is_penting:, :created_at:, :updated_at:)', [...], false)
 2 SYSTEMPATH\Model.php(319): CodeIgniter\Database\BaseBuilder->insert()
 3 SYSTEMPATH\BaseModel.php(788): CodeIgniter\Model->doInsert([...])
 4 SYSTEMPATH\Model.php(715): CodeIgniter\BaseModel->insert([...], true)
 5 APPPATH\Controllers\Berita.php(99): CodeIgniter\Model->insert([...])
 6 SYSTEMPATH\CodeIgniter.php(919): App\Controllers\Berita->simpan()
 7 SYSTEMPATH\CodeIgniter.php(494): CodeIgniter\CodeIgniter->runController(Object(App\Controllers\Berita))
 8 SYSTEMPATH\CodeIgniter.php(353): CodeIgniter\CodeIgniter->handleRequest(null, Object(Config\Cache), false)
 9 FCPATH\index.php(79): CodeIgniter\CodeIgniter->run()
10 SYSTEMPATH\Commands\Server\rewrite.php(47): require_once('C:\\laragon\\www\\pendidikannonformal\\public\\index.php')
INFO - 2024-04-16 23:27:16 --> Session: Class initialized using 'CodeIgniter\Session\Handlers\FileHandler' driver.
INFO - 2024-04-16 23:27:16 --> CSRF token verified.
INFO - 2024-04-16 23:27:17 --> Session: Class initialized using 'CodeIgniter\Session\Handlers\FileHandler' driver.
CRITICAL - 2024-04-16 23:34:48 --> Call to undefined method App\Models\BeritaModel::getAllBeritaUmum
in SYSTEMPATH\Model.php on line 873.
 1 APPPATH\Controllers\Home.php(28): CodeIgniter\Model->__call('getAllBeritaUmum', [...])
 2 SYSTEMPATH\CodeIgniter.php(919): App\Controllers\Home->index()
 3 SYSTEMPATH\CodeIgniter.php(494): CodeIgniter\CodeIgniter->runController(Object(App\Controllers\Home))
 4 SYSTEMPATH\CodeIgniter.php(353): CodeIgniter\CodeIgniter->handleRequest(null, Object(Config\Cache), false)
 5 FCPATH\index.php(79): CodeIgniter\CodeIgniter->run()
 6 SYSTEMPATH\Commands\Server\rewrite.php(47): require_once('C:\\laragon\\www\\pendidikannonformal\\public\\index.php')
CRITICAL - 2024-04-16 23:37:31 --> Undefined variable $bb
in APPPATH\Views\home\v_home.php on line 189.
 1 APPPATH\Views\home\v_home.php(189): CodeIgniter\Debug\Exceptions->errorHandler(2, 'Undefined variable $bb', 'C:\\laragon\\www\\pendidikannonformal\\app\\Views\\home\\v_home.php', 189)
 2 SYSTEMPATH\View\View.php(226): include('C:\\laragon\\www\\pendidikannonformal\\app\\Views\\home\\v_home.php')
 3 SYSTEMPATH\View\View.php(229): CodeIgniter\View\View->CodeIgniter\View\{closure}()
 4 SYSTEMPATH\Common.php(1188): CodeIgniter\View\View->render('home/v_home', [], true)
 5 APPPATH\Controllers\Home.php(35): view('home/v_home', [...])
 6 SYSTEMPATH\CodeIgniter.php(919): App\Controllers\Home->index()
 7 SYSTEMPATH\CodeIgniter.php(494): CodeIgniter\CodeIgniter->runController(Object(App\Controllers\Home))
 8 SYSTEMPATH\CodeIgniter.php(353): CodeIgniter\CodeIgniter->handleRequest(null, Object(Config\Cache), false)
 9 FCPATH\index.php(79): CodeIgniter\CodeIgniter->run()
10 SYSTEMPATH\Commands\Server\rewrite.php(47): require_once('C:\\laragon\\www\\pendidikannonformal\\public\\index.php')
CRITICAL - 2024-04-16 23:37:45 --> Undefined variable $bu
in APPPATH\Views\home\v_home.php on line 189.
 1 APPPATH\Views\home\v_home.php(189): CodeIgniter\Debug\Exceptions->errorHandler(2, 'Undefined variable $bu', 'C:\\laragon\\www\\pendidikannonformal\\app\\Views\\home\\v_home.php', 189)
 2 SYSTEMPATH\View\View.php(226): include('C:\\laragon\\www\\pendidikannonformal\\app\\Views\\home\\v_home.php')
 3 SYSTEMPATH\View\View.php(229): CodeIgniter\View\View->CodeIgniter\View\{closure}()
 4 SYSTEMPATH\Common.php(1188): CodeIgniter\View\View->render('home/v_home', [], true)
 5 APPPATH\Controllers\Home.php(35): view('home/v_home', [...])
 6 SYSTEMPATH\CodeIgniter.php(919): App\Controllers\Home->index()
 7 SYSTEMPATH\CodeIgniter.php(494): CodeIgniter\CodeIgniter->runController(Object(App\Controllers\Home))
 8 SYSTEMPATH\CodeIgniter.php(353): CodeIgniter\CodeIgniter->handleRequest(null, Object(Config\Cache), false)
 9 FCPATH\index.php(79): CodeIgniter\CodeIgniter->run()
10 SYSTEMPATH\Commands\Server\rewrite.php(47): require_once('C:\\laragon\\www\\pendidikannonformal\\public\\index.php')
CRITICAL - 2024-04-16 23:37:47 --> Undefined variable $bu
in APPPATH\Views\home\v_home.php on line 189.
 1 APPPATH\Views\home\v_home.php(189): CodeIgniter\Debug\Exceptions->errorHandler(2, 'Undefined variable $bu', 'C:\\laragon\\www\\pendidikannonformal\\app\\Views\\home\\v_home.php', 189)
 2 SYSTEMPATH\View\View.php(226): include('C:\\laragon\\www\\pendidikannonformal\\app\\Views\\home\\v_home.php')
 3 SYSTEMPATH\View\View.php(229): CodeIgniter\View\View->CodeIgniter\View\{closure}()
 4 SYSTEMPATH\Common.php(1188): CodeIgniter\View\View->render('home/v_home', [], true)
 5 APPPATH\Controllers\Home.php(35): view('home/v_home', [...])
 6 SYSTEMPATH\CodeIgniter.php(919): App\Controllers\Home->index()
 7 SYSTEMPATH\CodeIgniter.php(494): CodeIgniter\CodeIgniter->runController(Object(App\Controllers\Home))
 8 SYSTEMPATH\CodeIgniter.php(353): CodeIgniter\CodeIgniter->handleRequest(null, Object(Config\Cache), false)
 9 FCPATH\index.php(79): CodeIgniter\CodeIgniter->run()
10 SYSTEMPATH\Commands\Server\rewrite.php(47): require_once('C:\\laragon\\www\\pendidikannonformal\\public\\index.php')
CRITICAL - 2024-04-16 23:37:55 --> Undefined variable $beasiswa_berita
in APPPATH\Views\home\v_home.php on line 223.
 1 APPPATH\Views\home\v_home.php(223): CodeIgniter\Debug\Exceptions->errorHandler(2, 'Undefined variable $beasiswa_berita', 'C:\\laragon\\www\\pendidikannonformal\\app\\Views\\home\\v_home.php', 223)
 2 SYSTEMPATH\View\View.php(226): include('C:\\laragon\\www\\pendidikannonformal\\app\\Views\\home\\v_home.php')
 3 SYSTEMPATH\View\View.php(229): CodeIgniter\View\View->CodeIgniter\View\{closure}()
 4 SYSTEMPATH\Common.php(1188): CodeIgniter\View\View->render('home/v_home', [], true)
 5 APPPATH\Controllers\Home.php(35): view('home/v_home', [...])
 6 SYSTEMPATH\CodeIgniter.php(919): App\Controllers\Home->index()
 7 SYSTEMPATH\CodeIgniter.php(494): CodeIgniter\CodeIgniter->runController(Object(App\Controllers\Home))
 8 SYSTEMPATH\CodeIgniter.php(353): CodeIgniter\CodeIgniter->handleRequest(null, Object(Config\Cache), false)
 9 FCPATH\index.php(79): CodeIgniter\CodeIgniter->run()
10 SYSTEMPATH\Commands\Server\rewrite.php(47): require_once('C:\\laragon\\www\\pendidikannonformal\\public\\index.php')
CRITICAL - 2024-04-16 23:38:38 --> Call to undefined method App\Models\BeritaModel::getAllBeritaBeasiswa
in SYSTEMPATH\Model.php on line 873.
 1 APPPATH\Controllers\Home.php(31): CodeIgniter\Model->__call('getAllBeritaBeasiswa', [...])
 2 SYSTEMPATH\CodeIgniter.php(919): App\Controllers\Home->index()
 3 SYSTEMPATH\CodeIgniter.php(494): CodeIgniter\CodeIgniter->runController(Object(App\Controllers\Home))
 4 SYSTEMPATH\CodeIgniter.php(353): CodeIgniter\CodeIgniter->handleRequest(null, Object(Config\Cache), false)
 5 FCPATH\index.php(79): CodeIgniter\CodeIgniter->run()
 6 SYSTEMPATH\Commands\Server\rewrite.php(47): require_once('C:\\laragon\\www\\pendidikannonformal\\public\\index.php')
CRITICAL - 2024-04-16 23:39:32 --> Call to undefined method App\Models\BeritaModel::getAllBeritaPrestasi
in SYSTEMPATH\Model.php on line 873.
 1 APPPATH\Controllers\Home.php(32): CodeIgniter\Model->__call('getAllBeritaPrestasi', [...])
 2 SYSTEMPATH\CodeIgniter.php(919): App\Controllers\Home->index()
 3 SYSTEMPATH\CodeIgniter.php(494): CodeIgniter\CodeIgniter->runController(Object(App\Controllers\Home))
 4 SYSTEMPATH\CodeIgniter.php(353): CodeIgniter\CodeIgniter->handleRequest(null, Object(Config\Cache), false)
 5 FCPATH\index.php(79): CodeIgniter\CodeIgniter->run()
 6 SYSTEMPATH\Commands\Server\rewrite.php(47): require_once('C:\\laragon\\www\\pendidikannonformal\\public\\index.php')
CRITICAL - 2024-04-16 23:39:50 --> Call to undefined method App\Models\BeritaModel::getAllBeritaOrganisasi
in SYSTEMPATH\Model.php on line 873.
 1 APPPATH\Controllers\Home.php(33): CodeIgniter\Model->__call('getAllBeritaOrganisasi', [...])
 2 SYSTEMPATH\CodeIgniter.php(919): App\Controllers\Home->index()
 3 SYSTEMPATH\CodeIgniter.php(494): CodeIgniter\CodeIgniter->runController(Object(App\Controllers\Home))
 4 SYSTEMPATH\CodeIgniter.php(353): CodeIgniter\CodeIgniter->handleRequest(null, Object(Config\Cache), false)
 5 FCPATH\index.php(79): CodeIgniter\CodeIgniter->run()
 6 SYSTEMPATH\Commands\Server\rewrite.php(47): require_once('C:\\laragon\\www\\pendidikannonformal\\public\\index.php')
INFO - 2024-04-16 23:51:54 --> Session: Class initialized using 'CodeIgniter\Session\Handlers\FileHandler' driver.
