INFO - 2024-04-21 17:16:35 --> Session: Class initialized using 'CodeIgniter\Session\Handlers\FileHandler' driver.
INFO - 2024-04-21 17:16:35 --> Session: Class initialized using 'CodeIgniter\Session\Handlers\FileHandler' driver.
INFO - 2024-04-21 17:16:39 --> CSRF token verified.
INFO - 2024-04-21 17:16:39 --> Session: Class initialized using 'CodeIgniter\Session\Handlers\FileHandler' driver.
INFO - 2024-04-21 17:16:39 --> Session: Class initialized using 'CodeIgniter\Session\Handlers\FileHandler' driver.
INFO - 2024-04-21 17:16:52 --> Session: Class initialized using 'CodeIgniter\Session\Handlers\FileHandler' driver.
INFO - 2024-04-21 17:18:21 --> Session: Class initialized using 'CodeIgniter\Session\Handlers\FileHandler' driver.
INFO - 2024-04-21 17:18:22 --> Session: Class initialized using 'CodeIgniter\Session\Handlers\FileHandler' driver.
INFO - 2024-04-21 17:26:49 --> Session: Class initialized using 'CodeIgniter\Session\Handlers\FileHandler' driver.
INFO - 2024-04-21 17:33:33 --> Session: Class initialized using 'CodeIgniter\Session\Handlers\FileHandler' driver.
CRITICAL - 2024-04-21 17:33:33 --> Undefined array key "pengaturan_nama"
in APPPATH\Views\prestasi\v_prestasi.php on line 24.
 1 APPPATH\Views\prestasi\v_prestasi.php(24): CodeIgniter\Debug\Exceptions->errorHandler(2, 'Undefined array key "pengaturan_nama"', 'C:\\laragon\\www\\pendidikannonformal\\app\\Views\\prestasi\\v_prestasi.php', 24)
 2 SYSTEMPATH\View\View.php(226): include('C:\\laragon\\www\\pendidikannonformal\\app\\Views\\prestasi\\v_prestasi.php')
 3 SYSTEMPATH\View\View.php(229): CodeIgniter\View\View->CodeIgniter\View\{closure}()
 4 SYSTEMPATH\Common.php(1188): CodeIgniter\View\View->render('prestasi/v_prestasi', [], true)
 5 APPPATH\Controllers\Prestasi.php(31): view('prestasi/v_prestasi', [...])
 6 SYSTEMPATH\CodeIgniter.php(919): App\Controllers\Prestasi->index()
 7 SYSTEMPATH\CodeIgniter.php(494): CodeIgniter\CodeIgniter->runController(Object(App\Controllers\Prestasi))
 8 SYSTEMPATH\CodeIgniter.php(353): CodeIgniter\CodeIgniter->handleRequest(null, Object(Config\Cache), false)
 9 FCPATH\index.php(79): CodeIgniter\CodeIgniter->run()
10 SYSTEMPATH\Commands\Server\rewrite.php(47): require_once('C:\\laragon\\www\\pendidikannonformal\\public\\index.php')
INFO - 2024-04-21 17:33:54 --> Session: Class initialized using 'CodeIgniter\Session\Handlers\FileHandler' driver.
CRITICAL - 2024-04-21 17:33:54 --> Array to string conversion
in APPPATH\Views\prestasi\v_prestasi.php on line 23.
 1 APPPATH\Views\prestasi\v_prestasi.php(23): CodeIgniter\Debug\Exceptions->errorHandler(2, 'Array to string conversion', 'C:\\laragon\\www\\pendidikannonformal\\app\\Views\\prestasi\\v_prestasi.php', 23)
 2 SYSTEMPATH\View\View.php(226): include('C:\\laragon\\www\\pendidikannonformal\\app\\Views\\prestasi\\v_prestasi.php')
 3 SYSTEMPATH\View\View.php(229): CodeIgniter\View\View->CodeIgniter\View\{closure}()
 4 SYSTEMPATH\Common.php(1188): CodeIgniter\View\View->render('prestasi/v_prestasi', [], true)
 5 APPPATH\Controllers\Prestasi.php(31): view('prestasi/v_prestasi', [...])
 6 SYSTEMPATH\CodeIgniter.php(919): App\Controllers\Prestasi->index()
 7 SYSTEMPATH\CodeIgniter.php(494): CodeIgniter\CodeIgniter->runController(Object(App\Controllers\Prestasi))
 8 SYSTEMPATH\CodeIgniter.php(353): CodeIgniter\CodeIgniter->handleRequest(null, Object(Config\Cache), false)
 9 FCPATH\index.php(79): CodeIgniter\CodeIgniter->run()
10 SYSTEMPATH\Commands\Server\rewrite.php(47): require_once('C:\\laragon\\www\\pendidikannonformal\\public\\index.php')
INFO - 2024-04-21 17:34:02 --> Session: Class initialized using 'CodeIgniter\Session\Handlers\FileHandler' driver.
CRITICAL - 2024-04-21 17:34:02 --> Array to string conversion
in APPPATH\Views\prestasi\v_prestasi.php on line 23.
 1 APPPATH\Views\prestasi\v_prestasi.php(23): CodeIgniter\Debug\Exceptions->errorHandler(2, 'Array to string conversion', 'C:\\laragon\\www\\pendidikannonformal\\app\\Views\\prestasi\\v_prestasi.php', 23)
 2 SYSTEMPATH\View\View.php(226): include('C:\\laragon\\www\\pendidikannonformal\\app\\Views\\prestasi\\v_prestasi.php')
 3 SYSTEMPATH\View\View.php(229): CodeIgniter\View\View->CodeIgniter\View\{closure}()
 4 SYSTEMPATH\Common.php(1188): CodeIgniter\View\View->render('prestasi/v_prestasi', [], true)
 5 APPPATH\Controllers\Prestasi.php(31): view('prestasi/v_prestasi', [...])
 6 SYSTEMPATH\CodeIgniter.php(919): App\Controllers\Prestasi->index()
 7 SYSTEMPATH\CodeIgniter.php(494): CodeIgniter\CodeIgniter->runController(Object(App\Controllers\Prestasi))
 8 SYSTEMPATH\CodeIgniter.php(353): CodeIgniter\CodeIgniter->handleRequest(null, Object(Config\Cache), false)
 9 FCPATH\index.php(79): CodeIgniter\CodeIgniter->run()
10 SYSTEMPATH\Commands\Server\rewrite.php(47): require_once('C:\\laragon\\www\\pendidikannonformal\\public\\index.php')
INFO - 2024-04-21 17:34:21 --> Session: Class initialized using 'CodeIgniter\Session\Handlers\FileHandler' driver.
INFO - 2024-04-21 17:34:46 --> Session: Class initialized using 'CodeIgniter\Session\Handlers\FileHandler' driver.
CRITICAL - 2024-04-21 17:34:46 --> Array to string conversion
in APPPATH\Views\prestasi\v_prestasi.php on line 23.
 1 APPPATH\Views\prestasi\v_prestasi.php(23): CodeIgniter\Debug\Exceptions->errorHandler(2, 'Array to string conversion', 'C:\\laragon\\www\\pendidikannonformal\\app\\Views\\prestasi\\v_prestasi.php', 23)
 2 SYSTEMPATH\View\View.php(226): include('C:\\laragon\\www\\pendidikannonformal\\app\\Views\\prestasi\\v_prestasi.php')
 3 SYSTEMPATH\View\View.php(229): CodeIgniter\View\View->CodeIgniter\View\{closure}()
 4 SYSTEMPATH\Common.php(1188): CodeIgniter\View\View->render('prestasi/v_prestasi', [], true)
 5 APPPATH\Controllers\Prestasi.php(30): view('prestasi/v_prestasi', [...])
 6 SYSTEMPATH\CodeIgniter.php(919): App\Controllers\Prestasi->index()
 7 SYSTEMPATH\CodeIgniter.php(494): CodeIgniter\CodeIgniter->runController(Object(App\Controllers\Prestasi))
 8 SYSTEMPATH\CodeIgniter.php(353): CodeIgniter\CodeIgniter->handleRequest(null, Object(Config\Cache), false)
 9 FCPATH\index.php(79): CodeIgniter\CodeIgniter->run()
10 SYSTEMPATH\Commands\Server\rewrite.php(47): require_once('C:\\laragon\\www\\pendidikannonformal\\public\\index.php')
INFO - 2024-04-21 17:34:54 --> Session: Class initialized using 'CodeIgniter\Session\Handlers\FileHandler' driver.
INFO - 2024-04-21 17:35:23 --> Session: Class initialized using 'CodeIgniter\Session\Handlers\FileHandler' driver.
INFO - 2024-04-21 17:35:42 --> Session: Class initialized using 'CodeIgniter\Session\Handlers\FileHandler' driver.
INFO - 2024-04-21 17:37:08 --> Session: Class initialized using 'CodeIgniter\Session\Handlers\FileHandler' driver.
INFO - 2024-04-21 17:37:36 --> Session: Class initialized using 'CodeIgniter\Session\Handlers\FileHandler' driver.
INFO - 2024-04-21 17:37:45 --> Session: Class initialized using 'CodeIgniter\Session\Handlers\FileHandler' driver.
INFO - 2024-04-21 17:37:51 --> Session: Class initialized using 'CodeIgniter\Session\Handlers\FileHandler' driver.
INFO - 2024-04-21 17:37:58 --> Session: Class initialized using 'CodeIgniter\Session\Handlers\FileHandler' driver.
INFO - 2024-04-21 17:38:09 --> Session: Class initialized using 'CodeIgniter\Session\Handlers\FileHandler' driver.
INFO - 2024-04-21 17:38:18 --> Session: Class initialized using 'CodeIgniter\Session\Handlers\FileHandler' driver.
INFO - 2024-04-21 17:43:02 --> Session: Class initialized using 'CodeIgniter\Session\Handlers\FileHandler' driver.
INFO - 2024-04-21 17:43:28 --> Session: Class initialized using 'CodeIgniter\Session\Handlers\FileHandler' driver.
INFO - 2024-04-21 17:44:07 --> Session: Class initialized using 'CodeIgniter\Session\Handlers\FileHandler' driver.
INFO - 2024-04-21 17:46:49 --> Session: Class initialized using 'CodeIgniter\Session\Handlers\FileHandler' driver.
INFO - 2024-04-21 17:50:34 --> Session: Class initialized using 'CodeIgniter\Session\Handlers\FileHandler' driver.
INFO - 2024-04-21 17:50:47 --> Session: Class initialized using 'CodeIgniter\Session\Handlers\FileHandler' driver.
CRITICAL - 2024-04-21 17:50:47 --> Undefined variable $detailPrestasi
in APPPATH\Views\prestasi\v_edit_prestasi.php on line 11.
 1 APPPATH\Views\prestasi\v_edit_prestasi.php(11): CodeIgniter\Debug\Exceptions->errorHandler(2, 'Undefined variable $detailPrestasi', 'C:\\laragon\\www\\pendidikannonformal\\app\\Views\\prestasi\\v_edit_prestasi.php', 11)
 2 SYSTEMPATH\View\View.php(226): include('C:\\laragon\\www\\pendidikannonformal\\app\\Views\\prestasi\\v_edit_prestasi.php')
 3 SYSTEMPATH\View\View.php(229): CodeIgniter\View\View->CodeIgniter\View\{closure}()
 4 SYSTEMPATH\Common.php(1188): CodeIgniter\View\View->render('prestasi/v_edit_prestasi', [], true)
 5 APPPATH\Controllers\Prestasi.php(157): view('prestasi/v_edit_prestasi', [...])
 6 SYSTEMPATH\CodeIgniter.php(919): App\Controllers\Prestasi->edit_header()
 7 SYSTEMPATH\CodeIgniter.php(494): CodeIgniter\CodeIgniter->runController(Object(App\Controllers\Prestasi))
 8 SYSTEMPATH\CodeIgniter.php(353): CodeIgniter\CodeIgniter->handleRequest(null, Object(Config\Cache), false)
 9 FCPATH\index.php(79): CodeIgniter\CodeIgniter->run()
10 SYSTEMPATH\Commands\Server\rewrite.php(47): require_once('C:\\laragon\\www\\pendidikannonformal\\public\\index.php')
INFO - 2024-04-21 17:51:54 --> Session: Class initialized using 'CodeIgniter\Session\Handlers\FileHandler' driver.
CRITICAL - 2024-04-21 17:51:54 --> Undefined variable $detailPrestasi
in APPPATH\Views\prestasi\v_edit_prestasi.php on line 11.
 1 APPPATH\Views\prestasi\v_edit_prestasi.php(11): CodeIgniter\Debug\Exceptions->errorHandler(2, 'Undefined variable $detailPrestasi', 'C:\\laragon\\www\\pendidikannonformal\\app\\Views\\prestasi\\v_edit_prestasi.php', 11)
 2 SYSTEMPATH\View\View.php(226): include('C:\\laragon\\www\\pendidikannonformal\\app\\Views\\prestasi\\v_edit_prestasi.php')
 3 SYSTEMPATH\View\View.php(229): CodeIgniter\View\View->CodeIgniter\View\{closure}()
 4 SYSTEMPATH\Common.php(1188): CodeIgniter\View\View->render('prestasi/v_edit_prestasi', [], true)
 5 APPPATH\Controllers\Prestasi.php(157): view('prestasi/v_edit_prestasi', [...])
 6 SYSTEMPATH\CodeIgniter.php(919): App\Controllers\Prestasi->edit_header()
 7 SYSTEMPATH\CodeIgniter.php(494): CodeIgniter\CodeIgniter->runController(Object(App\Controllers\Prestasi))
 8 SYSTEMPATH\CodeIgniter.php(353): CodeIgniter\CodeIgniter->handleRequest(null, Object(Config\Cache), false)
 9 FCPATH\index.php(79): CodeIgniter\CodeIgniter->run()
10 SYSTEMPATH\Commands\Server\rewrite.php(47): require_once('C:\\laragon\\www\\pendidikannonformal\\public\\index.php')
INFO - 2024-04-21 17:52:10 --> Session: Class initialized using 'CodeIgniter\Session\Handlers\FileHandler' driver.
CRITICAL - 2024-04-21 17:52:10 --> Undefined variable $detailPrestasi
in APPPATH\Views\prestasi\v_edit_header_prestasi.php on line 38.
 1 APPPATH\Views\prestasi\v_edit_header_prestasi.php(38): CodeIgniter\Debug\Exceptions->errorHandler(2, 'Undefined variable $detailPrestasi', 'C:\\laragon\\www\\pendidikannonformal\\app\\Views\\prestasi\\v_edit_header_prestasi.php', 38)
 2 SYSTEMPATH\View\View.php(226): include('C:\\laragon\\www\\pendidikannonformal\\app\\Views\\prestasi\\v_edit_header_prestasi.php')
 3 SYSTEMPATH\View\View.php(229): CodeIgniter\View\View->CodeIgniter\View\{closure}()
 4 SYSTEMPATH\Common.php(1188): CodeIgniter\View\View->render('prestasi/v_edit_header_prestasi', [], true)
 5 APPPATH\Controllers\Prestasi.php(157): view('prestasi/v_edit_header_prestasi', [...])
 6 SYSTEMPATH\CodeIgniter.php(919): App\Controllers\Prestasi->edit_header()
 7 SYSTEMPATH\CodeIgniter.php(494): CodeIgniter\CodeIgniter->runController(Object(App\Controllers\Prestasi))
 8 SYSTEMPATH\CodeIgniter.php(353): CodeIgniter\CodeIgniter->handleRequest(null, Object(Config\Cache), false)
 9 FCPATH\index.php(79): CodeIgniter\CodeIgniter->run()
10 SYSTEMPATH\Commands\Server\rewrite.php(47): require_once('C:\\laragon\\www\\pendidikannonformal\\public\\index.php')
INFO - 2024-04-21 17:53:09 --> Session: Class initialized using 'CodeIgniter\Session\Handlers\FileHandler' driver.
INFO - 2024-04-21 18:00:16 --> Session: Class initialized using 'CodeIgniter\Session\Handlers\FileHandler' driver.
INFO - 2024-04-21 18:00:39 --> Session: Class initialized using 'CodeIgniter\Session\Handlers\FileHandler' driver.
INFO - 2024-04-21 18:00:39 --> CSRF token verified.
INFO - 2024-04-21 18:00:39 --> Session: Class initialized using 'CodeIgniter\Session\Handlers\FileHandler' driver.
INFO - 2024-04-21 18:01:26 --> Session: Class initialized using 'CodeIgniter\Session\Handlers\FileHandler' driver.
INFO - 2024-04-21 18:01:27 --> Session: Class initialized using 'CodeIgniter\Session\Handlers\FileHandler' driver.
INFO - 2024-04-21 18:01:31 --> Session: Class initialized using 'CodeIgniter\Session\Handlers\FileHandler' driver.
INFO - 2024-04-21 18:01:31 --> CSRF token verified.
INFO - 2024-04-21 18:01:31 --> Session: Class initialized using 'CodeIgniter\Session\Handlers\FileHandler' driver.
INFO - 2024-04-21 18:01:47 --> Session: Class initialized using 'CodeIgniter\Session\Handlers\FileHandler' driver.
INFO - 2024-04-21 18:01:48 --> Session: Class initialized using 'CodeIgniter\Session\Handlers\FileHandler' driver.
INFO - 2024-04-21 18:01:59 --> Session: Class initialized using 'CodeIgniter\Session\Handlers\FileHandler' driver.
INFO - 2024-04-21 18:01:59 --> CSRF token verified.
INFO - 2024-04-21 18:01:59 --> Session: Class initialized using 'CodeIgniter\Session\Handlers\FileHandler' driver.
INFO - 2024-04-21 18:04:03 --> Session: Class initialized using 'CodeIgniter\Session\Handlers\FileHandler' driver.
INFO - 2024-04-21 18:04:10 --> Session: Class initialized using 'CodeIgniter\Session\Handlers\FileHandler' driver.
INFO - 2024-04-21 18:04:10 --> CSRF token verified.
INFO - 2024-04-21 18:04:10 --> Session: Class initialized using 'CodeIgniter\Session\Handlers\FileHandler' driver.
INFO - 2024-04-21 18:09:13 --> Session: Class initialized using 'CodeIgniter\Session\Handlers\FileHandler' driver.
INFO - 2024-04-21 18:09:15 --> Session: Class initialized using 'CodeIgniter\Session\Handlers\FileHandler' driver.
INFO - 2024-04-21 18:12:35 --> Session: Class initialized using 'CodeIgniter\Session\Handlers\FileHandler' driver.
INFO - 2024-04-21 18:22:02 --> Session: Class initialized using 'CodeIgniter\Session\Handlers\FileHandler' driver.
INFO - 2024-04-21 18:22:12 --> Session: Class initialized using 'CodeIgniter\Session\Handlers\FileHandler' driver.
CRITICAL - 2024-04-21 18:22:12 --> Undefined variable $visi_misi
in APPPATH\Views\visi_misi\v_visi_misi.php on line 52.
 1 APPPATH\Views\visi_misi\v_visi_misi.php(52): CodeIgniter\Debug\Exceptions->errorHandler(2, 'Undefined variable $visi_misi', 'C:\\laragon\\www\\pendidikannonformal\\app\\Views\\visi_misi\\v_visi_misi.php', 52)
 2 SYSTEMPATH\View\View.php(226): include('C:\\laragon\\www\\pendidikannonformal\\app\\Views\\visi_misi\\v_visi_misi.php')
 3 SYSTEMPATH\View\View.php(229): CodeIgniter\View\View->CodeIgniter\View\{closure}()
 4 SYSTEMPATH\Common.php(1188): CodeIgniter\View\View->render('visi_misi/v_visi_misi', [], true)
 5 APPPATH\Controllers\GrafikMahasiswa.php(23): view('visi_misi/v_visi_misi', [...])
 6 SYSTEMPATH\CodeIgniter.php(919): App\Controllers\GrafikMahasiswa->index()
 7 SYSTEMPATH\CodeIgniter.php(494): CodeIgniter\CodeIgniter->runController(Object(App\Controllers\GrafikMahasiswa))
 8 SYSTEMPATH\CodeIgniter.php(353): CodeIgniter\CodeIgniter->handleRequest(null, Object(Config\Cache), false)
 9 FCPATH\index.php(79): CodeIgniter\CodeIgniter->run()
10 SYSTEMPATH\Commands\Server\rewrite.php(47): require_once('C:\\laragon\\www\\pendidikannonformal\\public\\index.php')
INFO - 2024-04-21 18:22:27 --> Session: Class initialized using 'CodeIgniter\Session\Handlers\FileHandler' driver.
INFO - 2024-04-21 18:22:51 --> Session: Class initialized using 'CodeIgniter\Session\Handlers\FileHandler' driver.
INFO - 2024-04-21 18:28:00 --> Session: Class initialized using 'CodeIgniter\Session\Handlers\FileHandler' driver.
INFO - 2024-04-21 18:28:02 --> Session: Class initialized using 'CodeIgniter\Session\Handlers\FileHandler' driver.
INFO - 2024-04-21 18:37:12 --> Session: Class initialized using 'CodeIgniter\Session\Handlers\FileHandler' driver.
INFO - 2024-04-21 18:37:13 --> Session: Class initialized using 'CodeIgniter\Session\Handlers\FileHandler' driver.
INFO - 2024-04-21 18:37:15 --> Session: Class initialized using 'CodeIgniter\Session\Handlers\FileHandler' driver.
INFO - 2024-04-21 18:37:19 --> Session: Class initialized using 'CodeIgniter\Session\Handlers\FileHandler' driver.
CRITICAL - 2024-04-21 18:37:19 --> Undefined variable $detailGrafikMahasiswa
in APPPATH\Views\grafik_mahasiswa\v_edit_grafik_mahasiswa.php on line 20.
 1 APPPATH\Views\grafik_mahasiswa\v_edit_grafik_mahasiswa.php(20): CodeIgniter\Debug\Exceptions->errorHandler(2, 'Undefined variable $detailGrafikMahasiswa', 'C:\\laragon\\www\\pendidikannonformal\\app\\Views\\grafik_mahasiswa\\v_edit_grafik_mahasiswa.php', 20)
 2 SYSTEMPATH\View\View.php(226): include('C:\\laragon\\www\\pendidikannonformal\\app\\Views\\grafik_mahasiswa\\v_edit_grafik_mahasiswa.php')
 3 SYSTEMPATH\View\View.php(229): CodeIgniter\View\View->CodeIgniter\View\{closure}()
 4 SYSTEMPATH\Common.php(1188): CodeIgniter\View\View->render('grafik_mahasiswa/v_edit_grafik_mahasiswa', [], true)
 5 APPPATH\Controllers\GrafikMahasiswa.php(39): view('grafik_mahasiswa/v_edit_grafik_mahasiswa', [...])
 6 SYSTEMPATH\CodeIgniter.php(919): App\Controllers\GrafikMahasiswa->edit('karya-ilmiah')
 7 SYSTEMPATH\CodeIgniter.php(494): CodeIgniter\CodeIgniter->runController(Object(App\Controllers\GrafikMahasiswa))
 8 SYSTEMPATH\CodeIgniter.php(353): CodeIgniter\CodeIgniter->handleRequest(null, Object(Config\Cache), false)
 9 FCPATH\index.php(79): CodeIgniter\CodeIgniter->run()
10 SYSTEMPATH\Commands\Server\rewrite.php(47): require_once('C:\\laragon\\www\\pendidikannonformal\\public\\index.php')
INFO - 2024-04-21 18:37:35 --> Session: Class initialized using 'CodeIgniter\Session\Handlers\FileHandler' driver.
INFO - 2024-04-21 18:37:35 --> Session: Class initialized using 'CodeIgniter\Session\Handlers\FileHandler' driver.
INFO - 2024-04-21 18:37:36 --> Session: Class initialized using 'CodeIgniter\Session\Handlers\FileHandler' driver.
INFO - 2024-04-21 18:37:38 --> Session: Class initialized using 'CodeIgniter\Session\Handlers\FileHandler' driver.
INFO - 2024-04-21 18:37:38 --> CSRF token verified.
INFO - 2024-04-21 18:40:04 --> Session: Class initialized using 'CodeIgniter\Session\Handlers\FileHandler' driver.
INFO - 2024-04-21 18:40:05 --> Session: Class initialized using 'CodeIgniter\Session\Handlers\FileHandler' driver.
INFO - 2024-04-21 18:40:07 --> Session: Class initialized using 'CodeIgniter\Session\Handlers\FileHandler' driver.
INFO - 2024-04-21 18:40:07 --> Session: Class initialized using 'CodeIgniter\Session\Handlers\FileHandler' driver.
INFO - 2024-04-21 18:40:08 --> Session: Class initialized using 'CodeIgniter\Session\Handlers\FileHandler' driver.
INFO - 2024-04-21 18:40:10 --> Session: Class initialized using 'CodeIgniter\Session\Handlers\FileHandler' driver.
INFO - 2024-04-21 18:40:12 --> Session: Class initialized using 'CodeIgniter\Session\Handlers\FileHandler' driver.
INFO - 2024-04-21 18:40:13 --> Session: Class initialized using 'CodeIgniter\Session\Handlers\FileHandler' driver.
INFO - 2024-04-21 18:40:13 --> Session: Class initialized using 'CodeIgniter\Session\Handlers\FileHandler' driver.
INFO - 2024-04-21 18:40:18 --> Session: Class initialized using 'CodeIgniter\Session\Handlers\FileHandler' driver.
INFO - 2024-04-21 18:40:18 --> Session: Class initialized using 'CodeIgniter\Session\Handlers\FileHandler' driver.
INFO - 2024-04-21 18:40:18 --> Session: Class initialized using 'CodeIgniter\Session\Handlers\FileHandler' driver.
INFO - 2024-04-21 18:40:20 --> Session: Class initialized using 'CodeIgniter\Session\Handlers\FileHandler' driver.
INFO - 2024-04-21 18:40:20 --> Session: Class initialized using 'CodeIgniter\Session\Handlers\FileHandler' driver.
INFO - 2024-04-21 18:40:20 --> Session: Class initialized using 'CodeIgniter\Session\Handlers\FileHandler' driver.
INFO - 2024-04-21 18:40:22 --> Session: Class initialized using 'CodeIgniter\Session\Handlers\FileHandler' driver.
INFO - 2024-04-21 18:40:22 --> Session: Class initialized using 'CodeIgniter\Session\Handlers\FileHandler' driver.
INFO - 2024-04-21 18:40:22 --> Session: Class initialized using 'CodeIgniter\Session\Handlers\FileHandler' driver.
INFO - 2024-04-21 18:40:26 --> Session: Class initialized using 'CodeIgniter\Session\Handlers\FileHandler' driver.
INFO - 2024-04-21 18:40:28 --> Session: Class initialized using 'CodeIgniter\Session\Handlers\FileHandler' driver.
INFO - 2024-04-21 18:40:28 --> Session: Class initialized using 'CodeIgniter\Session\Handlers\FileHandler' driver.
INFO - 2024-04-21 18:40:28 --> Session: Class initialized using 'CodeIgniter\Session\Handlers\FileHandler' driver.
