INFO - 2024-02-09 08:51:43 --> Session: Class initialized using 'CodeIgniter\Session\Handlers\FileHandler' driver.
INFO - 2024-02-09 08:51:44 --> Session: Class initialized using 'CodeIgniter\Session\Handlers\FileHandler' driver.
INFO - 2024-02-09 08:51:49 --> CSRF token verified.
INFO - 2024-02-09 08:51:50 --> Session: Class initialized using 'CodeIgniter\Session\Handlers\FileHandler' driver.
INFO - 2024-02-09 08:51:50 --> Session: Class initialized using 'CodeIgniter\Session\Handlers\FileHandler' driver.
INFO - 2024-02-09 08:51:53 --> Session: Class initialized using 'CodeIgniter\Session\Handlers\FileHandler' driver.
CRITICAL - 2024-02-09 08:51:53 --> Class "App\Models\DepartemenModel" not found
in APPPATH\Controllers\User.php on line 17.
 1 SYSTEMPATH\CodeIgniter.php(891): App\Controllers\User->__construct()
 2 SYSTEMPATH\CodeIgniter.php(485): CodeIgniter\CodeIgniter->createController()
 3 SYSTEMPATH\CodeIgniter.php(353): CodeIgniter\CodeIgniter->handleRequest(null, Object(Config\Cache), false)
 4 FCPATH\index.php(79): CodeIgniter\CodeIgniter->run()
 5 SYSTEMPATH\Commands\Server\rewrite.php(47): require_once('C:\\laragon\\www\\direktoratkemahasiswaanci\\public\\index.php')
INFO - 2024-02-09 08:52:24 --> Session: Class initialized using 'CodeIgniter\Session\Handlers\FileHandler' driver.
ERROR - 2024-02-09 08:52:24 --> mysqli_sql_exception: Table 'direktoratkemahasiswaan.departemen' doesn't exist in C:\laragon\www\direktoratkemahasiswaanci\system\Database\MySQLi\Connection.php:306
Stack trace:
#0 C:\laragon\www\direktoratkemahasiswaanci\system\Database\MySQLi\Connection.php(306): mysqli->query('SELECT `user`.`...', 0)
#1 C:\laragon\www\direktoratkemahasiswaanci\system\Database\BaseConnection.php(692): CodeIgniter\Database\MySQLi\Connection->execute('SELECT `user`.`...')
#2 C:\laragon\www\direktoratkemahasiswaanci\system\Database\BaseConnection.php(606): CodeIgniter\Database\BaseConnection->simpleQuery('SELECT `user`.`...')
#3 C:\laragon\www\direktoratkemahasiswaanci\system\Database\BaseBuilder.php(1615): CodeIgniter\Database\BaseConnection->query('SELECT `user`.`...', Array, false)
#4 C:\laragon\www\direktoratkemahasiswaanci\app\Models\UserModel.php(30): CodeIgniter\Database\BaseBuilder->get()
#5 C:\laragon\www\direktoratkemahasiswaanci\app\Controllers\User.php(20): App\Models\UserModel->getAll()
#6 C:\laragon\www\direktoratkemahasiswaanci\system\CodeIgniter.php(919): App\Controllers\User->index()
#7 C:\laragon\www\direktoratkemahasiswaanci\system\CodeIgniter.php(494): CodeIgniter\CodeIgniter->runController(Object(App\Controllers\User))
#8 C:\laragon\www\direktoratkemahasiswaanci\system\CodeIgniter.php(353): CodeIgniter\CodeIgniter->handleRequest(NULL, Object(Config\Cache), false)
#9 C:\laragon\www\direktoratkemahasiswaanci\public\index.php(79): CodeIgniter\CodeIgniter->run()
#10 C:\laragon\www\direktoratkemahasiswaanci\system\Commands\Server\rewrite.php(47): require_once('C:\\laragon\\www\\...')
#11 {main}
CRITICAL - 2024-02-09 08:52:24 --> Table 'direktoratkemahasiswaan.departemen' doesn't exist
in SYSTEMPATH\Database\BaseConnection.php on line 646.
 1 SYSTEMPATH\Database\BaseBuilder.php(1615): CodeIgniter\Database\BaseConnection->query('SELECT `user`.`user_id`, `user`.`nama_asli`, `user`.`username`, `user`.`user_foto`, `user`.`is_aktif`, `user`.`is_login`, `user`.`terakhir_login`, `user_level`.`user_level_nama`, `departemen`.`departemen_nama`
FROM `user`
LEFT JOIN `departemen` ON `user`.`departemen` = `departemen`.`departemen_id`
JOIN `user_level` ON `user`.`level` = `user_level`.`user_level_id`', [], false)
 2 APPPATH\Models\UserModel.php(30): CodeIgniter\Database\BaseBuilder->get()
 3 APPPATH\Controllers\User.php(20): App\Models\UserModel->getAll()
 4 SYSTEMPATH\CodeIgniter.php(919): App\Controllers\User->index()
 5 SYSTEMPATH\CodeIgniter.php(494): CodeIgniter\CodeIgniter->runController(Object(App\Controllers\User))
 6 SYSTEMPATH\CodeIgniter.php(353): CodeIgniter\CodeIgniter->handleRequest(null, Object(Config\Cache), false)
 7 FCPATH\index.php(79): CodeIgniter\CodeIgniter->run()
 8 SYSTEMPATH\Commands\Server\rewrite.php(47): require_once('C:\\laragon\\www\\direktoratkemahasiswaanci\\public\\index.php')
INFO - 2024-02-09 08:53:07 --> Session: Class initialized using 'CodeIgniter\Session\Handlers\FileHandler' driver.
CRITICAL - 2024-02-09 08:53:07 --> Undefined array key "departemen_nama"
in APPPATH\Views\user\v_user.php on line 84.
 1 APPPATH\Views\user\v_user.php(84): CodeIgniter\Debug\Exceptions->errorHandler(2, 'Undefined array key "departemen_nama"', 'C:\\laragon\\www\\direktoratkemahasiswaanci\\app\\Views\\user\\v_user.php', 84)
 2 SYSTEMPATH\View\View.php(226): include('C:\\laragon\\www\\direktoratkemahasiswaanci\\app\\Views\\user\\v_user.php')
 3 SYSTEMPATH\View\View.php(229): CodeIgniter\View\View->CodeIgniter\View\{closure}()
 4 SYSTEMPATH\Common.php(1188): CodeIgniter\View\View->render('user/v_user', [], true)
 5 APPPATH\Controllers\User.php(27): view('user/v_user', [...])
 6 SYSTEMPATH\CodeIgniter.php(919): App\Controllers\User->index()
 7 SYSTEMPATH\CodeIgniter.php(494): CodeIgniter\CodeIgniter->runController(Object(App\Controllers\User))
 8 SYSTEMPATH\CodeIgniter.php(353): CodeIgniter\CodeIgniter->handleRequest(null, Object(Config\Cache), false)
 9 FCPATH\index.php(79): CodeIgniter\CodeIgniter->run()
10 SYSTEMPATH\Commands\Server\rewrite.php(47): require_once('C:\\laragon\\www\\direktoratkemahasiswaanci\\public\\index.php')
INFO - 2024-02-09 08:55:47 --> Session: Class initialized using 'CodeIgniter\Session\Handlers\FileHandler' driver.
INFO - 2024-02-09 08:55:52 --> Session: Class initialized using 'CodeIgniter\Session\Handlers\FileHandler' driver.
CRITICAL - 2024-02-09 08:55:52 --> Undefined property: App\Controllers\User::$departemenModel
in APPPATH\Controllers\User.php on line 32.
 1 APPPATH\Controllers\User.php(32): CodeIgniter\Debug\Exceptions->errorHandler(2, 'Undefined property: App\\Controllers\\User::$departemenModel', 'C:\\laragon\\www\\direktoratkemahasiswaanci\\app\\Controllers\\User.php', 32)
 2 SYSTEMPATH\CodeIgniter.php(919): App\Controllers\User->tambah()
 3 SYSTEMPATH\CodeIgniter.php(494): CodeIgniter\CodeIgniter->runController(Object(App\Controllers\User))
 4 SYSTEMPATH\CodeIgniter.php(353): CodeIgniter\CodeIgniter->handleRequest(null, Object(Config\Cache), false)
 5 FCPATH\index.php(79): CodeIgniter\CodeIgniter->run()
 6 SYSTEMPATH\Commands\Server\rewrite.php(47): require_once('C:\\laragon\\www\\direktoratkemahasiswaanci\\public\\index.php')
INFO - 2024-02-09 08:56:28 --> Session: Class initialized using 'CodeIgniter\Session\Handlers\FileHandler' driver.
INFO - 2024-02-09 08:57:44 --> Session: Class initialized using 'CodeIgniter\Session\Handlers\FileHandler' driver.
INFO - 2024-02-09 08:57:44 --> CSRF token verified.
INFO - 2024-02-09 08:57:44 --> Session: Class initialized using 'CodeIgniter\Session\Handlers\FileHandler' driver.
INFO - 2024-02-09 08:59:48 --> Session: Class initialized using 'CodeIgniter\Session\Handlers\FileHandler' driver.
INFO - 2024-02-09 08:59:48 --> CSRF token verified.
INFO - 2024-02-09 08:59:48 --> Session: Class initialized using 'CodeIgniter\Session\Handlers\FileHandler' driver.
INFO - 2024-02-09 09:00:01 --> Session: Class initialized using 'CodeIgniter\Session\Handlers\FileHandler' driver.
INFO - 2024-02-09 09:00:01 --> CSRF token verified.
INFO - 2024-02-09 09:00:01 --> Session: Class initialized using 'CodeIgniter\Session\Handlers\FileHandler' driver.
INFO - 2024-02-09 09:00:14 --> Session: Class initialized using 'CodeIgniter\Session\Handlers\FileHandler' driver.
INFO - 2024-02-09 09:00:52 --> Session: Class initialized using 'CodeIgniter\Session\Handlers\FileHandler' driver.
INFO - 2024-02-09 09:00:52 --> CSRF token verified.
INFO - 2024-02-09 09:00:52 --> Session: Class initialized using 'CodeIgniter\Session\Handlers\FileHandler' driver.
INFO - 2024-02-09 09:00:56 --> Session: Class initialized using 'CodeIgniter\Session\Handlers\FileHandler' driver.
INFO - 2024-02-09 09:01:19 --> Session: Class initialized using 'CodeIgniter\Session\Handlers\FileHandler' driver.
INFO - 2024-02-09 09:01:19 --> CSRF token verified.
INFO - 2024-02-09 09:01:19 --> Session: Class initialized using 'CodeIgniter\Session\Handlers\FileHandler' driver.
INFO - 2024-02-09 09:01:26 --> Session: Class initialized using 'CodeIgniter\Session\Handlers\FileHandler' driver.
INFO - 2024-02-09 09:01:39 --> Session: Class initialized using 'CodeIgniter\Session\Handlers\FileHandler' driver.
INFO - 2024-02-09 09:01:39 --> CSRF token verified.
INFO - 2024-02-09 09:01:39 --> Session: Class initialized using 'CodeIgniter\Session\Handlers\FileHandler' driver.
INFO - 2024-02-09 09:02:05 --> Session: Class initialized using 'CodeIgniter\Session\Handlers\FileHandler' driver.
INFO - 2024-02-09 09:02:06 --> Session: Class initialized using 'CodeIgniter\Session\Handlers\FileHandler' driver.
INFO - 2024-02-09 09:02:16 --> CSRF token verified.
INFO - 2024-02-09 09:02:16 --> Session: Class initialized using 'CodeIgniter\Session\Handlers\FileHandler' driver.
INFO - 2024-02-09 09:02:16 --> Session: Class initialized using 'CodeIgniter\Session\Handlers\FileHandler' driver.
INFO - 2024-02-09 09:13:19 --> Session: Class initialized using 'CodeIgniter\Session\Handlers\FileHandler' driver.
INFO - 2024-02-09 09:13:34 --> Session: Class initialized using 'CodeIgniter\Session\Handlers\FileHandler' driver.
INFO - 2024-02-09 09:14:52 --> Session: Class initialized using 'CodeIgniter\Session\Handlers\FileHandler' driver.
INFO - 2024-02-09 09:14:53 --> Session: Class initialized using 'CodeIgniter\Session\Handlers\FileHandler' driver.
INFO - 2024-02-09 09:22:45 --> Session: Class initialized using 'CodeIgniter\Session\Handlers\FileHandler' driver.
INFO - 2024-02-09 09:22:47 --> Session: Class initialized using 'CodeIgniter\Session\Handlers\FileHandler' driver.
INFO - 2024-02-09 09:23:06 --> Session: Class initialized using 'CodeIgniter\Session\Handlers\FileHandler' driver.
INFO - 2024-02-09 09:23:06 --> CSRF token verified.
INFO - 2024-02-09 09:23:06 --> Session: Class initialized using 'CodeIgniter\Session\Handlers\FileHandler' driver.
INFO - 2024-02-09 09:24:18 --> Session: Class initialized using 'CodeIgniter\Session\Handlers\FileHandler' driver.
INFO - 2024-02-09 09:24:18 --> CSRF token verified.
INFO - 2024-02-09 09:24:18 --> Session: Class initialized using 'CodeIgniter\Session\Handlers\FileHandler' driver.
CRITICAL - 2024-02-09 11:18:46 --> Undefined array key "nama_user"
in APPPATH\Views\home\v_detail_berita.php on line 46.
 1 APPPATH\Views\home\v_detail_berita.php(46): CodeIgniter\Debug\Exceptions->errorHandler(2, 'Undefined array key "nama_user"', 'C:\\laragon\\www\\direktoratkemahasiswaanci\\app\\Views\\home\\v_detail_berita.php', 46)
 2 SYSTEMPATH\View\View.php(226): include('C:\\laragon\\www\\direktoratkemahasiswaanci\\app\\Views\\home\\v_detail_berita.php')
 3 SYSTEMPATH\View\View.php(229): CodeIgniter\View\View->CodeIgniter\View\{closure}()
 4 SYSTEMPATH\Common.php(1188): CodeIgniter\View\View->render('home/v_detail_berita', [], true)
 5 APPPATH\Controllers\Home.php(58): view('home/v_detail_berita', [...])
 6 SYSTEMPATH\CodeIgniter.php(919): App\Controllers\Home->detail('pembukaan-pendaftaran-beasiswa-van-deventer-maas-indonesia-tahun-2024')
 7 SYSTEMPATH\CodeIgniter.php(494): CodeIgniter\CodeIgniter->runController(Object(App\Controllers\Home))
 8 SYSTEMPATH\CodeIgniter.php(353): CodeIgniter\CodeIgniter->handleRequest(null, Object(Config\Cache), false)
 9 FCPATH\index.php(79): CodeIgniter\CodeIgniter->run()
10 SYSTEMPATH\Commands\Server\rewrite.php(47): require_once('C:\\laragon\\www\\direktoratkemahasiswaanci\\public\\index.php')
CRITICAL - 2024-02-09 11:20:53 --> Undefined array key "berita_sampul"
in APPPATH\Views\home\v_detail_berita.php on line 33.
 1 APPPATH\Views\home\v_detail_berita.php(33): CodeIgniter\Debug\Exceptions->errorHandler(2, 'Undefined array key "berita_sampul"', 'C:\\laragon\\www\\direktoratkemahasiswaanci\\app\\Views\\home\\v_detail_berita.php', 33)
 2 SYSTEMPATH\View\View.php(226): include('C:\\laragon\\www\\direktoratkemahasiswaanci\\app\\Views\\home\\v_detail_berita.php')
 3 SYSTEMPATH\View\View.php(229): CodeIgniter\View\View->CodeIgniter\View\{closure}()
 4 SYSTEMPATH\Common.php(1188): CodeIgniter\View\View->render('home/v_detail_berita', [], true)
 5 APPPATH\Controllers\Home.php(58): view('home/v_detail_berita', [...])
 6 SYSTEMPATH\CodeIgniter.php(919): App\Controllers\Home->detail('pembukaan-pendaftaran-beasiswa-van-deventer-maas-indonesia-tahun-2024')
 7 SYSTEMPATH\CodeIgniter.php(494): CodeIgniter\CodeIgniter->runController(Object(App\Controllers\Home))
 8 SYSTEMPATH\CodeIgniter.php(353): CodeIgniter\CodeIgniter->handleRequest(null, Object(Config\Cache), false)
 9 FCPATH\index.php(79): CodeIgniter\CodeIgniter->run()
10 SYSTEMPATH\Commands\Server\rewrite.php(47): require_once('C:\\laragon\\www\\direktoratkemahasiswaanci\\public\\index.php')
INFO - 2024-02-09 11:45:41 --> Session: Class initialized using 'CodeIgniter\Session\Handlers\FileHandler' driver.
INFO - 2024-02-09 11:45:41 --> Session: Class initialized using 'CodeIgniter\Session\Handlers\FileHandler' driver.
CRITICAL - 2024-02-09 11:46:40 --> Undefined variable $semuaBerita
in APPPATH\Views\home\v_semua_berita.php on line 25.
 1 APPPATH\Views\home\v_semua_berita.php(25): CodeIgniter\Debug\Exceptions->errorHandler(2, 'Undefined variable $semuaBerita', 'C:\\laragon\\www\\direktoratkemahasiswaanci\\app\\Views\\home\\v_semua_berita.php', 25)
 2 SYSTEMPATH\View\View.php(226): include('C:\\laragon\\www\\direktoratkemahasiswaanci\\app\\Views\\home\\v_semua_berita.php')
 3 SYSTEMPATH\View\View.php(229): CodeIgniter\View\View->CodeIgniter\View\{closure}()
 4 SYSTEMPATH\Common.php(1188): CodeIgniter\View\View->render('home/v_semua_berita', [], true)
 5 APPPATH\Controllers\UserBerita.php(23): view('home/v_semua_berita', [...])
 6 SYSTEMPATH\CodeIgniter.php(919): App\Controllers\UserBerita->berita_beasiswa()
 7 SYSTEMPATH\CodeIgniter.php(494): CodeIgniter\CodeIgniter->runController(Object(App\Controllers\UserBerita))
 8 SYSTEMPATH\CodeIgniter.php(353): CodeIgniter\CodeIgniter->handleRequest(null, Object(Config\Cache), false)
 9 FCPATH\index.php(79): CodeIgniter\CodeIgniter->run()
10 SYSTEMPATH\Commands\Server\rewrite.php(47): require_once('C:\\laragon\\www\\direktoratkemahasiswaanci\\public\\index.php')
INFO - 2024-02-09 15:21:42 --> Session: Class initialized using 'CodeIgniter\Session\Handlers\FileHandler' driver.
INFO - 2024-02-09 15:21:42 --> Session: Class initialized using 'CodeIgniter\Session\Handlers\FileHandler' driver.
INFO - 2024-02-09 15:21:46 --> CSRF token verified.
INFO - 2024-02-09 15:21:46 --> Session: Class initialized using 'CodeIgniter\Session\Handlers\FileHandler' driver.
INFO - 2024-02-09 15:21:46 --> Session: Class initialized using 'CodeIgniter\Session\Handlers\FileHandler' driver.
INFO - 2024-02-09 15:21:51 --> Session: Class initialized using 'CodeIgniter\Session\Handlers\FileHandler' driver.
CRITICAL - 2024-02-09 15:24:03 --> Undefined array key "nama_user"
in APPPATH\Views\home\v_home.php on line 165.
 1 APPPATH\Views\home\v_home.php(165): CodeIgniter\Debug\Exceptions->errorHandler(2, 'Undefined array key "nama_user"', 'C:\\laragon\\www\\direktoratkemahasiswaanci\\app\\Views\\home\\v_home.php', 165)
 2 SYSTEMPATH\View\View.php(226): include('C:\\laragon\\www\\direktoratkemahasiswaanci\\app\\Views\\home\\v_home.php')
 3 SYSTEMPATH\View\View.php(229): CodeIgniter\View\View->CodeIgniter\View\{closure}()
 4 SYSTEMPATH\Common.php(1188): CodeIgniter\View\View->render('home/v_home', [], true)
 5 APPPATH\Controllers\Home.php(33): view('home/v_home', [...])
 6 SYSTEMPATH\CodeIgniter.php(919): App\Controllers\Home->index()
 7 SYSTEMPATH\CodeIgniter.php(494): CodeIgniter\CodeIgniter->runController(Object(App\Controllers\Home))
 8 SYSTEMPATH\CodeIgniter.php(353): CodeIgniter\CodeIgniter->handleRequest(null, Object(Config\Cache), false)
 9 FCPATH\index.php(79): CodeIgniter\CodeIgniter->run()
10 SYSTEMPATH\Commands\Server\rewrite.php(47): require_once('C:\\laragon\\www\\direktoratkemahasiswaanci\\public\\index.php')
CRITICAL - 2024-02-09 15:24:37 --> Undefined array key "nama_user"
in APPPATH\Views\home\v_home.php on line 165.
 1 APPPATH\Views\home\v_home.php(165): CodeIgniter\Debug\Exceptions->errorHandler(2, 'Undefined array key "nama_user"', 'C:\\laragon\\www\\direktoratkemahasiswaanci\\app\\Views\\home\\v_home.php', 165)
 2 SYSTEMPATH\View\View.php(226): include('C:\\laragon\\www\\direktoratkemahasiswaanci\\app\\Views\\home\\v_home.php')
 3 SYSTEMPATH\View\View.php(229): CodeIgniter\View\View->CodeIgniter\View\{closure}()
 4 SYSTEMPATH\Common.php(1188): CodeIgniter\View\View->render('home/v_home', [], true)
 5 APPPATH\Controllers\Home.php(33): view('home/v_home', [...])
 6 SYSTEMPATH\CodeIgniter.php(919): App\Controllers\Home->index()
 7 SYSTEMPATH\CodeIgniter.php(494): CodeIgniter\CodeIgniter->runController(Object(App\Controllers\Home))
 8 SYSTEMPATH\CodeIgniter.php(353): CodeIgniter\CodeIgniter->handleRequest(null, Object(Config\Cache), false)
 9 FCPATH\index.php(79): CodeIgniter\CodeIgniter->run()
10 SYSTEMPATH\Commands\Server\rewrite.php(47): require_once('C:\\laragon\\www\\direktoratkemahasiswaanci\\public\\index.php')
CRITICAL - 2024-02-09 15:24:39 --> Undefined array key "nama_user"
in APPPATH\Views\home\v_home.php on line 165.
 1 APPPATH\Views\home\v_home.php(165): CodeIgniter\Debug\Exceptions->errorHandler(2, 'Undefined array key "nama_user"', 'C:\\laragon\\www\\direktoratkemahasiswaanci\\app\\Views\\home\\v_home.php', 165)
 2 SYSTEMPATH\View\View.php(226): include('C:\\laragon\\www\\direktoratkemahasiswaanci\\app\\Views\\home\\v_home.php')
 3 SYSTEMPATH\View\View.php(229): CodeIgniter\View\View->CodeIgniter\View\{closure}()
 4 SYSTEMPATH\Common.php(1188): CodeIgniter\View\View->render('home/v_home', [], true)
 5 APPPATH\Controllers\Home.php(33): view('home/v_home', [...])
 6 SYSTEMPATH\CodeIgniter.php(919): App\Controllers\Home->index()
 7 SYSTEMPATH\CodeIgniter.php(494): CodeIgniter\CodeIgniter->runController(Object(App\Controllers\Home))
 8 SYSTEMPATH\CodeIgniter.php(353): CodeIgniter\CodeIgniter->handleRequest(null, Object(Config\Cache), false)
 9 FCPATH\index.php(79): CodeIgniter\CodeIgniter->run()
10 SYSTEMPATH\Commands\Server\rewrite.php(47): require_once('C:\\laragon\\www\\direktoratkemahasiswaanci\\public\\index.php')
CRITICAL - 2024-02-09 15:25:50 --> Undefined array key "nama_user"
in APPPATH\Views\home\v_home.php on line 165.
 1 APPPATH\Views\home\v_home.php(165): CodeIgniter\Debug\Exceptions->errorHandler(2, 'Undefined array key "nama_user"', 'C:\\laragon\\www\\direktoratkemahasiswaanci\\app\\Views\\home\\v_home.php', 165)
 2 SYSTEMPATH\View\View.php(226): include('C:\\laragon\\www\\direktoratkemahasiswaanci\\app\\Views\\home\\v_home.php')
 3 SYSTEMPATH\View\View.php(229): CodeIgniter\View\View->CodeIgniter\View\{closure}()
 4 SYSTEMPATH\Common.php(1188): CodeIgniter\View\View->render('home/v_home', [], true)
 5 APPPATH\Controllers\Home.php(33): view('home/v_home', [...])
 6 SYSTEMPATH\CodeIgniter.php(919): App\Controllers\Home->index()
 7 SYSTEMPATH\CodeIgniter.php(494): CodeIgniter\CodeIgniter->runController(Object(App\Controllers\Home))
 8 SYSTEMPATH\CodeIgniter.php(353): CodeIgniter\CodeIgniter->handleRequest(null, Object(Config\Cache), false)
 9 FCPATH\index.php(79): CodeIgniter\CodeIgniter->run()
10 SYSTEMPATH\Commands\Server\rewrite.php(47): require_once('C:\\laragon\\www\\direktoratkemahasiswaanci\\public\\index.php')
CRITICAL - 2024-02-09 15:26:13 --> Undefined array key "nama_user"
in APPPATH\Views\home\v_home.php on line 165.
 1 APPPATH\Views\home\v_home.php(165): CodeIgniter\Debug\Exceptions->errorHandler(2, 'Undefined array key "nama_user"', 'C:\\laragon\\www\\direktoratkemahasiswaanci\\app\\Views\\home\\v_home.php', 165)
 2 SYSTEMPATH\View\View.php(226): include('C:\\laragon\\www\\direktoratkemahasiswaanci\\app\\Views\\home\\v_home.php')
 3 SYSTEMPATH\View\View.php(229): CodeIgniter\View\View->CodeIgniter\View\{closure}()
 4 SYSTEMPATH\Common.php(1188): CodeIgniter\View\View->render('home/v_home', [], true)
 5 APPPATH\Controllers\Home.php(33): view('home/v_home', [...])
 6 SYSTEMPATH\CodeIgniter.php(919): App\Controllers\Home->index()
 7 SYSTEMPATH\CodeIgniter.php(494): CodeIgniter\CodeIgniter->runController(Object(App\Controllers\Home))
 8 SYSTEMPATH\CodeIgniter.php(353): CodeIgniter\CodeIgniter->handleRequest(null, Object(Config\Cache), false)
 9 FCPATH\index.php(79): CodeIgniter\CodeIgniter->run()
10 SYSTEMPATH\Commands\Server\rewrite.php(47): require_once('C:\\laragon\\www\\direktoratkemahasiswaanci\\public\\index.php')
CRITICAL - 2024-02-09 15:26:15 --> Undefined array key "nama_user"
in APPPATH\Views\home\v_home.php on line 165.
 1 APPPATH\Views\home\v_home.php(165): CodeIgniter\Debug\Exceptions->errorHandler(2, 'Undefined array key "nama_user"', 'C:\\laragon\\www\\direktoratkemahasiswaanci\\app\\Views\\home\\v_home.php', 165)
 2 SYSTEMPATH\View\View.php(226): include('C:\\laragon\\www\\direktoratkemahasiswaanci\\app\\Views\\home\\v_home.php')
 3 SYSTEMPATH\View\View.php(229): CodeIgniter\View\View->CodeIgniter\View\{closure}()
 4 SYSTEMPATH\Common.php(1188): CodeIgniter\View\View->render('home/v_home', [], true)
 5 APPPATH\Controllers\Home.php(33): view('home/v_home', [...])
 6 SYSTEMPATH\CodeIgniter.php(919): App\Controllers\Home->index()
 7 SYSTEMPATH\CodeIgniter.php(494): CodeIgniter\CodeIgniter->runController(Object(App\Controllers\Home))
 8 SYSTEMPATH\CodeIgniter.php(353): CodeIgniter\CodeIgniter->handleRequest(null, Object(Config\Cache), false)
 9 FCPATH\index.php(79): CodeIgniter\CodeIgniter->run()
10 SYSTEMPATH\Commands\Server\rewrite.php(47): require_once('C:\\laragon\\www\\direktoratkemahasiswaanci\\public\\index.php')
CRITICAL - 2024-02-09 15:28:07 --> Undefined variable $beasiswaBerita
in APPPATH\Controllers\Home.php on line 28.
 1 APPPATH\Controllers\Home.php(28): CodeIgniter\Debug\Exceptions->errorHandler(2, 'Undefined variable $beasiswaBerita', 'C:\\laragon\\www\\direktoratkemahasiswaanci\\app\\Controllers\\Home.php', 28)
 2 SYSTEMPATH\CodeIgniter.php(919): App\Controllers\Home->index()
 3 SYSTEMPATH\CodeIgniter.php(494): CodeIgniter\CodeIgniter->runController(Object(App\Controllers\Home))
 4 SYSTEMPATH\CodeIgniter.php(353): CodeIgniter\CodeIgniter->handleRequest(null, Object(Config\Cache), false)
 5 FCPATH\index.php(79): CodeIgniter\CodeIgniter->run()
 6 SYSTEMPATH\Commands\Server\rewrite.php(47): require_once('C:\\laragon\\www\\direktoratkemahasiswaanci\\public\\index.php')
CRITICAL - 2024-02-09 18:38:16 --> Undefined variable $beasiswaBerita
in APPPATH\Controllers\Home.php on line 27.
 1 APPPATH\Controllers\Home.php(27): CodeIgniter\Debug\Exceptions->errorHandler(2, 'Undefined variable $beasiswaBerita', 'C:\\laragon\\www\\direktoratkemahasiswaanci\\app\\Controllers\\Home.php', 27)
 2 SYSTEMPATH\CodeIgniter.php(919): App\Controllers\Home->index()
 3 SYSTEMPATH\CodeIgniter.php(494): CodeIgniter\CodeIgniter->runController(Object(App\Controllers\Home))
 4 SYSTEMPATH\CodeIgniter.php(353): CodeIgniter\CodeIgniter->handleRequest(null, Object(Config\Cache), false)
 5 FCPATH\index.php(79): CodeIgniter\CodeIgniter->run()
 6 SYSTEMPATH\Commands\Server\rewrite.php(47): require_once('C:\\laragon\\www\\direktoratkemahasiswaanci\\public\\index.php')
CRITICAL - 2024-02-09 19:10:44 --> Undefined variable $semuaBerita
in APPPATH\Controllers\Home.php on line 24.
 1 APPPATH\Controllers\Home.php(24): CodeIgniter\Debug\Exceptions->errorHandler(2, 'Undefined variable $semuaBerita', 'C:\\laragon\\www\\direktoratkemahasiswaanci\\app\\Controllers\\Home.php', 24)
 2 SYSTEMPATH\CodeIgniter.php(919): App\Controllers\Home->index()
 3 SYSTEMPATH\CodeIgniter.php(494): CodeIgniter\CodeIgniter->runController(Object(App\Controllers\Home))
 4 SYSTEMPATH\CodeIgniter.php(353): CodeIgniter\CodeIgniter->handleRequest(null, Object(Config\Cache), false)
 5 FCPATH\index.php(79): CodeIgniter\CodeIgniter->run()
 6 SYSTEMPATH\Commands\Server\rewrite.php(47): require_once('C:\\laragon\\www\\direktoratkemahasiswaanci\\public\\index.php')
CRITICAL - 2024-02-09 19:12:42 --> Undefined array key "nama_user"
in APPPATH\Views\home\v_home.php on line 165.
 1 APPPATH\Views\home\v_home.php(165): CodeIgniter\Debug\Exceptions->errorHandler(2, 'Undefined array key "nama_user"', 'C:\\laragon\\www\\direktoratkemahasiswaanci\\app\\Views\\home\\v_home.php', 165)
 2 SYSTEMPATH\View\View.php(226): include('C:\\laragon\\www\\direktoratkemahasiswaanci\\app\\Views\\home\\v_home.php')
 3 SYSTEMPATH\View\View.php(229): CodeIgniter\View\View->CodeIgniter\View\{closure}()
 4 SYSTEMPATH\Common.php(1188): CodeIgniter\View\View->render('home/v_home', [], true)
 5 APPPATH\Controllers\Home.php(33): view('home/v_home', [...])
 6 SYSTEMPATH\CodeIgniter.php(919): App\Controllers\Home->index()
 7 SYSTEMPATH\CodeIgniter.php(494): CodeIgniter\CodeIgniter->runController(Object(App\Controllers\Home))
 8 SYSTEMPATH\CodeIgniter.php(353): CodeIgniter\CodeIgniter->handleRequest(null, Object(Config\Cache), false)
 9 FCPATH\index.php(79): CodeIgniter\CodeIgniter->run()
10 SYSTEMPATH\Commands\Server\rewrite.php(47): require_once('C:\\laragon\\www\\direktoratkemahasiswaanci\\public\\index.php')
ERROR - 2024-02-09 19:13:45 --> mysqli_sql_exception: You have an error in your SQL syntax; check the manual that corresponds to your MySQL server version for the right syntax to use near '*, `user`.`nama_asli` as `nama_user`)
JOIN `user` ON `berita`.`berita_penulis` =' at line 2 in C:\laragon\www\direktoratkemahasiswaanci\system\Database\MySQLi\Connection.php:306
Stack trace:
#0 C:\laragon\www\direktoratkemahasiswaanci\system\Database\MySQLi\Connection.php(306): mysqli->query('SELECT *\nFROM (...', 0)
#1 C:\laragon\www\direktoratkemahasiswaanci\system\Database\BaseConnection.php(692): CodeIgniter\Database\MySQLi\Connection->execute('SELECT *\nFROM (...')
#2 C:\laragon\www\direktoratkemahasiswaanci\system\Database\BaseConnection.php(606): CodeIgniter\Database\BaseConnection->simpleQuery('SELECT *\nFROM (...')
#3 C:\laragon\www\direktoratkemahasiswaanci\system\Database\BaseBuilder.php(1615): CodeIgniter\Database\BaseConnection->query('SELECT *\nFROM (...', Array, false)
#4 C:\laragon\www\direktoratkemahasiswaanci\app\Models\BeritaModel.php(51): CodeIgniter\Database\BaseBuilder->get()
#5 C:\laragon\www\direktoratkemahasiswaanci\app\Controllers\Home.php(20): App\Models\BeritaModel->getAllBeritaBeasiswa(4)
#6 C:\laragon\www\direktoratkemahasiswaanci\system\CodeIgniter.php(919): App\Controllers\Home->index()
#7 C:\laragon\www\direktoratkemahasiswaanci\system\CodeIgniter.php(494): CodeIgniter\CodeIgniter->runController(Object(App\Controllers\Home))
#8 C:\laragon\www\direktoratkemahasiswaanci\system\CodeIgniter.php(353): CodeIgniter\CodeIgniter->handleRequest(NULL, Object(Config\Cache), false)
#9 C:\laragon\www\direktoratkemahasiswaanci\public\index.php(79): CodeIgniter\CodeIgniter->run()
#10 C:\laragon\www\direktoratkemahasiswaanci\system\Commands\Server\rewrite.php(47): require_once('C:\\laragon\\www\\...')
#11 {main}
CRITICAL - 2024-02-09 19:13:45 --> You have an error in your SQL syntax; check the manual that corresponds to your MySQL server version for the right syntax to use near '*, `user`.`nama_asli` as `nama_user`)
JOIN `user` ON `berita`.`berita_penulis` =' at line 2
in SYSTEMPATH\Database\BaseConnection.php on line 646.
 1 SYSTEMPATH\Database\BaseBuilder.php(1615): CodeIgniter\Database\BaseConnection->query('SELECT *
FROM (`berita`.*, `user`.`nama_asli` as `nama_user`)
JOIN `user` ON `berita`.`berita_penulis` = `user`.`user_id`
WHERE `berita_subkategori` = :berita_subkategori:
 LIMIT 4', [...], false)
 2 APPPATH\Models\BeritaModel.php(51): CodeIgniter\Database\BaseBuilder->get()
 3 APPPATH\Controllers\Home.php(20): App\Models\BeritaModel->getAllBeritaBeasiswa(4)
 4 SYSTEMPATH\CodeIgniter.php(919): App\Controllers\Home->index()
 5 SYSTEMPATH\CodeIgniter.php(494): CodeIgniter\CodeIgniter->runController(Object(App\Controllers\Home))
 6 SYSTEMPATH\CodeIgniter.php(353): CodeIgniter\CodeIgniter->handleRequest(null, Object(Config\Cache), false)
 7 FCPATH\index.php(79): CodeIgniter\CodeIgniter->run()
 8 SYSTEMPATH\Commands\Server\rewrite.php(47): require_once('C:\\laragon\\www\\direktoratkemahasiswaanci\\public\\index.php')
ERROR - 2024-02-09 19:14:14 --> mysqli_sql_exception: You have an error in your SQL syntax; check the manual that corresponds to your MySQL server version for the right syntax to use near '*, `user`.`nama_asli` as `nama_user`)
JOIN `user` ON `berita`.`berita_penulis` =' at line 2 in C:\laragon\www\direktoratkemahasiswaanci\system\Database\MySQLi\Connection.php:306
Stack trace:
#0 C:\laragon\www\direktoratkemahasiswaanci\system\Database\MySQLi\Connection.php(306): mysqli->query('SELECT *\nFROM (...', 0)
#1 C:\laragon\www\direktoratkemahasiswaanci\system\Database\BaseConnection.php(692): CodeIgniter\Database\MySQLi\Connection->execute('SELECT *\nFROM (...')
#2 C:\laragon\www\direktoratkemahasiswaanci\system\Database\BaseConnection.php(606): CodeIgniter\Database\BaseConnection->simpleQuery('SELECT *\nFROM (...')
#3 C:\laragon\www\direktoratkemahasiswaanci\system\Database\BaseBuilder.php(1615): CodeIgniter\Database\BaseConnection->query('SELECT *\nFROM (...', Array, false)
#4 C:\laragon\www\direktoratkemahasiswaanci\app\Models\BeritaModel.php(50): CodeIgniter\Database\BaseBuilder->get()
#5 C:\laragon\www\direktoratkemahasiswaanci\app\Controllers\Home.php(20): App\Models\BeritaModel->getAllBeritaBeasiswa(4)
#6 C:\laragon\www\direktoratkemahasiswaanci\system\CodeIgniter.php(919): App\Controllers\Home->index()
#7 C:\laragon\www\direktoratkemahasiswaanci\system\CodeIgniter.php(494): CodeIgniter\CodeIgniter->runController(Object(App\Controllers\Home))
#8 C:\laragon\www\direktoratkemahasiswaanci\system\CodeIgniter.php(353): CodeIgniter\CodeIgniter->handleRequest(NULL, Object(Config\Cache), false)
#9 C:\laragon\www\direktoratkemahasiswaanci\public\index.php(79): CodeIgniter\CodeIgniter->run()
#10 C:\laragon\www\direktoratkemahasiswaanci\system\Commands\Server\rewrite.php(47): require_once('C:\\laragon\\www\\...')
#11 {main}
CRITICAL - 2024-02-09 19:14:14 --> You have an error in your SQL syntax; check the manual that corresponds to your MySQL server version for the right syntax to use near '*, `user`.`nama_asli` as `nama_user`)
JOIN `user` ON `berita`.`berita_penulis` =' at line 2
in SYSTEMPATH\Database\BaseConnection.php on line 646.
 1 SYSTEMPATH\Database\BaseBuilder.php(1615): CodeIgniter\Database\BaseConnection->query('SELECT *
FROM (`berita`.*, `user`.`nama_asli` as `nama_user`)
JOIN `user` ON `berita`.`berita_penulis` = `user`.`user_id`
WHERE `berita_subkategori` = :berita_subkategori:
 LIMIT 4', [...], false)
 2 APPPATH\Models\BeritaModel.php(50): CodeIgniter\Database\BaseBuilder->get()
 3 APPPATH\Controllers\Home.php(20): App\Models\BeritaModel->getAllBeritaBeasiswa(4)
 4 SYSTEMPATH\CodeIgniter.php(919): App\Controllers\Home->index()
 5 SYSTEMPATH\CodeIgniter.php(494): CodeIgniter\CodeIgniter->runController(Object(App\Controllers\Home))
 6 SYSTEMPATH\CodeIgniter.php(353): CodeIgniter\CodeIgniter->handleRequest(null, Object(Config\Cache), false)
 7 FCPATH\index.php(79): CodeIgniter\CodeIgniter->run()
 8 SYSTEMPATH\Commands\Server\rewrite.php(47): require_once('C:\\laragon\\www\\direktoratkemahasiswaanci\\public\\index.php')
ERROR - 2024-02-09 19:14:16 --> mysqli_sql_exception: You have an error in your SQL syntax; check the manual that corresponds to your MySQL server version for the right syntax to use near '*, `user`.`nama_asli` as `nama_user`)
JOIN `user` ON `berita`.`berita_penulis` =' at line 2 in C:\laragon\www\direktoratkemahasiswaanci\system\Database\MySQLi\Connection.php:306
Stack trace:
#0 C:\laragon\www\direktoratkemahasiswaanci\system\Database\MySQLi\Connection.php(306): mysqli->query('SELECT *\nFROM (...', 0)
#1 C:\laragon\www\direktoratkemahasiswaanci\system\Database\BaseConnection.php(692): CodeIgniter\Database\MySQLi\Connection->execute('SELECT *\nFROM (...')
#2 C:\laragon\www\direktoratkemahasiswaanci\system\Database\BaseConnection.php(606): CodeIgniter\Database\BaseConnection->simpleQuery('SELECT *\nFROM (...')
#3 C:\laragon\www\direktoratkemahasiswaanci\system\Database\BaseBuilder.php(1615): CodeIgniter\Database\BaseConnection->query('SELECT *\nFROM (...', Array, false)
#4 C:\laragon\www\direktoratkemahasiswaanci\app\Models\BeritaModel.php(50): CodeIgniter\Database\BaseBuilder->get()
#5 C:\laragon\www\direktoratkemahasiswaanci\app\Controllers\Home.php(20): App\Models\BeritaModel->getAllBeritaBeasiswa(4)
#6 C:\laragon\www\direktoratkemahasiswaanci\system\CodeIgniter.php(919): App\Controllers\Home->index()
#7 C:\laragon\www\direktoratkemahasiswaanci\system\CodeIgniter.php(494): CodeIgniter\CodeIgniter->runController(Object(App\Controllers\Home))
#8 C:\laragon\www\direktoratkemahasiswaanci\system\CodeIgniter.php(353): CodeIgniter\CodeIgniter->handleRequest(NULL, Object(Config\Cache), false)
#9 C:\laragon\www\direktoratkemahasiswaanci\public\index.php(79): CodeIgniter\CodeIgniter->run()
#10 C:\laragon\www\direktoratkemahasiswaanci\system\Commands\Server\rewrite.php(47): require_once('C:\\laragon\\www\\...')
#11 {main}
CRITICAL - 2024-02-09 19:14:16 --> You have an error in your SQL syntax; check the manual that corresponds to your MySQL server version for the right syntax to use near '*, `user`.`nama_asli` as `nama_user`)
JOIN `user` ON `berita`.`berita_penulis` =' at line 2
in SYSTEMPATH\Database\BaseConnection.php on line 646.
 1 SYSTEMPATH\Database\BaseBuilder.php(1615): CodeIgniter\Database\BaseConnection->query('SELECT *
FROM (`berita`.*, `user`.`nama_asli` as `nama_user`)
JOIN `user` ON `berita`.`berita_penulis` = `user`.`user_id`
WHERE `berita_subkategori` = :berita_subkategori:
 LIMIT 4', [...], false)
 2 APPPATH\Models\BeritaModel.php(50): CodeIgniter\Database\BaseBuilder->get()
 3 APPPATH\Controllers\Home.php(20): App\Models\BeritaModel->getAllBeritaBeasiswa(4)
 4 SYSTEMPATH\CodeIgniter.php(919): App\Controllers\Home->index()
 5 SYSTEMPATH\CodeIgniter.php(494): CodeIgniter\CodeIgniter->runController(Object(App\Controllers\Home))
 6 SYSTEMPATH\CodeIgniter.php(353): CodeIgniter\CodeIgniter->handleRequest(null, Object(Config\Cache), false)
 7 FCPATH\index.php(79): CodeIgniter\CodeIgniter->run()
 8 SYSTEMPATH\Commands\Server\rewrite.php(47): require_once('C:\\laragon\\www\\direktoratkemahasiswaanci\\public\\index.php')
ERROR - 2024-02-09 19:14:47 --> mysqli_sql_exception: Unknown column 'user.nama_asli' in 'field list' in C:\laragon\www\direktoratkemahasiswaanci\system\Database\MySQLi\Connection.php:306
Stack trace:
#0 C:\laragon\www\direktoratkemahasiswaanci\system\Database\MySQLi\Connection.php(306): mysqli->query('SELECT `berita`...', 0)
#1 C:\laragon\www\direktoratkemahasiswaanci\system\Database\BaseConnection.php(692): CodeIgniter\Database\MySQLi\Connection->execute('SELECT `berita`...')
#2 C:\laragon\www\direktoratkemahasiswaanci\system\Database\BaseConnection.php(606): CodeIgniter\Database\BaseConnection->simpleQuery('SELECT `berita`...')
#3 C:\laragon\www\direktoratkemahasiswaanci\system\Database\BaseBuilder.php(1615): CodeIgniter\Database\BaseConnection->query('SELECT `berita`...', Array, false)
#4 C:\laragon\www\direktoratkemahasiswaanci\app\Models\BeritaModel.php(51): CodeIgniter\Database\BaseBuilder->get()
#5 C:\laragon\www\direktoratkemahasiswaanci\app\Controllers\Home.php(20): App\Models\BeritaModel->getAllBeritaBeasiswa(4)
#6 C:\laragon\www\direktoratkemahasiswaanci\system\CodeIgniter.php(919): App\Controllers\Home->index()
#7 C:\laragon\www\direktoratkemahasiswaanci\system\CodeIgniter.php(494): CodeIgniter\CodeIgniter->runController(Object(App\Controllers\Home))
#8 C:\laragon\www\direktoratkemahasiswaanci\system\CodeIgniter.php(353): CodeIgniter\CodeIgniter->handleRequest(NULL, Object(Config\Cache), false)
#9 C:\laragon\www\direktoratkemahasiswaanci\public\index.php(79): CodeIgniter\CodeIgniter->run()
#10 C:\laragon\www\direktoratkemahasiswaanci\system\Commands\Server\rewrite.php(47): require_once('C:\\laragon\\www\\...')
#11 {main}
CRITICAL - 2024-02-09 19:14:47 --> Unknown column 'user.nama_asli' in 'field list'
in SYSTEMPATH\Database\BaseConnection.php on line 646.
 1 SYSTEMPATH\Database\BaseBuilder.php(1615): CodeIgniter\Database\BaseConnection->query('SELECT `berita`.*, `user`.`nama_asli` as `nama_user`
FROM `berita`
WHERE `berita_subkategori` = :berita_subkategori:
 LIMIT 4', [...], false)
 2 APPPATH\Models\BeritaModel.php(51): CodeIgniter\Database\BaseBuilder->get()
 3 APPPATH\Controllers\Home.php(20): App\Models\BeritaModel->getAllBeritaBeasiswa(4)
 4 SYSTEMPATH\CodeIgniter.php(919): App\Controllers\Home->index()
 5 SYSTEMPATH\CodeIgniter.php(494): CodeIgniter\CodeIgniter->runController(Object(App\Controllers\Home))
 6 SYSTEMPATH\CodeIgniter.php(353): CodeIgniter\CodeIgniter->handleRequest(null, Object(Config\Cache), false)
 7 FCPATH\index.php(79): CodeIgniter\CodeIgniter->run()
 8 SYSTEMPATH\Commands\Server\rewrite.php(47): require_once('C:\\laragon\\www\\direktoratkemahasiswaanci\\public\\index.php')
ERROR - 2024-02-09 19:15:20 --> mysqli_sql_exception: Unknown column 'user.nama_asli' in 'field list' in C:\laragon\www\direktoratkemahasiswaanci\system\Database\MySQLi\Connection.php:306
Stack trace:
#0 C:\laragon\www\direktoratkemahasiswaanci\system\Database\MySQLi\Connection.php(306): mysqli->query('SELECT `berita`...', 0)
#1 C:\laragon\www\direktoratkemahasiswaanci\system\Database\BaseConnection.php(692): CodeIgniter\Database\MySQLi\Connection->execute('SELECT `berita`...')
#2 C:\laragon\www\direktoratkemahasiswaanci\system\Database\BaseConnection.php(606): CodeIgniter\Database\BaseConnection->simpleQuery('SELECT `berita`...')
#3 C:\laragon\www\direktoratkemahasiswaanci\system\Database\BaseBuilder.php(1615): CodeIgniter\Database\BaseConnection->query('SELECT `berita`...', Array, false)
#4 C:\laragon\www\direktoratkemahasiswaanci\app\Models\BeritaModel.php(50): CodeIgniter\Database\BaseBuilder->get()
#5 C:\laragon\www\direktoratkemahasiswaanci\app\Controllers\Home.php(20): App\Models\BeritaModel->getAllBeritaBeasiswa(4)
#6 C:\laragon\www\direktoratkemahasiswaanci\system\CodeIgniter.php(919): App\Controllers\Home->index()
#7 C:\laragon\www\direktoratkemahasiswaanci\system\CodeIgniter.php(494): CodeIgniter\CodeIgniter->runController(Object(App\Controllers\Home))
#8 C:\laragon\www\direktoratkemahasiswaanci\system\CodeIgniter.php(353): CodeIgniter\CodeIgniter->handleRequest(NULL, Object(Config\Cache), false)
#9 C:\laragon\www\direktoratkemahasiswaanci\public\index.php(79): CodeIgniter\CodeIgniter->run()
#10 C:\laragon\www\direktoratkemahasiswaanci\system\Commands\Server\rewrite.php(47): require_once('C:\\laragon\\www\\...')
#11 {main}
CRITICAL - 2024-02-09 19:15:20 --> Unknown column 'user.nama_asli' in 'field list'
in SYSTEMPATH\Database\BaseConnection.php on line 646.
 1 SYSTEMPATH\Database\BaseBuilder.php(1615): CodeIgniter\Database\BaseConnection->query('SELECT `berita`.*, `user`.`nama_asli` as `nama_user`
FROM `berita`
WHERE `berita_subkategori` = :berita_subkategori:
 LIMIT 4', [...], false)
 2 APPPATH\Models\BeritaModel.php(50): CodeIgniter\Database\BaseBuilder->get()
 3 APPPATH\Controllers\Home.php(20): App\Models\BeritaModel->getAllBeritaBeasiswa(4)
 4 SYSTEMPATH\CodeIgniter.php(919): App\Controllers\Home->index()
 5 SYSTEMPATH\CodeIgniter.php(494): CodeIgniter\CodeIgniter->runController(Object(App\Controllers\Home))
 6 SYSTEMPATH\CodeIgniter.php(353): CodeIgniter\CodeIgniter->handleRequest(null, Object(Config\Cache), false)
 7 FCPATH\index.php(79): CodeIgniter\CodeIgniter->run()
 8 SYSTEMPATH\Commands\Server\rewrite.php(47): require_once('C:\\laragon\\www\\direktoratkemahasiswaanci\\public\\index.php')
ERROR - 2024-02-09 19:15:42 --> mysqli_sql_exception: Unknown column 'user.nama_asli' in 'field list' in C:\laragon\www\direktoratkemahasiswaanci\system\Database\MySQLi\Connection.php:306
Stack trace:
#0 C:\laragon\www\direktoratkemahasiswaanci\system\Database\MySQLi\Connection.php(306): mysqli->query('SELECT `berita`...', 0)
#1 C:\laragon\www\direktoratkemahasiswaanci\system\Database\BaseConnection.php(692): CodeIgniter\Database\MySQLi\Connection->execute('SELECT `berita`...')
#2 C:\laragon\www\direktoratkemahasiswaanci\system\Database\BaseConnection.php(606): CodeIgniter\Database\BaseConnection->simpleQuery('SELECT `berita`...')
#3 C:\laragon\www\direktoratkemahasiswaanci\system\Database\BaseBuilder.php(1615): CodeIgniter\Database\BaseConnection->query('SELECT `berita`...', Array, false)
#4 C:\laragon\www\direktoratkemahasiswaanci\app\Models\BeritaModel.php(50): CodeIgniter\Database\BaseBuilder->get()
#5 C:\laragon\www\direktoratkemahasiswaanci\app\Controllers\Home.php(20): App\Models\BeritaModel->getAllBeritaBeasiswa(4)
#6 C:\laragon\www\direktoratkemahasiswaanci\system\CodeIgniter.php(919): App\Controllers\Home->index()
#7 C:\laragon\www\direktoratkemahasiswaanci\system\CodeIgniter.php(494): CodeIgniter\CodeIgniter->runController(Object(App\Controllers\Home))
#8 C:\laragon\www\direktoratkemahasiswaanci\system\CodeIgniter.php(353): CodeIgniter\CodeIgniter->handleRequest(NULL, Object(Config\Cache), false)
#9 C:\laragon\www\direktoratkemahasiswaanci\public\index.php(79): CodeIgniter\CodeIgniter->run()
#10 C:\laragon\www\direktoratkemahasiswaanci\system\Commands\Server\rewrite.php(47): require_once('C:\\laragon\\www\\...')
#11 {main}
CRITICAL - 2024-02-09 19:15:42 --> Unknown column 'user.nama_asli' in 'field list'
in SYSTEMPATH\Database\BaseConnection.php on line 646.
 1 SYSTEMPATH\Database\BaseBuilder.php(1615): CodeIgniter\Database\BaseConnection->query('SELECT `berita`.*, `user`.`nama_asli` as `nama_user`
FROM `berita`
WHERE `berita_subkategori` = :berita_subkategori:
 LIMIT 4', [...], false)
 2 APPPATH\Models\BeritaModel.php(50): CodeIgniter\Database\BaseBuilder->get()
 3 APPPATH\Controllers\Home.php(20): App\Models\BeritaModel->getAllBeritaBeasiswa(4)
 4 SYSTEMPATH\CodeIgniter.php(919): App\Controllers\Home->index()
 5 SYSTEMPATH\CodeIgniter.php(494): CodeIgniter\CodeIgniter->runController(Object(App\Controllers\Home))
 6 SYSTEMPATH\CodeIgniter.php(353): CodeIgniter\CodeIgniter->handleRequest(null, Object(Config\Cache), false)
 7 FCPATH\index.php(79): CodeIgniter\CodeIgniter->run()
 8 SYSTEMPATH\Commands\Server\rewrite.php(47): require_once('C:\\laragon\\www\\direktoratkemahasiswaanci\\public\\index.php')
ERROR - 2024-02-09 19:15:44 --> mysqli_sql_exception: Unknown column 'user.nama_asli' in 'field list' in C:\laragon\www\direktoratkemahasiswaanci\system\Database\MySQLi\Connection.php:306
Stack trace:
#0 C:\laragon\www\direktoratkemahasiswaanci\system\Database\MySQLi\Connection.php(306): mysqli->query('SELECT `berita`...', 0)
#1 C:\laragon\www\direktoratkemahasiswaanci\system\Database\BaseConnection.php(692): CodeIgniter\Database\MySQLi\Connection->execute('SELECT `berita`...')
#2 C:\laragon\www\direktoratkemahasiswaanci\system\Database\BaseConnection.php(606): CodeIgniter\Database\BaseConnection->simpleQuery('SELECT `berita`...')
#3 C:\laragon\www\direktoratkemahasiswaanci\system\Database\BaseBuilder.php(1615): CodeIgniter\Database\BaseConnection->query('SELECT `berita`...', Array, false)
#4 C:\laragon\www\direktoratkemahasiswaanci\app\Models\BeritaModel.php(50): CodeIgniter\Database\BaseBuilder->get()
#5 C:\laragon\www\direktoratkemahasiswaanci\app\Controllers\Home.php(20): App\Models\BeritaModel->getAllBeritaBeasiswa(4)
#6 C:\laragon\www\direktoratkemahasiswaanci\system\CodeIgniter.php(919): App\Controllers\Home->index()
#7 C:\laragon\www\direktoratkemahasiswaanci\system\CodeIgniter.php(494): CodeIgniter\CodeIgniter->runController(Object(App\Controllers\Home))
#8 C:\laragon\www\direktoratkemahasiswaanci\system\CodeIgniter.php(353): CodeIgniter\CodeIgniter->handleRequest(NULL, Object(Config\Cache), false)
#9 C:\laragon\www\direktoratkemahasiswaanci\public\index.php(79): CodeIgniter\CodeIgniter->run()
#10 C:\laragon\www\direktoratkemahasiswaanci\system\Commands\Server\rewrite.php(47): require_once('C:\\laragon\\www\\...')
#11 {main}
CRITICAL - 2024-02-09 19:15:44 --> Unknown column 'user.nama_asli' in 'field list'
in SYSTEMPATH\Database\BaseConnection.php on line 646.
 1 SYSTEMPATH\Database\BaseBuilder.php(1615): CodeIgniter\Database\BaseConnection->query('SELECT `berita`.*, `user`.`nama_asli` as `nama_user`
FROM `berita`
WHERE `berita_subkategori` = :berita_subkategori:
 LIMIT 4', [...], false)
 2 APPPATH\Models\BeritaModel.php(50): CodeIgniter\Database\BaseBuilder->get()
 3 APPPATH\Controllers\Home.php(20): App\Models\BeritaModel->getAllBeritaBeasiswa(4)
 4 SYSTEMPATH\CodeIgniter.php(919): App\Controllers\Home->index()
 5 SYSTEMPATH\CodeIgniter.php(494): CodeIgniter\CodeIgniter->runController(Object(App\Controllers\Home))
 6 SYSTEMPATH\CodeIgniter.php(353): CodeIgniter\CodeIgniter->handleRequest(null, Object(Config\Cache), false)
 7 FCPATH\index.php(79): CodeIgniter\CodeIgniter->run()
 8 SYSTEMPATH\Commands\Server\rewrite.php(47): require_once('C:\\laragon\\www\\direktoratkemahasiswaanci\\public\\index.php')
ERROR - 2024-02-09 19:15:53 --> mysqli_sql_exception: You have an error in your SQL syntax; check the manual that corresponds to your MySQL server version for the right syntax to use near '*
FROM `berita`
WHERE `berita_subkategori` = 4
 LIMIT 4' at line 1 in C:\laragon\www\direktoratkemahasiswaanci\system\Database\MySQLi\Connection.php:306
Stack trace:
#0 C:\laragon\www\direktoratkemahasiswaanci\system\Database\MySQLi\Connection.php(306): mysqli->query('SELECT `berita`...', 0)
#1 C:\laragon\www\direktoratkemahasiswaanci\system\Database\BaseConnection.php(692): CodeIgniter\Database\MySQLi\Connection->execute('SELECT `berita`...')
#2 C:\laragon\www\direktoratkemahasiswaanci\system\Database\BaseConnection.php(606): CodeIgniter\Database\BaseConnection->simpleQuery('SELECT `berita`...')
#3 C:\laragon\www\direktoratkemahasiswaanci\system\Database\BaseBuilder.php(1615): CodeIgniter\Database\BaseConnection->query('SELECT `berita`...', Array, false)
#4 C:\laragon\www\direktoratkemahasiswaanci\app\Models\BeritaModel.php(63): CodeIgniter\Database\BaseBuilder->get()
#5 C:\laragon\www\direktoratkemahasiswaanci\app\Controllers\Home.php(21): App\Models\BeritaModel->getAllBeritaPrestasi(4)
#6 C:\laragon\www\direktoratkemahasiswaanci\system\CodeIgniter.php(919): App\Controllers\Home->index()
#7 C:\laragon\www\direktoratkemahasiswaanci\system\CodeIgniter.php(494): CodeIgniter\CodeIgniter->runController(Object(App\Controllers\Home))
#8 C:\laragon\www\direktoratkemahasiswaanci\system\CodeIgniter.php(353): CodeIgniter\CodeIgniter->handleRequest(NULL, Object(Config\Cache), false)
#9 C:\laragon\www\direktoratkemahasiswaanci\public\index.php(79): CodeIgniter\CodeIgniter->run()
#10 C:\laragon\www\direktoratkemahasiswaanci\system\Commands\Server\rewrite.php(47): require_once('C:\\laragon\\www\\...')
#11 {main}
CRITICAL - 2024-02-09 19:15:53 --> You have an error in your SQL syntax; check the manual that corresponds to your MySQL server version for the right syntax to use near '*
FROM `berita`
WHERE `berita_subkategori` = 4
 LIMIT 4' at line 1
in SYSTEMPATH\Database\BaseConnection.php on line 646.
 1 SYSTEMPATH\Database\BaseBuilder.php(1615): CodeIgniter\Database\BaseConnection->query('SELECT `berita`.*, `user`.`nama_asli` as `nama_user`, *
FROM `berita`
WHERE `berita_subkategori` = :berita_subkategori:
 LIMIT 4', [...], false)
 2 APPPATH\Models\BeritaModel.php(63): CodeIgniter\Database\BaseBuilder->get()
 3 APPPATH\Controllers\Home.php(21): App\Models\BeritaModel->getAllBeritaPrestasi(4)
 4 SYSTEMPATH\CodeIgniter.php(919): App\Controllers\Home->index()
 5 SYSTEMPATH\CodeIgniter.php(494): CodeIgniter\CodeIgniter->runController(Object(App\Controllers\Home))
 6 SYSTEMPATH\CodeIgniter.php(353): CodeIgniter\CodeIgniter->handleRequest(null, Object(Config\Cache), false)
 7 FCPATH\index.php(79): CodeIgniter\CodeIgniter->run()
 8 SYSTEMPATH\Commands\Server\rewrite.php(47): require_once('C:\\laragon\\www\\direktoratkemahasiswaanci\\public\\index.php')
ERROR - 2024-02-09 19:16:06 --> mysqli_sql_exception: You have an error in your SQL syntax; check the manual that corresponds to your MySQL server version for the right syntax to use near '*
FROM `berita`
WHERE `berita_subkategori` = 4
 LIMIT 4' at line 1 in C:\laragon\www\direktoratkemahasiswaanci\system\Database\MySQLi\Connection.php:306
Stack trace:
#0 C:\laragon\www\direktoratkemahasiswaanci\system\Database\MySQLi\Connection.php(306): mysqli->query('SELECT `berita`...', 0)
#1 C:\laragon\www\direktoratkemahasiswaanci\system\Database\BaseConnection.php(692): CodeIgniter\Database\MySQLi\Connection->execute('SELECT `berita`...')
#2 C:\laragon\www\direktoratkemahasiswaanci\system\Database\BaseConnection.php(606): CodeIgniter\Database\BaseConnection->simpleQuery('SELECT `berita`...')
#3 C:\laragon\www\direktoratkemahasiswaanci\system\Database\BaseBuilder.php(1615): CodeIgniter\Database\BaseConnection->query('SELECT `berita`...', Array, false)
#4 C:\laragon\www\direktoratkemahasiswaanci\app\Models\BeritaModel.php(63): CodeIgniter\Database\BaseBuilder->get()
#5 C:\laragon\www\direktoratkemahasiswaanci\app\Controllers\Home.php(21): App\Models\BeritaModel->getAllBeritaPrestasi(4)
#6 C:\laragon\www\direktoratkemahasiswaanci\system\CodeIgniter.php(919): App\Controllers\Home->index()
#7 C:\laragon\www\direktoratkemahasiswaanci\system\CodeIgniter.php(494): CodeIgniter\CodeIgniter->runController(Object(App\Controllers\Home))
#8 C:\laragon\www\direktoratkemahasiswaanci\system\CodeIgniter.php(353): CodeIgniter\CodeIgniter->handleRequest(NULL, Object(Config\Cache), false)
#9 C:\laragon\www\direktoratkemahasiswaanci\public\index.php(79): CodeIgniter\CodeIgniter->run()
#10 C:\laragon\www\direktoratkemahasiswaanci\system\Commands\Server\rewrite.php(47): require_once('C:\\laragon\\www\\...')
#11 {main}
CRITICAL - 2024-02-09 19:16:06 --> You have an error in your SQL syntax; check the manual that corresponds to your MySQL server version for the right syntax to use near '*
FROM `berita`
WHERE `berita_subkategori` = 4
 LIMIT 4' at line 1
in SYSTEMPATH\Database\BaseConnection.php on line 646.
 1 SYSTEMPATH\Database\BaseBuilder.php(1615): CodeIgniter\Database\BaseConnection->query('SELECT `berita`.*, `user`.`nama_asli` as `nama_user`, *
FROM `berita`
WHERE `berita_subkategori` = :berita_subkategori:
 LIMIT 4', [...], false)
 2 APPPATH\Models\BeritaModel.php(63): CodeIgniter\Database\BaseBuilder->get()
 3 APPPATH\Controllers\Home.php(21): App\Models\BeritaModel->getAllBeritaPrestasi(4)
 4 SYSTEMPATH\CodeIgniter.php(919): App\Controllers\Home->index()
 5 SYSTEMPATH\CodeIgniter.php(494): CodeIgniter\CodeIgniter->runController(Object(App\Controllers\Home))
 6 SYSTEMPATH\CodeIgniter.php(353): CodeIgniter\CodeIgniter->handleRequest(null, Object(Config\Cache), false)
 7 FCPATH\index.php(79): CodeIgniter\CodeIgniter->run()
 8 SYSTEMPATH\Commands\Server\rewrite.php(47): require_once('C:\\laragon\\www\\direktoratkemahasiswaanci\\public\\index.php')
ERROR - 2024-02-09 19:16:07 --> mysqli_sql_exception: You have an error in your SQL syntax; check the manual that corresponds to your MySQL server version for the right syntax to use near '*
FROM `berita`
WHERE `berita_subkategori` = 4
 LIMIT 4' at line 1 in C:\laragon\www\direktoratkemahasiswaanci\system\Database\MySQLi\Connection.php:306
Stack trace:
#0 C:\laragon\www\direktoratkemahasiswaanci\system\Database\MySQLi\Connection.php(306): mysqli->query('SELECT `berita`...', 0)
#1 C:\laragon\www\direktoratkemahasiswaanci\system\Database\BaseConnection.php(692): CodeIgniter\Database\MySQLi\Connection->execute('SELECT `berita`...')
#2 C:\laragon\www\direktoratkemahasiswaanci\system\Database\BaseConnection.php(606): CodeIgniter\Database\BaseConnection->simpleQuery('SELECT `berita`...')
#3 C:\laragon\www\direktoratkemahasiswaanci\system\Database\BaseBuilder.php(1615): CodeIgniter\Database\BaseConnection->query('SELECT `berita`...', Array, false)
#4 C:\laragon\www\direktoratkemahasiswaanci\app\Models\BeritaModel.php(63): CodeIgniter\Database\BaseBuilder->get()
#5 C:\laragon\www\direktoratkemahasiswaanci\app\Controllers\Home.php(21): App\Models\BeritaModel->getAllBeritaPrestasi(4)
#6 C:\laragon\www\direktoratkemahasiswaanci\system\CodeIgniter.php(919): App\Controllers\Home->index()
#7 C:\laragon\www\direktoratkemahasiswaanci\system\CodeIgniter.php(494): CodeIgniter\CodeIgniter->runController(Object(App\Controllers\Home))
#8 C:\laragon\www\direktoratkemahasiswaanci\system\CodeIgniter.php(353): CodeIgniter\CodeIgniter->handleRequest(NULL, Object(Config\Cache), false)
#9 C:\laragon\www\direktoratkemahasiswaanci\public\index.php(79): CodeIgniter\CodeIgniter->run()
#10 C:\laragon\www\direktoratkemahasiswaanci\system\Commands\Server\rewrite.php(47): require_once('C:\\laragon\\www\\...')
#11 {main}
CRITICAL - 2024-02-09 19:16:07 --> You have an error in your SQL syntax; check the manual that corresponds to your MySQL server version for the right syntax to use near '*
FROM `berita`
WHERE `berita_subkategori` = 4
 LIMIT 4' at line 1
in SYSTEMPATH\Database\BaseConnection.php on line 646.
 1 SYSTEMPATH\Database\BaseBuilder.php(1615): CodeIgniter\Database\BaseConnection->query('SELECT `berita`.*, `user`.`nama_asli` as `nama_user`, *
FROM `berita`
WHERE `berita_subkategori` = :berita_subkategori:
 LIMIT 4', [...], false)
 2 APPPATH\Models\BeritaModel.php(63): CodeIgniter\Database\BaseBuilder->get()
 3 APPPATH\Controllers\Home.php(21): App\Models\BeritaModel->getAllBeritaPrestasi(4)
 4 SYSTEMPATH\CodeIgniter.php(919): App\Controllers\Home->index()
 5 SYSTEMPATH\CodeIgniter.php(494): CodeIgniter\CodeIgniter->runController(Object(App\Controllers\Home))
 6 SYSTEMPATH\CodeIgniter.php(353): CodeIgniter\CodeIgniter->handleRequest(null, Object(Config\Cache), false)
 7 FCPATH\index.php(79): CodeIgniter\CodeIgniter->run()
 8 SYSTEMPATH\Commands\Server\rewrite.php(47): require_once('C:\\laragon\\www\\direktoratkemahasiswaanci\\public\\index.php')
ERROR - 2024-02-09 19:16:37 --> mysqli_sql_exception: Unknown column 'user.nama_asli' in 'field list' in C:\laragon\www\direktoratkemahasiswaanci\system\Database\MySQLi\Connection.php:306
Stack trace:
#0 C:\laragon\www\direktoratkemahasiswaanci\system\Database\MySQLi\Connection.php(306): mysqli->query('SELECT `berita`...', 0)
#1 C:\laragon\www\direktoratkemahasiswaanci\system\Database\BaseConnection.php(692): CodeIgniter\Database\MySQLi\Connection->execute('SELECT `berita`...')
#2 C:\laragon\www\direktoratkemahasiswaanci\system\Database\BaseConnection.php(606): CodeIgniter\Database\BaseConnection->simpleQuery('SELECT `berita`...')
#3 C:\laragon\www\direktoratkemahasiswaanci\system\Database\BaseBuilder.php(1615): CodeIgniter\Database\BaseConnection->query('SELECT `berita`...', Array, false)
#4 C:\laragon\www\direktoratkemahasiswaanci\app\Models\BeritaModel.php(63): CodeIgniter\Database\BaseBuilder->get()
#5 C:\laragon\www\direktoratkemahasiswaanci\app\Controllers\Home.php(21): App\Models\BeritaModel->getAllBeritaPrestasi(4)
#6 C:\laragon\www\direktoratkemahasiswaanci\system\CodeIgniter.php(919): App\Controllers\Home->index()
#7 C:\laragon\www\direktoratkemahasiswaanci\system\CodeIgniter.php(494): CodeIgniter\CodeIgniter->runController(Object(App\Controllers\Home))
#8 C:\laragon\www\direktoratkemahasiswaanci\system\CodeIgniter.php(353): CodeIgniter\CodeIgniter->handleRequest(NULL, Object(Config\Cache), false)
#9 C:\laragon\www\direktoratkemahasiswaanci\public\index.php(79): CodeIgniter\CodeIgniter->run()
#10 C:\laragon\www\direktoratkemahasiswaanci\system\Commands\Server\rewrite.php(47): require_once('C:\\laragon\\www\\...')
#11 {main}
CRITICAL - 2024-02-09 19:16:37 --> Unknown column 'user.nama_asli' in 'field list'
in SYSTEMPATH\Database\BaseConnection.php on line 646.
 1 SYSTEMPATH\Database\BaseBuilder.php(1615): CodeIgniter\Database\BaseConnection->query('SELECT `berita`.*, `user`.`nama_asli` as `nama_user`
FROM `berita`
WHERE `berita_subkategori` = :berita_subkategori:
 LIMIT 4', [...], false)
 2 APPPATH\Models\BeritaModel.php(63): CodeIgniter\Database\BaseBuilder->get()
 3 APPPATH\Controllers\Home.php(21): App\Models\BeritaModel->getAllBeritaPrestasi(4)
 4 SYSTEMPATH\CodeIgniter.php(919): App\Controllers\Home->index()
 5 SYSTEMPATH\CodeIgniter.php(494): CodeIgniter\CodeIgniter->runController(Object(App\Controllers\Home))
 6 SYSTEMPATH\CodeIgniter.php(353): CodeIgniter\CodeIgniter->handleRequest(null, Object(Config\Cache), false)
 7 FCPATH\index.php(79): CodeIgniter\CodeIgniter->run()
 8 SYSTEMPATH\Commands\Server\rewrite.php(47): require_once('C:\\laragon\\www\\direktoratkemahasiswaanci\\public\\index.php')
ERROR - 2024-02-09 19:16:51 --> mysqli_sql_exception: Unknown column 'user.nama_asli' in 'field list' in C:\laragon\www\direktoratkemahasiswaanci\system\Database\MySQLi\Connection.php:306
Stack trace:
#0 C:\laragon\www\direktoratkemahasiswaanci\system\Database\MySQLi\Connection.php(306): mysqli->query('SELECT `berita`...', 0)
#1 C:\laragon\www\direktoratkemahasiswaanci\system\Database\BaseConnection.php(692): CodeIgniter\Database\MySQLi\Connection->execute('SELECT `berita`...')
#2 C:\laragon\www\direktoratkemahasiswaanci\system\Database\BaseConnection.php(606): CodeIgniter\Database\BaseConnection->simpleQuery('SELECT `berita`...')
#3 C:\laragon\www\direktoratkemahasiswaanci\system\Database\BaseBuilder.php(1615): CodeIgniter\Database\BaseConnection->query('SELECT `berita`...', Array, false)
#4 C:\laragon\www\direktoratkemahasiswaanci\app\Models\BeritaModel.php(74): CodeIgniter\Database\BaseBuilder->get()
#5 C:\laragon\www\direktoratkemahasiswaanci\app\Controllers\Home.php(22): App\Models\BeritaModel->getAllBeritaOrganisasi(4)
#6 C:\laragon\www\direktoratkemahasiswaanci\system\CodeIgniter.php(919): App\Controllers\Home->index()
#7 C:\laragon\www\direktoratkemahasiswaanci\system\CodeIgniter.php(494): CodeIgniter\CodeIgniter->runController(Object(App\Controllers\Home))
#8 C:\laragon\www\direktoratkemahasiswaanci\system\CodeIgniter.php(353): CodeIgniter\CodeIgniter->handleRequest(NULL, Object(Config\Cache), false)
#9 C:\laragon\www\direktoratkemahasiswaanci\public\index.php(79): CodeIgniter\CodeIgniter->run()
#10 C:\laragon\www\direktoratkemahasiswaanci\system\Commands\Server\rewrite.php(47): require_once('C:\\laragon\\www\\...')
#11 {main}
CRITICAL - 2024-02-09 19:16:51 --> Unknown column 'user.nama_asli' in 'field list'
in SYSTEMPATH\Database\BaseConnection.php on line 646.
 1 SYSTEMPATH\Database\BaseBuilder.php(1615): CodeIgniter\Database\BaseConnection->query('SELECT `berita`.*, `user`.`nama_asli` as `nama_user`
FROM `berita`
WHERE `berita_subkategori` = :berita_subkategori:
 LIMIT 4', [...], false)
 2 APPPATH\Models\BeritaModel.php(74): CodeIgniter\Database\BaseBuilder->get()
 3 APPPATH\Controllers\Home.php(22): App\Models\BeritaModel->getAllBeritaOrganisasi(4)
 4 SYSTEMPATH\CodeIgniter.php(919): App\Controllers\Home->index()
 5 SYSTEMPATH\CodeIgniter.php(494): CodeIgniter\CodeIgniter->runController(Object(App\Controllers\Home))
 6 SYSTEMPATH\CodeIgniter.php(353): CodeIgniter\CodeIgniter->handleRequest(null, Object(Config\Cache), false)
 7 FCPATH\index.php(79): CodeIgniter\CodeIgniter->run()
 8 SYSTEMPATH\Commands\Server\rewrite.php(47): require_once('C:\\laragon\\www\\direktoratkemahasiswaanci\\public\\index.php')
ERROR - 2024-02-09 19:16:52 --> mysqli_sql_exception: Unknown column 'user.nama_asli' in 'field list' in C:\laragon\www\direktoratkemahasiswaanci\system\Database\MySQLi\Connection.php:306
Stack trace:
#0 C:\laragon\www\direktoratkemahasiswaanci\system\Database\MySQLi\Connection.php(306): mysqli->query('SELECT `berita`...', 0)
#1 C:\laragon\www\direktoratkemahasiswaanci\system\Database\BaseConnection.php(692): CodeIgniter\Database\MySQLi\Connection->execute('SELECT `berita`...')
#2 C:\laragon\www\direktoratkemahasiswaanci\system\Database\BaseConnection.php(606): CodeIgniter\Database\BaseConnection->simpleQuery('SELECT `berita`...')
#3 C:\laragon\www\direktoratkemahasiswaanci\system\Database\BaseBuilder.php(1615): CodeIgniter\Database\BaseConnection->query('SELECT `berita`...', Array, false)
#4 C:\laragon\www\direktoratkemahasiswaanci\app\Models\BeritaModel.php(74): CodeIgniter\Database\BaseBuilder->get()
#5 C:\laragon\www\direktoratkemahasiswaanci\app\Controllers\Home.php(22): App\Models\BeritaModel->getAllBeritaOrganisasi(4)
#6 C:\laragon\www\direktoratkemahasiswaanci\system\CodeIgniter.php(919): App\Controllers\Home->index()
#7 C:\laragon\www\direktoratkemahasiswaanci\system\CodeIgniter.php(494): CodeIgniter\CodeIgniter->runController(Object(App\Controllers\Home))
#8 C:\laragon\www\direktoratkemahasiswaanci\system\CodeIgniter.php(353): CodeIgniter\CodeIgniter->handleRequest(NULL, Object(Config\Cache), false)
#9 C:\laragon\www\direktoratkemahasiswaanci\public\index.php(79): CodeIgniter\CodeIgniter->run()
#10 C:\laragon\www\direktoratkemahasiswaanci\system\Commands\Server\rewrite.php(47): require_once('C:\\laragon\\www\\...')
#11 {main}
CRITICAL - 2024-02-09 19:16:52 --> Unknown column 'user.nama_asli' in 'field list'
in SYSTEMPATH\Database\BaseConnection.php on line 646.
 1 SYSTEMPATH\Database\BaseBuilder.php(1615): CodeIgniter\Database\BaseConnection->query('SELECT `berita`.*, `user`.`nama_asli` as `nama_user`
FROM `berita`
WHERE `berita_subkategori` = :berita_subkategori:
 LIMIT 4', [...], false)
 2 APPPATH\Models\BeritaModel.php(74): CodeIgniter\Database\BaseBuilder->get()
 3 APPPATH\Controllers\Home.php(22): App\Models\BeritaModel->getAllBeritaOrganisasi(4)
 4 SYSTEMPATH\CodeIgniter.php(919): App\Controllers\Home->index()
 5 SYSTEMPATH\CodeIgniter.php(494): CodeIgniter\CodeIgniter->runController(Object(App\Controllers\Home))
 6 SYSTEMPATH\CodeIgniter.php(353): CodeIgniter\CodeIgniter->handleRequest(null, Object(Config\Cache), false)
 7 FCPATH\index.php(79): CodeIgniter\CodeIgniter->run()
 8 SYSTEMPATH\Commands\Server\rewrite.php(47): require_once('C:\\laragon\\www\\direktoratkemahasiswaanci\\public\\index.php')
CRITICAL - 2024-02-09 19:17:35 --> Undefined array key "jumlah_tayang"
in APPPATH\Views\home\v_home.php on line 168.
 1 APPPATH\Views\home\v_home.php(168): CodeIgniter\Debug\Exceptions->errorHandler(2, 'Undefined array key "jumlah_tayang"', 'C:\\laragon\\www\\direktoratkemahasiswaanci\\app\\Views\\home\\v_home.php', 168)
 2 SYSTEMPATH\View\View.php(226): include('C:\\laragon\\www\\direktoratkemahasiswaanci\\app\\Views\\home\\v_home.php')
 3 SYSTEMPATH\View\View.php(229): CodeIgniter\View\View->CodeIgniter\View\{closure}()
 4 SYSTEMPATH\Common.php(1188): CodeIgniter\View\View->render('home/v_home', [], true)
 5 APPPATH\Controllers\Home.php(33): view('home/v_home', [...])
 6 SYSTEMPATH\CodeIgniter.php(919): App\Controllers\Home->index()
 7 SYSTEMPATH\CodeIgniter.php(494): CodeIgniter\CodeIgniter->runController(Object(App\Controllers\Home))
 8 SYSTEMPATH\CodeIgniter.php(353): CodeIgniter\CodeIgniter->handleRequest(null, Object(Config\Cache), false)
 9 FCPATH\index.php(79): CodeIgniter\CodeIgniter->run()
10 SYSTEMPATH\Commands\Server\rewrite.php(47): require_once('C:\\laragon\\www\\direktoratkemahasiswaanci\\public\\index.php')
CRITICAL - 2024-02-09 19:19:41 --> Undefined array key "nama_asli"
in APPPATH\Views\home\v_home.php on line 277.
 1 APPPATH\Views\home\v_home.php(277): CodeIgniter\Debug\Exceptions->errorHandler(2, 'Undefined array key "nama_asli"', 'C:\\laragon\\www\\direktoratkemahasiswaanci\\app\\Views\\home\\v_home.php', 277)
 2 SYSTEMPATH\View\View.php(226): include('C:\\laragon\\www\\direktoratkemahasiswaanci\\app\\Views\\home\\v_home.php')
 3 SYSTEMPATH\View\View.php(229): CodeIgniter\View\View->CodeIgniter\View\{closure}()
 4 SYSTEMPATH\Common.php(1188): CodeIgniter\View\View->render('home/v_home', [], true)
 5 APPPATH\Controllers\Home.php(33): view('home/v_home', [...])
 6 SYSTEMPATH\CodeIgniter.php(919): App\Controllers\Home->index()
 7 SYSTEMPATH\CodeIgniter.php(494): CodeIgniter\CodeIgniter->runController(Object(App\Controllers\Home))
 8 SYSTEMPATH\CodeIgniter.php(353): CodeIgniter\CodeIgniter->handleRequest(null, Object(Config\Cache), false)
 9 FCPATH\index.php(79): CodeIgniter\CodeIgniter->run()
10 SYSTEMPATH\Commands\Server\rewrite.php(47): require_once('C:\\laragon\\www\\direktoratkemahasiswaanci\\public\\index.php')
INFO - 2024-02-09 19:24:11 --> Session: Class initialized using 'CodeIgniter\Session\Handlers\FileHandler' driver.
INFO - 2024-02-09 19:24:11 --> Session: Class initialized using 'CodeIgniter\Session\Handlers\FileHandler' driver.
INFO - 2024-02-09 21:34:21 --> Session: Class initialized using 'CodeIgniter\Session\Handlers\FileHandler' driver.
INFO - 2024-02-09 21:34:22 --> Session: Class initialized using 'CodeIgniter\Session\Handlers\FileHandler' driver.
CRITICAL - 2024-02-09 21:37:49 --> include(berita_sidebar): Failed to open stream: No such file or directory
in APPPATH\Views\home\v_semua_berita.php on line 75.
 1 APPPATH\Views\home\v_semua_berita.php(75): CodeIgniter\Debug\Exceptions->errorHandler(2, 'include(berita_sidebar): Failed to open stream: No such file or directory', 'C:\\laragon\\www\\direktoratkemahasiswaanci\\app\\Views\\home\\v_semua_berita.php', 75)
 2 APPPATH\Views\home\v_semua_berita.php(75): include()
 3 SYSTEMPATH\View\View.php(226): include('C:\\laragon\\www\\direktoratkemahasiswaanci\\app\\Views\\home\\v_semua_berita.php')
 4 SYSTEMPATH\View\View.php(229): CodeIgniter\View\View->CodeIgniter\View\{closure}()
 5 SYSTEMPATH\Common.php(1188): CodeIgniter\View\View->render('home/v_semua_berita', [], true)
 6 APPPATH\Controllers\UserBerita.php(23): view('home/v_semua_berita', [...])
 7 SYSTEMPATH\CodeIgniter.php(919): App\Controllers\UserBerita->berita_beasiswa()
 8 SYSTEMPATH\CodeIgniter.php(494): CodeIgniter\CodeIgniter->runController(Object(App\Controllers\UserBerita))
 9 SYSTEMPATH\CodeIgniter.php(353): CodeIgniter\CodeIgniter->handleRequest(null, Object(Config\Cache), false)
10 FCPATH\index.php(79): CodeIgniter\CodeIgniter->run()
11 SYSTEMPATH\Commands\Server\rewrite.php(47): require_once('C:\\laragon\\www\\direktoratkemahasiswaanci\\public\\index.php')
INFO - 2024-02-09 21:45:48 --> Session: Class initialized using 'CodeIgniter\Session\Handlers\FileHandler' driver.
INFO - 2024-02-09 21:45:48 --> Session: Class initialized using 'CodeIgniter\Session\Handlers\FileHandler' driver.
CRITICAL - 2024-02-09 21:54:54 --> Undefined array key "berita_slig"
in APPPATH\Views\home\v_semua_berita.php on line 39.
 1 APPPATH\Views\home\v_semua_berita.php(39): CodeIgniter\Debug\Exceptions->errorHandler(2, 'Undefined array key "berita_slig"', 'C:\\laragon\\www\\direktoratkemahasiswaanci\\app\\Views\\home\\v_semua_berita.php', 39)
 2 SYSTEMPATH\View\View.php(226): include('C:\\laragon\\www\\direktoratkemahasiswaanci\\app\\Views\\home\\v_semua_berita.php')
 3 SYSTEMPATH\View\View.php(229): CodeIgniter\View\View->CodeIgniter\View\{closure}()
 4 SYSTEMPATH\Common.php(1188): CodeIgniter\View\View->render('home/v_semua_berita', [], true)
 5 APPPATH\Controllers\UserBerita.php(43): view('home/v_semua_berita', [...])
 6 SYSTEMPATH\CodeIgniter.php(919): App\Controllers\UserBerita->berita_organisasi()
 7 SYSTEMPATH\CodeIgniter.php(494): CodeIgniter\CodeIgniter->runController(Object(App\Controllers\UserBerita))
 8 SYSTEMPATH\CodeIgniter.php(353): CodeIgniter\CodeIgniter->handleRequest(null, Object(Config\Cache), false)
 9 FCPATH\index.php(79): CodeIgniter\CodeIgniter->run()
10 SYSTEMPATH\Commands\Server\rewrite.php(47): require_once('C:\\laragon\\www\\direktoratkemahasiswaanci\\public\\index.php')
CRITICAL - 2024-02-09 22:20:30 --> Undefined array key "nama_user"
in APPPATH\Views\home\v_semua_berita.php on line 48.
 1 APPPATH\Views\home\v_semua_berita.php(48): CodeIgniter\Debug\Exceptions->errorHandler(2, 'Undefined array key "nama_user"', 'C:\\laragon\\www\\direktoratkemahasiswaanci\\app\\Views\\home\\v_semua_berita.php', 48)
 2 SYSTEMPATH\View\View.php(226): include('C:\\laragon\\www\\direktoratkemahasiswaanci\\app\\Views\\home\\v_semua_berita.php')
 3 SYSTEMPATH\View\View.php(229): CodeIgniter\View\View->CodeIgniter\View\{closure}()
 4 SYSTEMPATH\Common.php(1188): CodeIgniter\View\View->render('home/v_semua_berita', [], true)
 5 APPPATH\Controllers\UserBerita.php(25): view('home/v_semua_berita', [...])
 6 SYSTEMPATH\CodeIgniter.php(919): App\Controllers\UserBerita->berita_beasiswa()
 7 SYSTEMPATH\CodeIgniter.php(494): CodeIgniter\CodeIgniter->runController(Object(App\Controllers\UserBerita))
 8 SYSTEMPATH\CodeIgniter.php(353): CodeIgniter\CodeIgniter->handleRequest(null, Object(Config\Cache), false)
 9 FCPATH\index.php(79): CodeIgniter\CodeIgniter->run()
10 SYSTEMPATH\Commands\Server\rewrite.php(47): require_once('C:\\laragon\\www\\direktoratkemahasiswaanci\\public\\index.php')
CRITICAL - 2024-02-09 22:20:51 --> Undefined array key "nama_user"
in APPPATH\Views\home\v_semua_berita.php on line 48.
 1 APPPATH\Views\home\v_semua_berita.php(48): CodeIgniter\Debug\Exceptions->errorHandler(2, 'Undefined array key "nama_user"', 'C:\\laragon\\www\\direktoratkemahasiswaanci\\app\\Views\\home\\v_semua_berita.php', 48)
 2 SYSTEMPATH\View\View.php(226): include('C:\\laragon\\www\\direktoratkemahasiswaanci\\app\\Views\\home\\v_semua_berita.php')
 3 SYSTEMPATH\View\View.php(229): CodeIgniter\View\View->CodeIgniter\View\{closure}()
 4 SYSTEMPATH\Common.php(1188): CodeIgniter\View\View->render('home/v_semua_berita', [], true)
 5 APPPATH\Controllers\UserBerita.php(25): view('home/v_semua_berita', [...])
 6 SYSTEMPATH\CodeIgniter.php(919): App\Controllers\UserBerita->berita_beasiswa()
 7 SYSTEMPATH\CodeIgniter.php(494): CodeIgniter\CodeIgniter->runController(Object(App\Controllers\UserBerita))
 8 SYSTEMPATH\CodeIgniter.php(353): CodeIgniter\CodeIgniter->handleRequest(null, Object(Config\Cache), false)
 9 FCPATH\index.php(79): CodeIgniter\CodeIgniter->run()
10 SYSTEMPATH\Commands\Server\rewrite.php(47): require_once('C:\\laragon\\www\\direktoratkemahasiswaanci\\public\\index.php')
CRITICAL - 2024-02-09 22:20:55 --> Undefined array key "nama_user"
in APPPATH\Views\home\v_semua_berita.php on line 48.
 1 APPPATH\Views\home\v_semua_berita.php(48): CodeIgniter\Debug\Exceptions->errorHandler(2, 'Undefined array key "nama_user"', 'C:\\laragon\\www\\direktoratkemahasiswaanci\\app\\Views\\home\\v_semua_berita.php', 48)
 2 SYSTEMPATH\View\View.php(226): include('C:\\laragon\\www\\direktoratkemahasiswaanci\\app\\Views\\home\\v_semua_berita.php')
 3 SYSTEMPATH\View\View.php(229): CodeIgniter\View\View->CodeIgniter\View\{closure}()
 4 SYSTEMPATH\Common.php(1188): CodeIgniter\View\View->render('home/v_semua_berita', [], true)
 5 APPPATH\Controllers\UserBerita.php(25): view('home/v_semua_berita', [...])
 6 SYSTEMPATH\CodeIgniter.php(919): App\Controllers\UserBerita->berita_beasiswa()
 7 SYSTEMPATH\CodeIgniter.php(494): CodeIgniter\CodeIgniter->runController(Object(App\Controllers\UserBerita))
 8 SYSTEMPATH\CodeIgniter.php(353): CodeIgniter\CodeIgniter->handleRequest(null, Object(Config\Cache), false)
 9 FCPATH\index.php(79): CodeIgniter\CodeIgniter->run()
10 SYSTEMPATH\Commands\Server\rewrite.php(47): require_once('C:\\laragon\\www\\direktoratkemahasiswaanci\\public\\index.php')
CRITICAL - 2024-02-09 22:45:11 --> Undefined array key "berita_sampul"
in APPPATH\Views\home\v_semua_berita.php on line 31.
 1 APPPATH\Views\home\v_semua_berita.php(31): CodeIgniter\Debug\Exceptions->errorHandler(2, 'Undefined array key "berita_sampul"', 'C:\\laragon\\www\\direktoratkemahasiswaanci\\app\\Views\\home\\v_semua_berita.php', 31)
 2 SYSTEMPATH\View\View.php(226): include('C:\\laragon\\www\\direktoratkemahasiswaanci\\app\\Views\\home\\v_semua_berita.php')
 3 SYSTEMPATH\View\View.php(229): CodeIgniter\View\View->CodeIgniter\View\{closure}()
 4 SYSTEMPATH\Common.php(1188): CodeIgniter\View\View->render('home/v_semua_berita', [], true)
 5 APPPATH\Controllers\UserBerita.php(23): view('home/v_semua_berita', [...])
 6 SYSTEMPATH\CodeIgniter.php(919): App\Controllers\UserBerita->berita_beasiswa()
 7 SYSTEMPATH\CodeIgniter.php(494): CodeIgniter\CodeIgniter->runController(Object(App\Controllers\UserBerita))
 8 SYSTEMPATH\CodeIgniter.php(353): CodeIgniter\CodeIgniter->handleRequest(null, Object(Config\Cache), false)
 9 FCPATH\index.php(79): CodeIgniter\CodeIgniter->run()
10 SYSTEMPATH\Commands\Server\rewrite.php(47): require_once('C:\\laragon\\www\\direktoratkemahasiswaanci\\public\\index.php')
CRITICAL - 2024-02-09 22:47:26 --> Undefined array key "nama_user"
in APPPATH\Views\home\v_semua_berita.php on line 48.
 1 APPPATH\Views\home\v_semua_berita.php(48): CodeIgniter\Debug\Exceptions->errorHandler(2, 'Undefined array key "nama_user"', 'C:\\laragon\\www\\direktoratkemahasiswaanci\\app\\Views\\home\\v_semua_berita.php', 48)
 2 SYSTEMPATH\View\View.php(226): include('C:\\laragon\\www\\direktoratkemahasiswaanci\\app\\Views\\home\\v_semua_berita.php')
 3 SYSTEMPATH\View\View.php(229): CodeIgniter\View\View->CodeIgniter\View\{closure}()
 4 SYSTEMPATH\Common.php(1188): CodeIgniter\View\View->render('home/v_semua_berita', [], true)
 5 APPPATH\Controllers\UserBerita.php(23): view('home/v_semua_berita', [...])
 6 SYSTEMPATH\CodeIgniter.php(919): App\Controllers\UserBerita->berita_beasiswa()
 7 SYSTEMPATH\CodeIgniter.php(494): CodeIgniter\CodeIgniter->runController(Object(App\Controllers\UserBerita))
 8 SYSTEMPATH\CodeIgniter.php(353): CodeIgniter\CodeIgniter->handleRequest(null, Object(Config\Cache), false)
 9 FCPATH\index.php(79): CodeIgniter\CodeIgniter->run()
10 SYSTEMPATH\Commands\Server\rewrite.php(47): require_once('C:\\laragon\\www\\direktoratkemahasiswaanci\\public\\index.php')
CRITICAL - 2024-02-09 22:57:56 --> Undefined variable $pager
in APPPATH\Views\home\v_semua_berita.php on line 62.
 1 APPPATH\Views\home\v_semua_berita.php(62): CodeIgniter\Debug\Exceptions->errorHandler(2, 'Undefined variable $pager', 'C:\\laragon\\www\\direktoratkemahasiswaanci\\app\\Views\\home\\v_semua_berita.php', 62)
 2 SYSTEMPATH\View\View.php(226): include('C:\\laragon\\www\\direktoratkemahasiswaanci\\app\\Views\\home\\v_semua_berita.php')
 3 SYSTEMPATH\View\View.php(229): CodeIgniter\View\View->CodeIgniter\View\{closure}()
 4 SYSTEMPATH\Common.php(1188): CodeIgniter\View\View->render('home/v_semua_berita', [], true)
 5 APPPATH\Controllers\UserBerita.php(33): view('home/v_semua_berita', [...])
 6 SYSTEMPATH\CodeIgniter.php(919): App\Controllers\UserBerita->berita_prestasi()
 7 SYSTEMPATH\CodeIgniter.php(494): CodeIgniter\CodeIgniter->runController(Object(App\Controllers\UserBerita))
 8 SYSTEMPATH\CodeIgniter.php(353): CodeIgniter\CodeIgniter->handleRequest(null, Object(Config\Cache), false)
 9 FCPATH\index.php(79): CodeIgniter\CodeIgniter->run()
10 SYSTEMPATH\Commands\Server\rewrite.php(47): require_once('C:\\laragon\\www\\direktoratkemahasiswaanci\\public\\index.php')
CRITICAL - 2024-02-09 22:58:28 --> Undefined variable $pager
in APPPATH\Views\home\v_semua_berita.php on line 62.
 1 APPPATH\Views\home\v_semua_berita.php(62): CodeIgniter\Debug\Exceptions->errorHandler(2, 'Undefined variable $pager', 'C:\\laragon\\www\\direktoratkemahasiswaanci\\app\\Views\\home\\v_semua_berita.php', 62)
 2 SYSTEMPATH\View\View.php(226): include('C:\\laragon\\www\\direktoratkemahasiswaanci\\app\\Views\\home\\v_semua_berita.php')
 3 SYSTEMPATH\View\View.php(229): CodeIgniter\View\View->CodeIgniter\View\{closure}()
 4 SYSTEMPATH\Common.php(1188): CodeIgniter\View\View->render('home/v_semua_berita', [], true)
 5 APPPATH\Controllers\UserBerita.php(34): view('home/v_semua_berita', [...])
 6 SYSTEMPATH\CodeIgniter.php(919): App\Controllers\UserBerita->berita_prestasi()
 7 SYSTEMPATH\CodeIgniter.php(494): CodeIgniter\CodeIgniter->runController(Object(App\Controllers\UserBerita))
 8 SYSTEMPATH\CodeIgniter.php(353): CodeIgniter\CodeIgniter->handleRequest(null, Object(Config\Cache), false)
 9 FCPATH\index.php(79): CodeIgniter\CodeIgniter->run()
10 SYSTEMPATH\Commands\Server\rewrite.php(47): require_once('C:\\laragon\\www\\direktoratkemahasiswaanci\\public\\index.php')
CRITICAL - 2024-02-09 22:58:30 --> Undefined variable $pager
in APPPATH\Views\home\v_semua_berita.php on line 62.
 1 APPPATH\Views\home\v_semua_berita.php(62): CodeIgniter\Debug\Exceptions->errorHandler(2, 'Undefined variable $pager', 'C:\\laragon\\www\\direktoratkemahasiswaanci\\app\\Views\\home\\v_semua_berita.php', 62)
 2 SYSTEMPATH\View\View.php(226): include('C:\\laragon\\www\\direktoratkemahasiswaanci\\app\\Views\\home\\v_semua_berita.php')
 3 SYSTEMPATH\View\View.php(229): CodeIgniter\View\View->CodeIgniter\View\{closure}()
 4 SYSTEMPATH\Common.php(1188): CodeIgniter\View\View->render('home/v_semua_berita', [], true)
 5 APPPATH\Controllers\UserBerita.php(34): view('home/v_semua_berita', [...])
 6 SYSTEMPATH\CodeIgniter.php(919): App\Controllers\UserBerita->berita_prestasi()
 7 SYSTEMPATH\CodeIgniter.php(494): CodeIgniter\CodeIgniter->runController(Object(App\Controllers\UserBerita))
 8 SYSTEMPATH\CodeIgniter.php(353): CodeIgniter\CodeIgniter->handleRequest(null, Object(Config\Cache), false)
 9 FCPATH\index.php(79): CodeIgniter\CodeIgniter->run()
10 SYSTEMPATH\Commands\Server\rewrite.php(47): require_once('C:\\laragon\\www\\direktoratkemahasiswaanci\\public\\index.php')
CRITICAL - 2024-02-09 22:58:35 --> Undefined variable $pager
in APPPATH\Views\home\v_semua_berita.php on line 62.
 1 APPPATH\Views\home\v_semua_berita.php(62): CodeIgniter\Debug\Exceptions->errorHandler(2, 'Undefined variable $pager', 'C:\\laragon\\www\\direktoratkemahasiswaanci\\app\\Views\\home\\v_semua_berita.php', 62)
 2 SYSTEMPATH\View\View.php(226): include('C:\\laragon\\www\\direktoratkemahasiswaanci\\app\\Views\\home\\v_semua_berita.php')
 3 SYSTEMPATH\View\View.php(229): CodeIgniter\View\View->CodeIgniter\View\{closure}()
 4 SYSTEMPATH\Common.php(1188): CodeIgniter\View\View->render('home/v_semua_berita', [], true)
 5 APPPATH\Controllers\UserBerita.php(34): view('home/v_semua_berita', [...])
 6 SYSTEMPATH\CodeIgniter.php(919): App\Controllers\UserBerita->berita_prestasi()
 7 SYSTEMPATH\CodeIgniter.php(494): CodeIgniter\CodeIgniter->runController(Object(App\Controllers\UserBerita))
 8 SYSTEMPATH\CodeIgniter.php(353): CodeIgniter\CodeIgniter->handleRequest(null, Object(Config\Cache), false)
 9 FCPATH\index.php(79): CodeIgniter\CodeIgniter->run()
10 SYSTEMPATH\Commands\Server\rewrite.php(47): require_once('C:\\laragon\\www\\direktoratkemahasiswaanci\\public\\index.php')
CRITICAL - 2024-02-09 22:58:36 --> Undefined variable $pager
in APPPATH\Views\home\v_semua_berita.php on line 62.
 1 APPPATH\Views\home\v_semua_berita.php(62): CodeIgniter\Debug\Exceptions->errorHandler(2, 'Undefined variable $pager', 'C:\\laragon\\www\\direktoratkemahasiswaanci\\app\\Views\\home\\v_semua_berita.php', 62)
 2 SYSTEMPATH\View\View.php(226): include('C:\\laragon\\www\\direktoratkemahasiswaanci\\app\\Views\\home\\v_semua_berita.php')
 3 SYSTEMPATH\View\View.php(229): CodeIgniter\View\View->CodeIgniter\View\{closure}()
 4 SYSTEMPATH\Common.php(1188): CodeIgniter\View\View->render('home/v_semua_berita', [], true)
 5 APPPATH\Controllers\UserBerita.php(34): view('home/v_semua_berita', [...])
 6 SYSTEMPATH\CodeIgniter.php(919): App\Controllers\UserBerita->berita_prestasi()
 7 SYSTEMPATH\CodeIgniter.php(494): CodeIgniter\CodeIgniter->runController(Object(App\Controllers\UserBerita))
 8 SYSTEMPATH\CodeIgniter.php(353): CodeIgniter\CodeIgniter->handleRequest(null, Object(Config\Cache), false)
 9 FCPATH\index.php(79): CodeIgniter\CodeIgniter->run()
10 SYSTEMPATH\Commands\Server\rewrite.php(47): require_once('C:\\laragon\\www\\direktoratkemahasiswaanci\\public\\index.php')
CRITICAL - 2024-02-09 22:58:38 --> Undefined variable $pager
in APPPATH\Views\home\v_semua_berita.php on line 62.
 1 APPPATH\Views\home\v_semua_berita.php(62): CodeIgniter\Debug\Exceptions->errorHandler(2, 'Undefined variable $pager', 'C:\\laragon\\www\\direktoratkemahasiswaanci\\app\\Views\\home\\v_semua_berita.php', 62)
 2 SYSTEMPATH\View\View.php(226): include('C:\\laragon\\www\\direktoratkemahasiswaanci\\app\\Views\\home\\v_semua_berita.php')
 3 SYSTEMPATH\View\View.php(229): CodeIgniter\View\View->CodeIgniter\View\{closure}()
 4 SYSTEMPATH\Common.php(1188): CodeIgniter\View\View->render('home/v_semua_berita', [], true)
 5 APPPATH\Controllers\UserBerita.php(34): view('home/v_semua_berita', [...])
 6 SYSTEMPATH\CodeIgniter.php(919): App\Controllers\UserBerita->berita_prestasi()
 7 SYSTEMPATH\CodeIgniter.php(494): CodeIgniter\CodeIgniter->runController(Object(App\Controllers\UserBerita))
 8 SYSTEMPATH\CodeIgniter.php(353): CodeIgniter\CodeIgniter->handleRequest(null, Object(Config\Cache), false)
 9 FCPATH\index.php(79): CodeIgniter\CodeIgniter->run()
10 SYSTEMPATH\Commands\Server\rewrite.php(47): require_once('C:\\laragon\\www\\direktoratkemahasiswaanci\\public\\index.php')
CRITICAL - 2024-02-09 22:58:52 --> syntax error, unexpected variable "$data"
in APPPATH\Controllers\UserBerita.php on line 20.
 1 SYSTEMPATH\Autoloader\Autoloader.php(285): CodeIgniter\Autoloader\Autoloader->includeFile('C:\\laragon\\www\\direktoratkemahasiswaanci\\app\\Controllers\\UserBerita.php')
 2 SYSTEMPATH\Autoloader\Autoloader.php(263): CodeIgniter\Autoloader\Autoloader->loadInNamespace('App\\Controllers\\UserBerita')
 3 [internal function]: CodeIgniter\Autoloader\Autoloader->loadClass('App\\Controllers\\UserBerita')
 4 SYSTEMPATH\CodeIgniter.php(877): class_exists('\\App\\Controllers\\UserBerita', true)
 5 SYSTEMPATH\CodeIgniter.php(481): CodeIgniter\CodeIgniter->startController()
 6 SYSTEMPATH\CodeIgniter.php(353): CodeIgniter\CodeIgniter->handleRequest(null, Object(Config\Cache), false)
 7 FCPATH\index.php(79): CodeIgniter\CodeIgniter->run()
 8 SYSTEMPATH\Commands\Server\rewrite.php(47): require_once('C:\\laragon\\www\\direktoratkemahasiswaanci\\public\\index.php')
CRITICAL - 2024-02-09 22:58:57 --> Undefined variable $pager
in APPPATH\Views\home\v_semua_berita.php on line 62.
 1 APPPATH\Views\home\v_semua_berita.php(62): CodeIgniter\Debug\Exceptions->errorHandler(2, 'Undefined variable $pager', 'C:\\laragon\\www\\direktoratkemahasiswaanci\\app\\Views\\home\\v_semua_berita.php', 62)
 2 SYSTEMPATH\View\View.php(226): include('C:\\laragon\\www\\direktoratkemahasiswaanci\\app\\Views\\home\\v_semua_berita.php')
 3 SYSTEMPATH\View\View.php(229): CodeIgniter\View\View->CodeIgniter\View\{closure}()
 4 SYSTEMPATH\Common.php(1188): CodeIgniter\View\View->render('home/v_semua_berita', [], true)
 5 APPPATH\Controllers\UserBerita.php(35): view('home/v_semua_berita', [...])
 6 SYSTEMPATH\CodeIgniter.php(919): App\Controllers\UserBerita->berita_prestasi()
 7 SYSTEMPATH\CodeIgniter.php(494): CodeIgniter\CodeIgniter->runController(Object(App\Controllers\UserBerita))
 8 SYSTEMPATH\CodeIgniter.php(353): CodeIgniter\CodeIgniter->handleRequest(null, Object(Config\Cache), false)
 9 FCPATH\index.php(79): CodeIgniter\CodeIgniter->run()
10 SYSTEMPATH\Commands\Server\rewrite.php(47): require_once('C:\\laragon\\www\\direktoratkemahasiswaanci\\public\\index.php')
CRITICAL - 2024-02-09 22:59:04 --> Undefined variable $pager
in APPPATH\Views\home\v_semua_berita.php on line 62.
 1 APPPATH\Views\home\v_semua_berita.php(62): CodeIgniter\Debug\Exceptions->errorHandler(2, 'Undefined variable $pager', 'C:\\laragon\\www\\direktoratkemahasiswaanci\\app\\Views\\home\\v_semua_berita.php', 62)
 2 SYSTEMPATH\View\View.php(226): include('C:\\laragon\\www\\direktoratkemahasiswaanci\\app\\Views\\home\\v_semua_berita.php')
 3 SYSTEMPATH\View\View.php(229): CodeIgniter\View\View->CodeIgniter\View\{closure}()
 4 SYSTEMPATH\Common.php(1188): CodeIgniter\View\View->render('home/v_semua_berita', [], true)
 5 APPPATH\Controllers\UserBerita.php(34): view('home/v_semua_berita', [...])
 6 SYSTEMPATH\CodeIgniter.php(919): App\Controllers\UserBerita->berita_prestasi()
 7 SYSTEMPATH\CodeIgniter.php(494): CodeIgniter\CodeIgniter->runController(Object(App\Controllers\UserBerita))
 8 SYSTEMPATH\CodeIgniter.php(353): CodeIgniter\CodeIgniter->handleRequest(null, Object(Config\Cache), false)
 9 FCPATH\index.php(79): CodeIgniter\CodeIgniter->run()
10 SYSTEMPATH\Commands\Server\rewrite.php(47): require_once('C:\\laragon\\www\\direktoratkemahasiswaanci\\public\\index.php')
CRITICAL - 2024-02-09 22:59:05 --> Undefined variable $pager
in APPPATH\Views\home\v_semua_berita.php on line 62.
 1 APPPATH\Views\home\v_semua_berita.php(62): CodeIgniter\Debug\Exceptions->errorHandler(2, 'Undefined variable $pager', 'C:\\laragon\\www\\direktoratkemahasiswaanci\\app\\Views\\home\\v_semua_berita.php', 62)
 2 SYSTEMPATH\View\View.php(226): include('C:\\laragon\\www\\direktoratkemahasiswaanci\\app\\Views\\home\\v_semua_berita.php')
 3 SYSTEMPATH\View\View.php(229): CodeIgniter\View\View->CodeIgniter\View\{closure}()
 4 SYSTEMPATH\Common.php(1188): CodeIgniter\View\View->render('home/v_semua_berita', [], true)
 5 APPPATH\Controllers\UserBerita.php(34): view('home/v_semua_berita', [...])
 6 SYSTEMPATH\CodeIgniter.php(919): App\Controllers\UserBerita->berita_prestasi()
 7 SYSTEMPATH\CodeIgniter.php(494): CodeIgniter\CodeIgniter->runController(Object(App\Controllers\UserBerita))
 8 SYSTEMPATH\CodeIgniter.php(353): CodeIgniter\CodeIgniter->handleRequest(null, Object(Config\Cache), false)
 9 FCPATH\index.php(79): CodeIgniter\CodeIgniter->run()
10 SYSTEMPATH\Commands\Server\rewrite.php(47): require_once('C:\\laragon\\www\\direktoratkemahasiswaanci\\public\\index.php')
CRITICAL - 2024-02-09 22:59:16 --> Undefined variable $pager
in APPPATH\Views\home\v_semua_berita.php on line 62.
 1 APPPATH\Views\home\v_semua_berita.php(62): CodeIgniter\Debug\Exceptions->errorHandler(2, 'Undefined variable $pager', 'C:\\laragon\\www\\direktoratkemahasiswaanci\\app\\Views\\home\\v_semua_berita.php', 62)
 2 SYSTEMPATH\View\View.php(226): include('C:\\laragon\\www\\direktoratkemahasiswaanci\\app\\Views\\home\\v_semua_berita.php')
 3 SYSTEMPATH\View\View.php(229): CodeIgniter\View\View->CodeIgniter\View\{closure}()
 4 SYSTEMPATH\Common.php(1188): CodeIgniter\View\View->render('home/v_semua_berita', [], true)
 5 APPPATH\Controllers\UserBerita.php(34): view('home/v_semua_berita', [...])
 6 SYSTEMPATH\CodeIgniter.php(919): App\Controllers\UserBerita->berita_prestasi()
 7 SYSTEMPATH\CodeIgniter.php(494): CodeIgniter\CodeIgniter->runController(Object(App\Controllers\UserBerita))
 8 SYSTEMPATH\CodeIgniter.php(353): CodeIgniter\CodeIgniter->handleRequest(null, Object(Config\Cache), false)
 9 FCPATH\index.php(79): CodeIgniter\CodeIgniter->run()
10 SYSTEMPATH\Commands\Server\rewrite.php(47): require_once('C:\\laragon\\www\\direktoratkemahasiswaanci\\public\\index.php')
CRITICAL - 2024-02-09 23:12:40 --> Undefined variable $pager
in APPPATH\Views\home\v_semua_berita.php on line 64.
 1 APPPATH\Views\home\v_semua_berita.php(64): CodeIgniter\Debug\Exceptions->errorHandler(2, 'Undefined variable $pager', 'C:\\laragon\\www\\direktoratkemahasiswaanci\\app\\Views\\home\\v_semua_berita.php', 64)
 2 SYSTEMPATH\View\View.php(226): include('C:\\laragon\\www\\direktoratkemahasiswaanci\\app\\Views\\home\\v_semua_berita.php')
 3 SYSTEMPATH\View\View.php(229): CodeIgniter\View\View->CodeIgniter\View\{closure}()
 4 SYSTEMPATH\Common.php(1188): CodeIgniter\View\View->render('home/v_semua_berita', [], true)
 5 APPPATH\Controllers\UserBerita.php(34): view('home/v_semua_berita', [...])
 6 SYSTEMPATH\CodeIgniter.php(919): App\Controllers\UserBerita->berita_prestasi()
 7 SYSTEMPATH\CodeIgniter.php(494): CodeIgniter\CodeIgniter->runController(Object(App\Controllers\UserBerita))
 8 SYSTEMPATH\CodeIgniter.php(353): CodeIgniter\CodeIgniter->handleRequest(null, Object(Config\Cache), false)
 9 FCPATH\index.php(79): CodeIgniter\CodeIgniter->run()
10 SYSTEMPATH\Commands\Server\rewrite.php(47): require_once('C:\\laragon\\www\\direktoratkemahasiswaanci\\public\\index.php')
CRITICAL - 2024-02-09 23:13:26 --> Undefined variable $semuaBerita
in APPPATH\Controllers\UserBerita.php on line 34.
 1 APPPATH\Controllers\UserBerita.php(34): CodeIgniter\Debug\Exceptions->errorHandler(2, 'Undefined variable $semuaBerita', 'C:\\laragon\\www\\direktoratkemahasiswaanci\\app\\Controllers\\UserBerita.php', 34)
 2 SYSTEMPATH\CodeIgniter.php(919): App\Controllers\UserBerita->berita_prestasi()
 3 SYSTEMPATH\CodeIgniter.php(494): CodeIgniter\CodeIgniter->runController(Object(App\Controllers\UserBerita))
 4 SYSTEMPATH\CodeIgniter.php(353): CodeIgniter\CodeIgniter->handleRequest(null, Object(Config\Cache), false)
 5 FCPATH\index.php(79): CodeIgniter\CodeIgniter->run()
 6 SYSTEMPATH\Commands\Server\rewrite.php(47): require_once('C:\\laragon\\www\\direktoratkemahasiswaanci\\public\\index.php')
CRITICAL - 2024-02-09 23:13:50 --> Undefined variable $pager
in APPPATH\Views\home\v_semua_berita.php on line 64.
 1 APPPATH\Views\home\v_semua_berita.php(64): CodeIgniter\Debug\Exceptions->errorHandler(2, 'Undefined variable $pager', 'C:\\laragon\\www\\direktoratkemahasiswaanci\\app\\Views\\home\\v_semua_berita.php', 64)
 2 SYSTEMPATH\View\View.php(226): include('C:\\laragon\\www\\direktoratkemahasiswaanci\\app\\Views\\home\\v_semua_berita.php')
 3 SYSTEMPATH\View\View.php(229): CodeIgniter\View\View->CodeIgniter\View\{closure}()
 4 SYSTEMPATH\Common.php(1188): CodeIgniter\View\View->render('home/v_semua_berita', [], true)
 5 APPPATH\Controllers\UserBerita.php(46): view('home/v_semua_berita', [...])
 6 SYSTEMPATH\CodeIgniter.php(919): App\Controllers\UserBerita->berita_organisasi()
 7 SYSTEMPATH\CodeIgniter.php(494): CodeIgniter\CodeIgniter->runController(Object(App\Controllers\UserBerita))
 8 SYSTEMPATH\CodeIgniter.php(353): CodeIgniter\CodeIgniter->handleRequest(null, Object(Config\Cache), false)
 9 FCPATH\index.php(79): CodeIgniter\CodeIgniter->run()
10 SYSTEMPATH\Commands\Server\rewrite.php(47): require_once('C:\\laragon\\www\\direktoratkemahasiswaanci\\public\\index.php')
CRITICAL - 2024-02-09 23:14:19 --> Undefined variable $prestasiBerita
in APPPATH\Controllers\UserBerita.php on line 45.
 1 APPPATH\Controllers\UserBerita.php(45): CodeIgniter\Debug\Exceptions->errorHandler(2, 'Undefined variable $prestasiBerita', 'C:\\laragon\\www\\direktoratkemahasiswaanci\\app\\Controllers\\UserBerita.php', 45)
 2 SYSTEMPATH\CodeIgniter.php(919): App\Controllers\UserBerita->berita_organisasi()
 3 SYSTEMPATH\CodeIgniter.php(494): CodeIgniter\CodeIgniter->runController(Object(App\Controllers\UserBerita))
 4 SYSTEMPATH\CodeIgniter.php(353): CodeIgniter\CodeIgniter->handleRequest(null, Object(Config\Cache), false)
 5 FCPATH\index.php(79): CodeIgniter\CodeIgniter->run()
 6 SYSTEMPATH\Commands\Server\rewrite.php(47): require_once('C:\\laragon\\www\\direktoratkemahasiswaanci\\public\\index.php')
CRITICAL - 2024-02-09 23:15:23 --> Call to undefined function baseurl()
in APPPATH\Views\home\berita_sidebar.php on line 35.
 1 APPPATH\Views\home\v_semua_berita.php(70): include()
 2 SYSTEMPATH\View\View.php(226): include('C:\\laragon\\www\\direktoratkemahasiswaanci\\app\\Views\\home\\v_semua_berita.php')
 3 SYSTEMPATH\View\View.php(229): CodeIgniter\View\View->CodeIgniter\View\{closure}()
 4 SYSTEMPATH\Common.php(1188): CodeIgniter\View\View->render('home/v_semua_berita', [], true)
 5 APPPATH\Controllers\UserBerita.php(47): view('home/v_semua_berita', [...])
 6 SYSTEMPATH\CodeIgniter.php(919): App\Controllers\UserBerita->berita_organisasi()
 7 SYSTEMPATH\CodeIgniter.php(494): CodeIgniter\CodeIgniter->runController(Object(App\Controllers\UserBerita))
 8 SYSTEMPATH\CodeIgniter.php(353): CodeIgniter\CodeIgniter->handleRequest(null, Object(Config\Cache), false)
 9 FCPATH\index.php(79): CodeIgniter\CodeIgniter->run()
10 SYSTEMPATH\Commands\Server\rewrite.php(47): require_once('C:\\laragon\\www\\direktoratkemahasiswaanci\\public\\index.php')
CRITICAL - 2024-02-09 23:31:59 --> Undefined variable $beritaPenting
in APPPATH\Views\home\berita_sidebar.php on line 47.
 1 APPPATH\Views\home\berita_sidebar.php(47): CodeIgniter\Debug\Exceptions->errorHandler(2, 'Undefined variable $beritaPenting', 'C:\\laragon\\www\\direktoratkemahasiswaanci\\app\\Views\\home\\berita_sidebar.php', 47)
 2 APPPATH\Views\home\v_semua_berita.php(70): include('C:\\laragon\\www\\direktoratkemahasiswaanci\\app\\Views\\home\\berita_sidebar.php')
 3 SYSTEMPATH\View\View.php(226): include('C:\\laragon\\www\\direktoratkemahasiswaanci\\app\\Views\\home\\v_semua_berita.php')
 4 SYSTEMPATH\View\View.php(229): CodeIgniter\View\View->CodeIgniter\View\{closure}()
 5 SYSTEMPATH\Common.php(1188): CodeIgniter\View\View->render('home/v_semua_berita', [], true)
 6 APPPATH\Controllers\UserBerita.php(38): view('home/v_semua_berita', [...])
 7 SYSTEMPATH\CodeIgniter.php(919): App\Controllers\UserBerita->berita_prestasi()
 8 SYSTEMPATH\CodeIgniter.php(494): CodeIgniter\CodeIgniter->runController(Object(App\Controllers\UserBerita))
 9 SYSTEMPATH\CodeIgniter.php(353): CodeIgniter\CodeIgniter->handleRequest(null, Object(Config\Cache), false)
10 FCPATH\index.php(79): CodeIgniter\CodeIgniter->run()
11 SYSTEMPATH\Commands\Server\rewrite.php(47): require_once('C:\\laragon\\www\\direktoratkemahasiswaanci\\public\\index.php')
CRITICAL - 2024-02-09 23:34:10 --> Undefined variable $beritaPenting
in APPPATH\Views\home\berita_sidebar.php on line 47.
 1 APPPATH\Views\home\berita_sidebar.php(47): CodeIgniter\Debug\Exceptions->errorHandler(2, 'Undefined variable $beritaPenting', 'C:\\laragon\\www\\direktoratkemahasiswaanci\\app\\Views\\home\\berita_sidebar.php', 47)
 2 APPPATH\Views\home\v_detail_berita.php(166): include('C:\\laragon\\www\\direktoratkemahasiswaanci\\app\\Views\\home\\berita_sidebar.php')
 3 SYSTEMPATH\View\View.php(226): include('C:\\laragon\\www\\direktoratkemahasiswaanci\\app\\Views\\home\\v_detail_berita.php')
 4 SYSTEMPATH\View\View.php(229): CodeIgniter\View\View->CodeIgniter\View\{closure}()
 5 SYSTEMPATH\Common.php(1188): CodeIgniter\View\View->render('home/v_detail_berita', [], true)
 6 APPPATH\Controllers\UserBerita.php(69): view('home/v_detail_berita', [...])
 7 SYSTEMPATH\CodeIgniter.php(919): App\Controllers\UserBerita->detail('pembukaan-pendaftaran-beasiswa-van-deventer-maas-indonesia-tahun-2024')
 8 SYSTEMPATH\CodeIgniter.php(494): CodeIgniter\CodeIgniter->runController(Object(App\Controllers\UserBerita))
 9 SYSTEMPATH\CodeIgniter.php(353): CodeIgniter\CodeIgniter->handleRequest(null, Object(Config\Cache), false)
10 FCPATH\index.php(79): CodeIgniter\CodeIgniter->run()
11 SYSTEMPATH\Commands\Server\rewrite.php(47): require_once('C:\\laragon\\www\\direktoratkemahasiswaanci\\public\\index.php')
